Build started 1/12/2012 9:00:36 PM.
     1>Project "C:\cygwin\home\nsinha\original_ trunk\src\video_engine\video_engine_core.vcxproj" on node 2 (rebuild target(s)).
     1>InitializeBuildStatus:
         Creating "C:\cygwin\home\nsinha\original_ trunk\Debug\obj\video_engine_core\video_engine_core.unsuccessfulbuild" because "AlwaysCreate" was specified.
       ClCompile:
         C:\Program Files\Microsoft Visual Studio 10.0\VC\bin\CL.exe /c /I.. /I..\.. /I..\..\third_party\wtl\include /Imain\interface /I..\common_video\interface /I..\modules\video_capture\main\interface /I..\modules\video_render\main\interface /I..\common_video\jpeg\main\interface /I..\modules\media_file\interface /I..\modules\interface /I..\modules\rtp_rtcp\interface /I..\modules\udp_transport\interface /I..\modules\utility\interface /I..\modules\audio_coding\main\interface /I..\modules\video_coding\main\interface /I..\modules\video_coding\codecs\interface /I..\modules\video_processing\main\interface /I..\voice_engine\main\interface /I..\system_wrappers\interface /I..\..\third_party\platformsdk_win7\files\Include /I..\..\third_party\directxsdk\files\Include /I"C:\Program Files\Microsoft Visual Studio 10.0\\VC\atlmfc\include" /Zi /nologo /W4 /WX- /Od /Oy- /D _DEBUG /D _WIN32_WINNT=0x0601 /D WINVER=0x0601 /D WIN32 /D _WINDOWS /D NOMINMAX /D PSAPI_VERSION=1 /D _CRT_RAND_S /D CERT_CHAIN_PARA_HAS_EXTRA_FIELDS /D WIN32_LEAN_AND_MEAN /D _ATL_NO_OPENGL /D _HAS_EXCEPTIONS=0 /D _SECURE_ATL /D CHROMIUM_BUILD /D TOOLKIT_VIEWS=1 /D ENABLE_REMOTING=1 /D ENABLE_P2P_APIS=1 /D ENABLE_CONFIGURATION_POLICY /D ENABLE_INPUT_SPEECH /D ENABLE_GPU=1 /D ENABLE_EGLIMAGE=1 /D USE_SKIA=1 /D __STD_C /D _CRT_SECURE_NO_DEPRECATE /D _SCL_SECURE_NO_DEPRECATE /D ENABLE_REGISTER_PROTOCOL_HANDLER=1 /D WEBRTC_TARGET_PC /D __STDC_FORMAT_MACROS /D DYNAMIC_ANNOTATIONS_ENABLED=1 /D WTF_USE_DYNAMIC_ANNOTATIONS=1 /D _UNICODE /D UNICODE /Gm- /RTC1 /MTd /GS /Gy /fp:precise /Zc:wchar_t /Zc:forScope /GR- /Fo"C:\cygwin\home\nsinha\original_ trunk\Debug\obj\video_engine_core\\" /Fd"C:\cygwin\home\nsinha\original_ trunk\Debug\obj\video_engine_core\vc100.pdb" /Gd /TP /wd4351 /wd4396 /wd4503 /wd4819 /wd4100 /wd4121 /wd4125 /wd4127 /wd4130 /wd4131 /wd4189 /wd4201 /wd4238 /wd4244 /wd4245 /wd4310 /wd4355 /wd4428 /wd4481 /wd4505 /wd4510 /wd4512 /wd4530 /wd4610 /wd4611 /wd4701 /wd4702 /wd4706 /wd4389 /analyze- /errorReport:prompt vie_renderer.cc vie_codec_impl.cc vie_rtp_rtcp_impl.cc vie_file_player.cc vie_network_impl.cc vie_channel_manager.cc vie_performance_monitor.cc vie_render_manager.cc vie_shared_data.cc vie_encryption_impl.cc vie_image_process_impl.cc vie_file_image.cc vie_base_impl.cc vie_ref_count.cc vie_receiver.cc vie_render_impl.cc vie_frame_provider_base.cc vie_impl.cc vie_channel.cc vie_capture_impl.cc vie_encoder.cc vie_capturer.cc vie_file_recorder.cc vie_file_impl.cc vie_sender.cc vie_input_manager.cc vie_manager_base.cc vie_sync_module.cc vie_external_codec_impl.cc /MP /we4389 
         vie_renderer.cc
         vie_codec_impl.cc
         vie_rtp_rtcp_impl.cc
         vie_file_player.cc
         vie_network_impl.cc
         vie_channel_manager.cc
         vie_performance_monitor.cc
         vie_render_manager.cc
         vie_shared_data.cc
         vie_encryption_impl.cc
         vie_image_process_impl.cc
         vie_file_image.cc
         vie_base_impl.cc
         vie_ref_count.cc
         vie_receiver.cc
         vie_render_impl.cc
         vie_frame_provider_base.cc
         vie_impl.cc
         vie_channel.cc
         vie_capture_impl.cc
         vie_encoder.cc
         vie_capturer.cc
         vie_file_recorder.cc
         vie_file_impl.cc
         vie_sender.cc
         vie_input_manager.cc
         vie_manager_base.cc
         vie_sync_module.cc
         vie_external_codec_impl.cc
     1>C:\Program Files\MSBuild\Microsoft.Cpp\v4.0\Microsoft.CppBuild.targets(1151,5): warning MSB8012: TargetPath(C:\cygwin\home\nsinha\original_ trunk\src\video_engine\../..\build\Debug\video_engine_core.lib) does not match the Library's OutputFile property value (C:\cygwin\home\nsinha\original_ trunk\build\Debug\lib\video_engine_core.lib). This may cause your project to build incorrectly. To correct this, please make sure that $(OutDir), $(TargetName) and $(TargetExt) property values match the value specified in %(Lib.OutputFile).
       Lib:
         C:\Program Files\Microsoft Visual Studio 10.0\VC\bin\Lib.exe /OUT:"../..\build\Debug\lib\video_engine_core.lib" /LIBPATH:../../third_party/platformsdk_win7/files/Lib /LIBPATH:../../third_party/directxsdk/files/Lib/x86 /NOLOGO "C:\cygwin\home\nsinha\original_ trunk\Debug\obj\video_engine_core\vie_renderer.obj"
         "C:\cygwin\home\nsinha\original_ trunk\Debug\obj\video_engine_core\vie_codec_impl.obj"
         "C:\cygwin\home\nsinha\original_ trunk\Debug\obj\video_engine_core\vie_rtp_rtcp_impl.obj"
         "C:\cygwin\home\nsinha\original_ trunk\Debug\obj\video_engine_core\vie_file_player.obj"
         "C:\cygwin\home\nsinha\original_ trunk\Debug\obj\video_engine_core\vie_network_impl.obj"
         "C:\cygwin\home\nsinha\original_ trunk\Debug\obj\video_engine_core\vie_channel_manager.obj"
         "C:\cygwin\home\nsinha\original_ trunk\Debug\obj\video_engine_core\vie_performance_monitor.obj"
         "C:\cygwin\home\nsinha\original_ trunk\Debug\obj\video_engine_core\vie_render_manager.obj"
         "C:\cygwin\home\nsinha\original_ trunk\Debug\obj\video_engine_core\vie_shared_data.obj"
         "C:\cygwin\home\nsinha\original_ trunk\Debug\obj\video_engine_core\vie_encryption_impl.obj"
         "C:\cygwin\home\nsinha\original_ trunk\Debug\obj\video_engine_core\vie_image_process_impl.obj"
         "C:\cygwin\home\nsinha\original_ trunk\Debug\obj\video_engine_core\vie_file_image.obj"
         "C:\cygwin\home\nsinha\original_ trunk\Debug\obj\video_engine_core\vie_base_impl.obj"
         "C:\cygwin\home\nsinha\original_ trunk\Debug\obj\video_engine_core\vie_ref_count.obj"
         "C:\cygwin\home\nsinha\original_ trunk\Debug\obj\video_engine_core\vie_receiver.obj"
         "C:\cygwin\home\nsinha\original_ trunk\Debug\obj\video_engine_core\vie_render_impl.obj"
         "C:\cygwin\home\nsinha\original_ trunk\Debug\obj\video_engine_core\vie_frame_provider_base.obj"
         "C:\cygwin\home\nsinha\original_ trunk\Debug\obj\video_engine_core\vie_impl.obj"
         "C:\cygwin\home\nsinha\original_ trunk\Debug\obj\video_engine_core\vie_channel.obj"
         "C:\cygwin\home\nsinha\original_ trunk\Debug\obj\video_engine_core\vie_capture_impl.obj"
         "C:\cygwin\home\nsinha\original_ trunk\Debug\obj\video_engine_core\vie_encoder.obj"
         "C:\cygwin\home\nsinha\original_ trunk\Debug\obj\video_engine_core\vie_capturer.obj"
         "C:\cygwin\home\nsinha\original_ trunk\Debug\obj\video_engine_core\vie_file_recorder.obj"
         "C:\cygwin\home\nsinha\original_ trunk\Debug\obj\video_engine_core\vie_file_impl.obj"
         "C:\cygwin\home\nsinha\original_ trunk\Debug\obj\video_engine_core\vie_sender.obj"
         "C:\cygwin\home\nsinha\original_ trunk\Debug\obj\video_engine_core\vie_input_manager.obj"
         "C:\cygwin\home\nsinha\original_ trunk\Debug\obj\video_engine_core\vie_manager_base.obj"
         "C:\cygwin\home\nsinha\original_ trunk\Debug\obj\video_engine_core\vie_sync_module.obj"
         "C:\cygwin\home\nsinha\original_ trunk\Debug\obj\video_engine_core\vie_external_codec_impl.obj" /ignore:4221 
         video_engine_core.vcxproj -> C:\cygwin\home\nsinha\original_ trunk\src\video_engine\../..\build\Debug\video_engine_core.lib
       FinalizeBuildStatus:
         Deleting file "C:\cygwin\home\nsinha\original_ trunk\Debug\obj\video_engine_core\video_engine_core.unsuccessfulbuild".
         Touching "C:\cygwin\home\nsinha\original_ trunk\Debug\obj\video_engine_core\video_engine_core.lastbuildstate".
     1>Done Building Project "C:\cygwin\home\nsinha\original_ trunk\src\video_engine\video_engine_core.vcxproj" (rebuild target(s)).

Build succeeded.

Time Elapsed 00:00:10.82
