Build started 1/12/2012 9:26:16 PM.
     1>Project "C:\cygwin\home\nsinha\original_ trunk\third_party_mods\libjingle\libjingle_p2p.vcxproj" on node 3 (build target(s)).
     1>InitializeBuildStatus:
         Creating "C:\cygwin\home\nsinha\original_ trunk\Debug\obj\libjingle_p2p\libjingle_p2p.unsuccessfulbuild" because "AlwaysCreate" was specified.
       ClCompile:
         C:\Program Files\Microsoft Visual Studio 10.0\VC\bin\CL.exe /c /I..\..\third_party\libyuv\include /I..\..\src /I..\..\third_party\libjingle\source /I..\..\third_party\expat\files /I..\third_party\platformsdk_win7\files\Include /I..\..\third_party\wtl\include /I..\..\third_party\expat\files\lib /I..\..\src /I..\..\src\modules\interface /I..\..\src\modules\audio_device\main\interface /I..\..\src\modules\video_capture\main\interface /I..\..\src\common_video\libyuv\include /I..\..\src\modules\video_render\main\interface /I..\..\src\system_wrappers\interface /I..\..\src\video_engine\main\interface /I..\..\src\voice_engine\main\interface /I..\..\third_party\platformsdk_win7\files\Include /I..\..\third_party\directxsdk\files\Include /I"C:\Program Files\Microsoft Visual Studio 10.0\\VC\atlmfc\include" /Zi /nologo /W3 /WX- /Od /Oy- /D _DEBUG /D FEATURE_ENABLE_SSL /D FEATURE_ENABLE_VOICEMAIL /D _USE_32BIT_TIME_T /D SAFE_TO_DEFINE_TALK_BASE_LOGGING_MACROS /D EXPAT_RELATIVE_PATH /D JSONCPP_RELATIVE_PATH /D WEBRTC_RELATIVE_PATH /D HAVE_WEBRTC /D HAVE_WEBRTC_VIDEO /D HAVE_WEBRTC_VOICE /D _WIN32_WINNT=0x0601 /D WINVER=0x0601 /D WIN32 /D _WINDOWS /D NOMINMAX /D PSAPI_VERSION=1 /D _CRT_RAND_S /D CERT_CHAIN_PARA_HAS_EXTRA_FIELDS /D WIN32_LEAN_AND_MEAN /D _ATL_NO_OPENGL /D _HAS_EXCEPTIONS=0 /D _SECURE_ATL /D CHROMIUM_BUILD /D TOOLKIT_VIEWS=1 /D ENABLE_REMOTING=1 /D ENABLE_P2P_APIS=1 /D ENABLE_CONFIGURATION_POLICY /D ENABLE_INPUT_SPEECH /D ENABLE_GPU=1 /D ENABLE_EGLIMAGE=1 /D USE_SKIA=1 /D __STD_C /D _CRT_SECURE_NO_DEPRECATE /D _SCL_SECURE_NO_DEPRECATE /D ENABLE_REGISTER_PROTOCOL_HANDLER=1 /D XML_STATIC /D _CRT_SECURE_NO_WARNINGS /D _CRT_NONSTDC_NO_WARNINGS /D _CRT_NONSTDC_NO_DEPRECATE /D DYNAMIC_ANNOTATIONS_ENABLED=1 /D WTF_USE_DYNAMIC_ANNOTATIONS=1 /D _DEBUG /D _UNICODE /D UNICODE /Gm- /RTC1 /MTd /GS /Gy /fp:precise /Zc:wchar_t /Zc:forScope /GR- /Fo"C:\cygwin\home\nsinha\original_ trunk\Debug\obj\libjingle_p2p\\" /Fd"C:\cygwin\home\nsinha\original_ trunk\Debug\obj\libjingle_p2p\vc100.pdb" /Gd /TP /wd4351 /wd4396 /wd4503 /wd4819 /wd4100 /wd4121 /wd4125 /wd4127 /wd4130 /wd4131 /wd4189 /wd4201 /wd4238 /wd4244 /wd4245 /wd4310 /wd4355 /wd4428 /wd4481 /wd4505 /wd4510 /wd4512 /wd4530 /wd4610 /wd4611 /wd4701 /wd4702 /wd4706 /wd4800 /analyze- /errorReport:prompt ..\..\third_party\libjingle\source\talk\session\phone\webrtcvoiceengine.cc /MP 
         webrtcvoiceengine.cc
     1>C:\Program Files\MSBuild\Microsoft.Cpp\v4.0\Microsoft.CppBuild.targets(1151,5): warning MSB8012: TargetPath(C:\cygwin\home\nsinha\original_ trunk\third_party_mods\libjingle\../..\build\Debug\libjingle_p2p.lib) does not match the Library's OutputFile property value (C:\cygwin\home\nsinha\original_ trunk\build\Debug\lib\libjingle_p2p.lib). This may cause your project to build incorrectly. To correct this, please make sure that $(OutDir), $(TargetName) and $(TargetExt) property values match the value specified in %(Lib.OutputFile).
       Lib:
         C:\Program Files\Microsoft Visual Studio 10.0\VC\bin\Lib.exe /OUT:"../..\build\Debug\lib\libjingle_p2p.lib" /LIBPATH:../../third_party/platformsdk_win7/files/Lib /LIBPATH:../../third_party/directxsdk/files/Lib/x86 /NOLOGO "C:\cygwin\home\nsinha\original_ trunk\Debug\obj\libjingle_p2p\pseudotcpchannel.obj"
         "C:\cygwin\home\nsinha\original_ trunk\Debug\obj\libjingle_p2p\tunnelsessionclient.obj"
         "C:\cygwin\home\nsinha\original_ trunk\Debug\obj\libjingle_p2p\call.obj"
         "C:\cygwin\home\nsinha\original_ trunk\Debug\obj\libjingle_p2p\webrtcvideoframe.obj"
         "C:\cygwin\home\nsinha\original_ trunk\Debug\obj\libjingle_p2p\webrtcvideocapturer.obj"
         "C:\cygwin\home\nsinha\original_ trunk\Debug\obj\libjingle_p2p\webrtcvoiceengine.obj"
         "C:\cygwin\home\nsinha\original_ trunk\Debug\obj\libjingle_p2p\rtpdump.obj"
         "C:\cygwin\home\nsinha\original_ trunk\Debug\obj\libjingle_p2p\mediasessionclient.obj"
         "C:\cygwin\home\nsinha\original_ trunk\Debug\obj\libjingle_p2p\soundclip.obj"
         "C:\cygwin\home\nsinha\original_ trunk\Debug\obj\libjingle_p2p\videocapturer.obj"
         "C:\cygwin\home\nsinha\original_ trunk\Debug\obj\libjingle_p2p\devicemanager.obj"
         "C:\cygwin\home\nsinha\original_ trunk\Debug\obj\libjingle_p2p\srtpfilter.obj"
         "C:\cygwin\home\nsinha\original_ trunk\Debug\obj\libjingle_p2p\win32devicemanager.obj"
         "C:\cygwin\home\nsinha\original_ trunk\Debug\obj\libjingle_p2p\codec.obj"
         "C:\cygwin\home\nsinha\original_ trunk\Debug\obj\libjingle_p2p\videocommon.obj"
         "C:\cygwin\home\nsinha\original_ trunk\Debug\obj\libjingle_p2p\channel.obj"
         "C:\cygwin\home\nsinha\original_ trunk\Debug\obj\libjingle_p2p\currentspeakermonitor.obj"
         "C:\cygwin\home\nsinha\original_ trunk\Debug\obj\libjingle_p2p\channelmanager.obj"
         "C:\cygwin\home\nsinha\original_ trunk\Debug\obj\libjingle_p2p\filemediaengine.obj"
         "C:\cygwin\home\nsinha\original_ trunk\Debug\obj\libjingle_p2p\rtputils.obj"
         "C:\cygwin\home\nsinha\original_ trunk\Debug\obj\libjingle_p2p\rtcpmuxfilter.obj"
         "C:\cygwin\home\nsinha\original_ trunk\Debug\obj\libjingle_p2p\webrtcvideoengine.obj"
         "C:\cygwin\home\nsinha\original_ trunk\Debug\obj\libjingle_p2p\mediasession.obj"
         "C:\cygwin\home\nsinha\original_ trunk\Debug\obj\libjingle_p2p\webrtcpassthroughrender.obj"
         "C:\cygwin\home\nsinha\original_ trunk\Debug\obj\libjingle_p2p\gdivideorenderer.obj"
         "C:\cygwin\home\nsinha\original_ trunk\Debug\obj\libjingle_p2p\videoframe.obj"
         "C:\cygwin\home\nsinha\original_ trunk\Debug\obj\libjingle_p2p\mediamessages.obj"
         "C:\cygwin\home\nsinha\original_ trunk\Debug\obj\libjingle_p2p\mediaengine.obj"
         "C:\cygwin\home\nsinha\original_ trunk\Debug\obj\libjingle_p2p\ssrcmuxfilter.obj"
         "C:\cygwin\home\nsinha\original_ trunk\Debug\obj\libjingle_p2p\mediamonitor.obj"
         "C:\cygwin\home\nsinha\original_ trunk\Debug\obj\libjingle_p2p\audiomonitor.obj"
         "C:\cygwin\home\nsinha\original_ trunk\Debug\obj\libjingle_p2p\p2ptransportchannel.obj"
         "C:\cygwin\home\nsinha\original_ trunk\Debug\obj\libjingle_p2p\transport.obj"
         "C:\cygwin\home\nsinha\original_ trunk\Debug\obj\libjingle_p2p\transportchannelproxy.obj"
         "C:\cygwin\home\nsinha\original_ trunk\Debug\obj\libjingle_p2p\stunrequest.obj"
         "C:\cygwin\home\nsinha\original_ trunk\Debug\obj\libjingle_p2p\pseudotcp.obj"
         "C:\cygwin\home\nsinha\original_ trunk\Debug\obj\libjingle_p2p\session.obj"
         "C:\cygwin\home\nsinha\original_ trunk\Debug\obj\libjingle_p2p\p2ptransport.obj"
         "C:\cygwin\home\nsinha\original_ trunk\Debug\obj\libjingle_p2p\sessiondescription.obj"
         "C:\cygwin\home\nsinha\original_ trunk\Debug\obj\libjingle_p2p\sessionmanager.obj"
         "C:\cygwin\home\nsinha\original_ trunk\Debug\obj\libjingle_p2p\relayport.obj"
         "C:\cygwin\home\nsinha\original_ trunk\Debug\obj\libjingle_p2p\sessionmessages.obj"
         "C:\cygwin\home\nsinha\original_ trunk\Debug\obj\libjingle_p2p\stun.obj"
         "C:\cygwin\home\nsinha\original_ trunk\Debug\obj\libjingle_p2p\port.obj"
         "C:\cygwin\home\nsinha\original_ trunk\Debug\obj\libjingle_p2p\stunport.obj"
         "C:\cygwin\home\nsinha\original_ trunk\Debug\obj\libjingle_p2p\constants.obj"
         "C:\cygwin\home\nsinha\original_ trunk\Debug\obj\libjingle_p2p\rawtransport.obj"
         "C:\cygwin\home\nsinha\original_ trunk\Debug\obj\libjingle_p2p\transportchannel.obj"
         "C:\cygwin\home\nsinha\original_ trunk\Debug\obj\libjingle_p2p\parsing.obj"
         "C:\cygwin\home\nsinha\original_ trunk\Debug\obj\libjingle_p2p\udpport.obj"
         "C:\cygwin\home\nsinha\original_ trunk\Debug\obj\libjingle_p2p\rawtransportchannel.obj"
         "C:\cygwin\home\nsinha\original_ trunk\Debug\obj\libjingle_p2p\tcpport.obj"
         "C:\cygwin\home\nsinha\original_ trunk\Debug\obj\libjingle_p2p\httpportallocator.obj"
         "C:\cygwin\home\nsinha\original_ trunk\Debug\obj\libjingle_p2p\basicportallocator.obj"
         "C:\cygwin\home\nsinha\original_ trunk\Debug\obj\libjingle_p2p\socketmonitor.obj" /ignore:4221 
         libjingle_p2p.vcxproj -> C:\cygwin\home\nsinha\original_ trunk\third_party_mods\libjingle\../..\build\Debug\libjingle_p2p.lib
       FinalizeBuildStatus:
         Deleting file "C:\cygwin\home\nsinha\original_ trunk\Debug\obj\libjingle_p2p\libjingle_p2p.unsuccessfulbuild".
         Touching "C:\cygwin\home\nsinha\original_ trunk\Debug\obj\libjingle_p2p\libjingle_p2p.lastbuildstate".
     1>Done Building Project "C:\cygwin\home\nsinha\original_ trunk\third_party_mods\libjingle\libjingle_p2p.vcxproj" (build target(s)).

Build succeeded.

Time Elapsed 00:00:38.67
