Build started 1/12/2012 9:01:06 PM.
     1>Project "C:\cygwin\home\nsinha\original_ trunk\src\modules\NetEq.vcxproj" on node 3 (rebuild target(s)).
     1>InitializeBuildStatus:
         Creating "C:\cygwin\home\nsinha\original_ trunk\Debug\obj\NetEq\NetEq.unsuccessfulbuild" because "AlwaysCreate" was specified.
       ClCompile:
         C:\Program Files\Microsoft Visual Studio 10.0\VC\bin\CL.exe /c /I.. /I..\.. /I..\..\third_party\wtl\include /Iaudio_coding\neteq\interface /Iaudio_coding\codecs\cng\include /I..\common_audio\signal_processing\include /I..\..\third_party\platformsdk_win7\files\Include /I..\..\third_party\directxsdk\files\Include /I"C:\Program Files\Microsoft Visual Studio 10.0\\VC\atlmfc\include" /Zi /nologo /W4 /WX- /Od /Oy- /D _DEBUG /D _WIN32_WINNT=0x0601 /D WINVER=0x0601 /D WIN32 /D _WINDOWS /D NOMINMAX /D PSAPI_VERSION=1 /D _CRT_RAND_S /D CERT_CHAIN_PARA_HAS_EXTRA_FIELDS /D WIN32_LEAN_AND_MEAN /D _ATL_NO_OPENGL /D _HAS_EXCEPTIONS=0 /D _SECURE_ATL /D CHROMIUM_BUILD /D TOOLKIT_VIEWS=1 /D ENABLE_REMOTING=1 /D ENABLE_P2P_APIS=1 /D ENABLE_CONFIGURATION_POLICY /D ENABLE_INPUT_SPEECH /D ENABLE_GPU=1 /D ENABLE_EGLIMAGE=1 /D USE_SKIA=1 /D __STD_C /D _CRT_SECURE_NO_DEPRECATE /D _SCL_SECURE_NO_DEPRECATE /D ENABLE_REGISTER_PROTOCOL_HANDLER=1 /D WEBRTC_TARGET_PC /D NETEQ_VOICEENGINE_CODECS /D SCRATCH /D __STDC_FORMAT_MACROS /D DYNAMIC_ANNOTATIONS_ENABLED=1 /D WTF_USE_DYNAMIC_ANNOTATIONS=1 /D _UNICODE /D UNICODE /Gm- /RTC1 /MTd /GS /Gy /fp:precise /Zc:wchar_t /Zc:forScope /GR- /Fo"C:\cygwin\home\nsinha\original_ trunk\Debug\obj\NetEq\\" /Fd"C:\cygwin\home\nsinha\original_ trunk\Debug\obj\NetEq\vc100.pdb" /Gd /TC /wd4351 /wd4396 /wd4503 /wd4819 /wd4100 /wd4121 /wd4125 /wd4127 /wd4130 /wd4131 /wd4189 /wd4201 /wd4238 /wd4244 /wd4245 /wd4310 /wd4355 /wd4428 /wd4481 /wd4505 /wd4510 /wd4512 /wd4530 /wd4610 /wd4611 /wd4701 /wd4702 /wd4706 /wd4389 /analyze- /errorReport:prompt audio_coding\neteq\dsp.c audio_coding\neteq\min_distortion.c audio_coding\neteq\preemptive_expand.c audio_coding\neteq\signal_mcu.c audio_coding\neteq\mute_signal.c audio_coding\neteq\bgn_update.c audio_coding\neteq\expand.c audio_coding\neteq\codec_db.c audio_coding\neteq\correlator.c audio_coding\neteq\webrtc_neteq.c audio_coding\neteq\mix_voice_unvoice.c audio_coding\neteq\dsp_helpfunctions.c audio_coding\neteq\dtmf_tonegen.c audio_coding\neteq\set_fs.c audio_coding\neteq\merge.c audio_coding\neteq\automode.c audio_coding\neteq\recout.c audio_coding\neteq\cng_internal.c audio_coding\neteq\normal.c audio_coding\neteq\peak_detection.c audio_coding\neteq\mcu_dsp_common.c audio_coding\neteq\dtmf_buffer.c audio_coding\neteq\split_and_insert.c audio_coding\neteq\accelerate.c audio_coding\neteq\mcu_reset.c audio_coding\neteq\recin.c audio_coding\neteq\bufstats_decision.c audio_coding\neteq\rtcp.c audio_coding\neteq\random_vector.c audio_coding\neteq\mcu_address_init.c audio_coding\neteq\packet_buffer.c audio_coding\neteq\unmute_signal.c audio_coding\neteq\rtp.c /MP /we4389 
         dsp.c
         min_distortion.c
         preemptive_expand.c
         signal_mcu.c
         mute_signal.c
         bgn_update.c
         expand.c
         codec_db.c
         correlator.c
         webrtc_neteq.c
         mix_voice_unvoice.c
         dsp_helpfunctions.c
         dtmf_tonegen.c
         set_fs.c
         merge.c
         automode.c
         recout.c
         cng_internal.c
         normal.c
         peak_detection.c
         mcu_dsp_common.c
         dtmf_buffer.c
         split_and_insert.c
         accelerate.c
         mcu_reset.c
         recin.c
         bufstats_decision.c
         rtcp.c
         random_vector.c
         mcu_address_init.c
         packet_buffer.c
         unmute_signal.c
         rtp.c
     1>C:\Program Files\MSBuild\Microsoft.Cpp\v4.0\Microsoft.CppBuild.targets(1151,5): warning MSB8012: TargetPath(C:\cygwin\home\nsinha\original_ trunk\src\modules\../..\build\Debug\NetEq.lib) does not match the Library's OutputFile property value (C:\cygwin\home\nsinha\original_ trunk\build\Debug\lib\NetEq.lib). This may cause your project to build incorrectly. To correct this, please make sure that $(OutDir), $(TargetName) and $(TargetExt) property values match the value specified in %(Lib.OutputFile).
       Lib:
         C:\Program Files\Microsoft Visual Studio 10.0\VC\bin\Lib.exe /OUT:"../..\build\Debug\lib\NetEq.lib" /LIBPATH:../../third_party/platformsdk_win7/files/Lib /LIBPATH:../../third_party/directxsdk/files/Lib/x86 /NOLOGO "C:\cygwin\home\nsinha\original_ trunk\Debug\obj\NetEq\dsp.obj"
         "C:\cygwin\home\nsinha\original_ trunk\Debug\obj\NetEq\min_distortion.obj"
         "C:\cygwin\home\nsinha\original_ trunk\Debug\obj\NetEq\preemptive_expand.obj"
         "C:\cygwin\home\nsinha\original_ trunk\Debug\obj\NetEq\signal_mcu.obj"
         "C:\cygwin\home\nsinha\original_ trunk\Debug\obj\NetEq\mute_signal.obj"
         "C:\cygwin\home\nsinha\original_ trunk\Debug\obj\NetEq\bgn_update.obj"
         "C:\cygwin\home\nsinha\original_ trunk\Debug\obj\NetEq\expand.obj"
         "C:\cygwin\home\nsinha\original_ trunk\Debug\obj\NetEq\codec_db.obj"
         "C:\cygwin\home\nsinha\original_ trunk\Debug\obj\NetEq\correlator.obj"
         "C:\cygwin\home\nsinha\original_ trunk\Debug\obj\NetEq\webrtc_neteq.obj"
         "C:\cygwin\home\nsinha\original_ trunk\Debug\obj\NetEq\mix_voice_unvoice.obj"
         "C:\cygwin\home\nsinha\original_ trunk\Debug\obj\NetEq\dsp_helpfunctions.obj"
         "C:\cygwin\home\nsinha\original_ trunk\Debug\obj\NetEq\dtmf_tonegen.obj"
         "C:\cygwin\home\nsinha\original_ trunk\Debug\obj\NetEq\set_fs.obj"
         "C:\cygwin\home\nsinha\original_ trunk\Debug\obj\NetEq\merge.obj"
         "C:\cygwin\home\nsinha\original_ trunk\Debug\obj\NetEq\automode.obj"
         "C:\cygwin\home\nsinha\original_ trunk\Debug\obj\NetEq\recout.obj"
         "C:\cygwin\home\nsinha\original_ trunk\Debug\obj\NetEq\cng_internal.obj"
         "C:\cygwin\home\nsinha\original_ trunk\Debug\obj\NetEq\normal.obj"
         "C:\cygwin\home\nsinha\original_ trunk\Debug\obj\NetEq\peak_detection.obj"
         "C:\cygwin\home\nsinha\original_ trunk\Debug\obj\NetEq\mcu_dsp_common.obj"
         "C:\cygwin\home\nsinha\original_ trunk\Debug\obj\NetEq\dtmf_buffer.obj"
         "C:\cygwin\home\nsinha\original_ trunk\Debug\obj\NetEq\split_and_insert.obj"
         "C:\cygwin\home\nsinha\original_ trunk\Debug\obj\NetEq\accelerate.obj"
         "C:\cygwin\home\nsinha\original_ trunk\Debug\obj\NetEq\mcu_reset.obj"
         "C:\cygwin\home\nsinha\original_ trunk\Debug\obj\NetEq\recin.obj"
         "C:\cygwin\home\nsinha\original_ trunk\Debug\obj\NetEq\bufstats_decision.obj"
         "C:\cygwin\home\nsinha\original_ trunk\Debug\obj\NetEq\rtcp.obj"
         "C:\cygwin\home\nsinha\original_ trunk\Debug\obj\NetEq\random_vector.obj"
         "C:\cygwin\home\nsinha\original_ trunk\Debug\obj\NetEq\mcu_address_init.obj"
         "C:\cygwin\home\nsinha\original_ trunk\Debug\obj\NetEq\packet_buffer.obj"
         "C:\cygwin\home\nsinha\original_ trunk\Debug\obj\NetEq\unmute_signal.obj"
         "C:\cygwin\home\nsinha\original_ trunk\Debug\obj\NetEq\rtp.obj" /ignore:4221 
         NetEq.vcxproj -> C:\cygwin\home\nsinha\original_ trunk\src\modules\../..\build\Debug\NetEq.lib
       FinalizeBuildStatus:
         Deleting file "C:\cygwin\home\nsinha\original_ trunk\Debug\obj\NetEq\NetEq.unsuccessfulbuild".
         Touching "C:\cygwin\home\nsinha\original_ trunk\Debug\obj\NetEq\NetEq.lastbuildstate".
     1>Done Building Project "C:\cygwin\home\nsinha\original_ trunk\src\modules\NetEq.vcxproj" (rebuild target(s)).

Build succeeded.

Time Elapsed 00:00:02.40
