Build started 12/19/2011 4:33:02 PM.
     1>Project "C:\cygwin\home\nsinha\trunk\src\modules\iSAC.vcxproj" on node 2 (build target(s)).
     1>InitializeBuildStatus:
         Creating "C:\cygwin\home\nsinha\trunk\src\modules\Debug\obj\iSAC\iSAC.unsuccessfulbuild" because "AlwaysCreate" was specified.
       ClCompile:
         C:\Program Files\Microsoft Visual Studio 10.0\VC\bin\CL.exe /c /I.. /I..\.. /I..\..\third_party\wtl\include /Iaudio_coding\codecs\iSAC\main\interface /I..\common_audio\signal_processing\include /I..\..\third_party\platformsdk_win7\files\Include /I..\..\third_party\directxsdk\files\Include /I"C:\Program Files\Microsoft Visual Studio 10.0\\VC\atlmfc\include" /Zi /nologo /W4 /WX- /Od /Oy- /D _DEBUG /D _WIN32_WINNT=0x0601 /D WINVER=0x0601 /D WIN32 /D _WINDOWS /D NOMINMAX /D PSAPI_VERSION=1 /D _CRT_RAND_S /D CERT_CHAIN_PARA_HAS_EXTRA_FIELDS /D WIN32_LEAN_AND_MEAN /D _ATL_NO_OPENGL /D _HAS_EXCEPTIONS=0 /D _SECURE_ATL /D CHROMIUM_BUILD /D TOOLKIT_VIEWS=1 /D ENABLE_REMOTING=1 /D ENABLE_P2P_APIS=1 /D ENABLE_CONFIGURATION_POLICY /D ENABLE_INPUT_SPEECH /D ENABLE_GPU=1 /D ENABLE_EGLIMAGE=1 /D USE_SKIA=1 /D __STD_C /D _CRT_SECURE_NO_DEPRECATE /D _SCL_SECURE_NO_DEPRECATE /D ENABLE_REGISTER_PROTOCOL_HANDLER=1 /D WEBRTC_TARGET_PC /D __STDC_FORMAT_MACROS /D DYNAMIC_ANNOTATIONS_ENABLED=1 /D WTF_USE_DYNAMIC_ANNOTATIONS=1 /D _UNICODE /D UNICODE /Gm- /RTC1 /MTd /GS /Gy /fp:precise /Zc:wchar_t /Zc:forScope /GR- /Fo"C:\cygwin\home\nsinha\trunk\src\modules\Debug\obj\iSAC\\" /Fd"C:\cygwin\home\nsinha\trunk\src\modules\Debug\obj\iSAC\vc100.pdb" /Gd /TC /wd4351 /wd4396 /wd4503 /wd4819 /wd4100 /wd4121 /wd4125 /wd4127 /wd4130 /wd4131 /wd4189 /wd4201 /wd4238 /wd4244 /wd4245 /wd4310 /wd4355 /wd4428 /wd4481 /wd4505 /wd4510 /wd4512 /wd4530 /wd4610 /wd4611 /wd4701 /wd4702 /wd4706 /wd4389 /analyze- /errorReport:prompt audio_coding\codecs\iSAC\main\source\lpc_gain_swb_tables.c audio_coding\codecs\iSAC\main\source\lpc_shape_swb16_tables.c audio_coding\codecs\iSAC\main\source\arith_routines_hist.c audio_coding\codecs\iSAC\main\source\filter_functions.c audio_coding\codecs\iSAC\main\source\pitch_estimator.c audio_coding\codecs\iSAC\main\source\transform.c audio_coding\codecs\iSAC\main\source\pitch_filter.c audio_coding\codecs\iSAC\main\source\filterbanks.c audio_coding\codecs\iSAC\main\source\crc.c audio_coding\codecs\iSAC\main\source\fft.c audio_coding\codecs\iSAC\main\source\encode_lpc_swb.c audio_coding\codecs\iSAC\main\source\spectrum_ar_model_tables.c audio_coding\codecs\iSAC\main\source\lpc_analysis.c audio_coding\codecs\iSAC\main\source\intialize.c audio_coding\codecs\iSAC\main\source\lpc_tables.c audio_coding\codecs\iSAC\main\source\pitch_lag_tables.c audio_coding\codecs\iSAC\main\source\decode_bwe.c audio_coding\codecs\iSAC\main\source\arith_routines.c audio_coding\codecs\iSAC\main\source\lpc_shape_swb12_tables.c audio_coding\codecs\iSAC\main\source\arith_routines_logist.c audio_coding\codecs\iSAC\main\source\filterbank_tables.c audio_coding\codecs\iSAC\main\source\entropy_coding.c audio_coding\codecs\iSAC\main\source\pitch_gain_tables.c audio_coding\codecs\iSAC\main\source\isac.c audio_coding\codecs\iSAC\main\source\decode.c audio_coding\codecs\iSAC\main\source\bandwidth_estimator.c audio_coding\codecs\iSAC\main\source\encode.c audio_coding\codecs\iSAC\main\source\lattice.c /MP /we4389 
         lpc_gain_swb_tables.c
         lpc_shape_swb16_tables.c
         arith_routines_hist.c
         filter_functions.c
         pitch_estimator.c
         transform.c
         pitch_filter.c
         filterbanks.c
         crc.c
         fft.c
         encode_lpc_swb.c
         spectrum_ar_model_tables.c
         lpc_analysis.c
         intialize.c
         lpc_tables.c
         pitch_lag_tables.c
         decode_bwe.c
         arith_routines.c
         lpc_shape_swb12_tables.c
         arith_routines_logist.c
         filterbank_tables.c
         entropy_coding.c
         pitch_gain_tables.c
         isac.c
         decode.c
         bandwidth_estimator.c
         encode.c
         lattice.c
     1>C:\Program Files\MSBuild\Microsoft.Cpp\v4.0\Microsoft.CppBuild.targets(1151,5): warning MSB8012: TargetPath(C:\cygwin\home\nsinha\trunk\src\modules\../..\build\Debug\iSAC.lib) does not match the Library's OutputFile property value (C:\cygwin\home\nsinha\trunk\build\Debug\lib\iSAC.lib). This may cause your project to build incorrectly. To correct this, please make sure that $(OutDir), $(TargetName) and $(TargetExt) property values match the value specified in %(Lib.OutputFile).
       Lib:
         C:\Program Files\Microsoft Visual Studio 10.0\VC\bin\Lib.exe /OUT:"../..\build\Debug\lib\iSAC.lib" /LIBPATH:../../third_party/platformsdk_win7/files/Lib /LIBPATH:../../third_party/directxsdk/files/Lib/x86 /NOLOGO C:\cygwin\home\nsinha\trunk\src\modules\Debug\obj\iSAC\lpc_gain_swb_tables.obj
         C:\cygwin\home\nsinha\trunk\src\modules\Debug\obj\iSAC\lpc_shape_swb16_tables.obj
         C:\cygwin\home\nsinha\trunk\src\modules\Debug\obj\iSAC\arith_routines_hist.obj
         C:\cygwin\home\nsinha\trunk\src\modules\Debug\obj\iSAC\filter_functions.obj
         C:\cygwin\home\nsinha\trunk\src\modules\Debug\obj\iSAC\pitch_estimator.obj
         C:\cygwin\home\nsinha\trunk\src\modules\Debug\obj\iSAC\transform.obj
         C:\cygwin\home\nsinha\trunk\src\modules\Debug\obj\iSAC\pitch_filter.obj
         C:\cygwin\home\nsinha\trunk\src\modules\Debug\obj\iSAC\filterbanks.obj
         C:\cygwin\home\nsinha\trunk\src\modules\Debug\obj\iSAC\crc.obj
         C:\cygwin\home\nsinha\trunk\src\modules\Debug\obj\iSAC\fft.obj
         C:\cygwin\home\nsinha\trunk\src\modules\Debug\obj\iSAC\encode_lpc_swb.obj
         C:\cygwin\home\nsinha\trunk\src\modules\Debug\obj\iSAC\spectrum_ar_model_tables.obj
         C:\cygwin\home\nsinha\trunk\src\modules\Debug\obj\iSAC\lpc_analysis.obj
         C:\cygwin\home\nsinha\trunk\src\modules\Debug\obj\iSAC\intialize.obj
         C:\cygwin\home\nsinha\trunk\src\modules\Debug\obj\iSAC\lpc_tables.obj
         C:\cygwin\home\nsinha\trunk\src\modules\Debug\obj\iSAC\pitch_lag_tables.obj
         C:\cygwin\home\nsinha\trunk\src\modules\Debug\obj\iSAC\decode_bwe.obj
         C:\cygwin\home\nsinha\trunk\src\modules\Debug\obj\iSAC\arith_routines.obj
         C:\cygwin\home\nsinha\trunk\src\modules\Debug\obj\iSAC\lpc_shape_swb12_tables.obj
         C:\cygwin\home\nsinha\trunk\src\modules\Debug\obj\iSAC\arith_routines_logist.obj
         C:\cygwin\home\nsinha\trunk\src\modules\Debug\obj\iSAC\filterbank_tables.obj
         C:\cygwin\home\nsinha\trunk\src\modules\Debug\obj\iSAC\entropy_coding.obj
         C:\cygwin\home\nsinha\trunk\src\modules\Debug\obj\iSAC\pitch_gain_tables.obj
         C:\cygwin\home\nsinha\trunk\src\modules\Debug\obj\iSAC\isac.obj
         C:\cygwin\home\nsinha\trunk\src\modules\Debug\obj\iSAC\decode.obj
         C:\cygwin\home\nsinha\trunk\src\modules\Debug\obj\iSAC\bandwidth_estimator.obj
         C:\cygwin\home\nsinha\trunk\src\modules\Debug\obj\iSAC\encode.obj
         C:\cygwin\home\nsinha\trunk\src\modules\Debug\obj\iSAC\lattice.obj /ignore:4221 
         iSAC.vcxproj -> C:\cygwin\home\nsinha\trunk\src\modules\../..\build\Debug\iSAC.lib
       FinalizeBuildStatus:
         Deleting file "C:\cygwin\home\nsinha\trunk\src\modules\Debug\obj\iSAC\iSAC.unsuccessfulbuild".
         Touching "C:\cygwin\home\nsinha\trunk\src\modules\Debug\obj\iSAC\iSAC.lastbuildstate".
     1>Done Building Project "C:\cygwin\home\nsinha\trunk\src\modules\iSAC.vcxproj" (build target(s)).

Build succeeded.

Time Elapsed 00:00:02.18
