Build started 1/12/2012 9:00:06 PM.
     1>Project "C:\cygwin\home\nsinha\original_ trunk\third_party\protobuf\protoc.vcxproj" on node 3 (rebuild target(s)).
     1>InitializeBuildStatus:
         Creating "C:\cygwin\home\nsinha\original_ trunk\Debug\obj\protoc\protoc.unsuccessfulbuild" because "AlwaysCreate" was specified.
       ClCompile:
         C:\Program Files\Microsoft Visual Studio 10.0\VC\bin\CL.exe /c /I..\..\third_party\wtl\include /Ivsprojects /Isrc\src /Isrc /I..\..\third_party\platformsdk_win7\files\Include /I..\..\third_party\directxsdk\files\Include /I"C:\Program Files\Microsoft Visual Studio 10.0\\VC\atlmfc\include" /Zi /nologo /W3 /WX- /Od /Oy- /D _DEBUG /D _WIN32_WINNT=0x0601 /D WINVER=0x0601 /D WIN32 /D _WINDOWS /D NOMINMAX /D PSAPI_VERSION=1 /D _CRT_RAND_S /D CERT_CHAIN_PARA_HAS_EXTRA_FIELDS /D _ATL_NO_OPENGL /D _HAS_EXCEPTIONS=0 /D _SECURE_ATL /D CHROMIUM_BUILD /D TOOLKIT_VIEWS=1 /D ENABLE_REMOTING=1 /D ENABLE_P2P_APIS=1 /D ENABLE_CONFIGURATION_POLICY /D ENABLE_INPUT_SPEECH /D ENABLE_GPU=1 /D ENABLE_EGLIMAGE=1 /D USE_SKIA=1 /D __STD_C /D _CRT_SECURE_NO_DEPRECATE /D _SCL_SECURE_NO_DEPRECATE /D ENABLE_REGISTER_PROTOCOL_HANDLER=1 /D GOOGLE_PROTOBUF_NO_RTTI /D _CRT_NONSTDC_NO_WARNINGS /D _CRT_NONSTDC_NO_DEPRECATE /D DYNAMIC_ANNOTATIONS_ENABLED=1 /D WTF_USE_DYNAMIC_ANNOTATIONS=1 /D _UNICODE /D UNICODE /Gm- /RTC1 /MTd /GS /Gy /fp:precise /Zc:wchar_t /Zc:forScope /GR- /Fo"C:\cygwin\home\nsinha\original_ trunk\Debug\obj\protoc\\" /Fd"C:\cygwin\home\nsinha\original_ trunk\Debug\obj\protoc\vc100.pdb" /Gd /TP /wd4018 /wd4244 /wd4355 /wd4351 /wd4396 /wd4503 /wd4819 /wd4100 /wd4121 /wd4125 /wd4127 /wd4130 /wd4131 /wd4189 /wd4201 /wd4238 /wd4245 /wd4310 /wd4428 /wd4481 /wd4505 /wd4510 /wd4512 /wd4530 /wd4610 /wd4611 /wd4701 /wd4702 /wd4706 /wd4800 /analyze- /errorReport:prompt src\google\protobuf\compiler\zip_writer.cc src\google\protobuf\compiler\command_line_interface.cc src\google\protobuf\compiler\subprocess.cc src\google\protobuf\compiler\code_generator.cc src\google\protobuf\compiler\main.cc src\google\protobuf\compiler\plugin.cc src\google\protobuf\compiler\plugin.pb.cc src\google\protobuf\compiler\cpp\cpp_message_field.cc src\google\protobuf\compiler\cpp\cpp_extension.cc src\google\protobuf\compiler\cpp\cpp_field.cc src\google\protobuf\compiler\cpp\cpp_service.cc src\google\protobuf\compiler\cpp\cpp_enum_field.cc src\google\protobuf\compiler\cpp\cpp_string_field.cc src\google\protobuf\compiler\cpp\cpp_message.cc src\google\protobuf\compiler\cpp\cpp_generator.cc src\google\protobuf\compiler\cpp\cpp_primitive_field.cc src\google\protobuf\compiler\cpp\cpp_enum.cc src\google\protobuf\compiler\cpp\cpp_file.cc src\google\protobuf\compiler\cpp\cpp_helpers.cc src\google\protobuf\compiler\python\python_generator.cc src\google\protobuf\compiler\java\java_generator.cc src\google\protobuf\compiler\java\java_enum_field.cc src\google\protobuf\compiler\java\java_message_field.cc src\google\protobuf\compiler\java\java_file.cc src\google\protobuf\compiler\java\java_message.cc src\google\protobuf\compiler\java\java_primitive_field.cc src\google\protobuf\compiler\java\java_extension.cc src\google\protobuf\compiler\java\java_service.cc src\google\protobuf\compiler\java\java_enum.cc src\google\protobuf\compiler\java\java_helpers.cc src\google\protobuf\compiler\java\java_field.cc src\google\protobuf\compiler\java\java_string_field.cc /MP 
         zip_writer.cc
         command_line_interface.cc
         subprocess.cc
         code_generator.cc
         main.cc
         plugin.cc
         plugin.pb.cc
         cpp_message_field.cc
         cpp_extension.cc
         cpp_field.cc
         cpp_service.cc
         cpp_enum_field.cc
         cpp_string_field.cc
         cpp_message.cc
         cpp_generator.cc
         cpp_primitive_field.cc
         cpp_enum.cc
         cpp_file.cc
         cpp_helpers.cc
         python_generator.cc
         java_generator.cc
         java_enum_field.cc
         java_message_field.cc
         java_file.cc
         java_message.cc
         java_primitive_field.cc
         java_extension.cc
         java_service.cc
         java_enum.cc
         java_helpers.cc
         java_field.cc
         java_string_field.cc
       ManifestResourceCompile:
         C:\Program Files\Microsoft SDKs\Windows\v7.0A\bin\rc.exe /nologo /fo"C:\cygwin\home\nsinha\original_ trunk\Debug\obj\protoc\protoc.exe.embed.manifest.res" "C:\cygwin\home\nsinha\original_ trunk\Debug\obj\protoc\protoc_manifest.rc" 
       Link:
         C:\Program Files\Microsoft Visual Studio 10.0\VC\bin\link.exe /ERRORREPORT:PROMPT /OUT:"../..\build\Debug\protoc.exe" /INCREMENTAL /NOLOGO /LIBPATH:../../third_party/platformsdk_win7/files/Lib /LIBPATH:../../third_party/directxsdk/files/Lib/x86 wininet.lib dnsapi.lib version.lib msimg32.lib ws2_32.lib usp10.lib psapi.lib dbghelp.lib winmm.lib shlwapi.lib kernel32.lib user32.lib gdi32.lib winspool.lib comdlg32.lib advapi32.lib shell32.lib ole32.lib oleaut32.lib uuid.lib odbc32.lib odbccp32.lib Delayimp.lib /DELAYLOAD:dbghelp.dll /DELAYLOAD:dwmapi.dll /DELAYLOAD:uxtheme.dll /MANIFEST /ManifestFile:"C:\cygwin\home\nsinha\original_ trunk\Debug\obj\protoc\protoc.exe.intermediate.manifest" /MANIFESTUAC:"level='asInvoker' uiAccess='false'" /DEBUG /PDB:"C:\cygwin\home\nsinha\original_ trunk\build\Debug\protoc.pdb" /SUBSYSTEM:CONSOLE /TLBID:1 /DYNAMICBASE:NO /FIXED:NO /NXCOMPAT /IMPLIB:"../..\build\Debug\lib\protoc.lib" /MACHINE:X86 "C:\cygwin\home\nsinha\original_ trunk\Debug\obj\protoc\protoc.exe.embed.manifest.res"
         "C:\cygwin\home\nsinha\original_ trunk\Debug\obj\protoc\zip_writer.obj"
         "C:\cygwin\home\nsinha\original_ trunk\Debug\obj\protoc\command_line_interface.obj"
         "C:\cygwin\home\nsinha\original_ trunk\Debug\obj\protoc\subprocess.obj"
         "C:\cygwin\home\nsinha\original_ trunk\Debug\obj\protoc\code_generator.obj"
         "C:\cygwin\home\nsinha\original_ trunk\Debug\obj\protoc\main.obj"
         "C:\cygwin\home\nsinha\original_ trunk\Debug\obj\protoc\plugin.obj"
         "C:\cygwin\home\nsinha\original_ trunk\Debug\obj\protoc\plugin.pb.obj"
         "C:\cygwin\home\nsinha\original_ trunk\Debug\obj\protoc\cpp_message_field.obj"
         "C:\cygwin\home\nsinha\original_ trunk\Debug\obj\protoc\cpp_extension.obj"
         "C:\cygwin\home\nsinha\original_ trunk\Debug\obj\protoc\cpp_field.obj"
         "C:\cygwin\home\nsinha\original_ trunk\Debug\obj\protoc\cpp_service.obj"
         "C:\cygwin\home\nsinha\original_ trunk\Debug\obj\protoc\cpp_enum_field.obj"
         "C:\cygwin\home\nsinha\original_ trunk\Debug\obj\protoc\cpp_string_field.obj"
         "C:\cygwin\home\nsinha\original_ trunk\Debug\obj\protoc\cpp_message.obj"
         "C:\cygwin\home\nsinha\original_ trunk\Debug\obj\protoc\cpp_generator.obj"
         "C:\cygwin\home\nsinha\original_ trunk\Debug\obj\protoc\cpp_primitive_field.obj"
         "C:\cygwin\home\nsinha\original_ trunk\Debug\obj\protoc\cpp_enum.obj"
         "C:\cygwin\home\nsinha\original_ trunk\Debug\obj\protoc\cpp_file.obj"
         "C:\cygwin\home\nsinha\original_ trunk\Debug\obj\protoc\cpp_helpers.obj"
         "C:\cygwin\home\nsinha\original_ trunk\Debug\obj\protoc\python_generator.obj"
         "C:\cygwin\home\nsinha\original_ trunk\Debug\obj\protoc\java_generator.obj"
         "C:\cygwin\home\nsinha\original_ trunk\Debug\obj\protoc\java_enum_field.obj"
         "C:\cygwin\home\nsinha\original_ trunk\Debug\obj\protoc\java_message_field.obj"
         "C:\cygwin\home\nsinha\original_ trunk\Debug\obj\protoc\java_file.obj"
         "C:\cygwin\home\nsinha\original_ trunk\Debug\obj\protoc\java_message.obj"
         "C:\cygwin\home\nsinha\original_ trunk\Debug\obj\protoc\java_primitive_field.obj"
         "C:\cygwin\home\nsinha\original_ trunk\Debug\obj\protoc\java_extension.obj"
         "C:\cygwin\home\nsinha\original_ trunk\Debug\obj\protoc\java_service.obj"
         "C:\cygwin\home\nsinha\original_ trunk\Debug\obj\protoc\java_enum.obj"
         "C:\cygwin\home\nsinha\original_ trunk\Debug\obj\protoc\java_helpers.obj"
         "C:\cygwin\home\nsinha\original_ trunk\Debug\obj\protoc\java_field.obj"
         "C:\cygwin\home\nsinha\original_ trunk\Debug\obj\protoc\java_string_field.obj"
         "C:\cygwin\home\nsinha\original_ trunk\build\Debug\lib\protobuf_full_do_not_use.lib"
         "C:\cygwin\home\nsinha\original_ trunk\build\Debug\lib\protobuf_lite.lib" /safeseh /dynamicbase /ignore:4199 /ignore:4221 /nxcompat 
       Manifest:
         Deleting file "C:\cygwin\home\nsinha\original_ trunk\Debug\obj\protoc\protoc.exe.embed.manifest".
         C:\Program Files\Microsoft SDKs\Windows\v7.0A\bin\mt.exe /nologo /verbose /out:"C:\cygwin\home\nsinha\original_ trunk\Debug\obj\protoc\protoc.exe.embed.manifest" /manifest "C:\cygwin\home\nsinha\original_ trunk\Debug\obj\protoc\protoc.exe.intermediate.manifest"
         C:\Program Files\Microsoft SDKs\Windows\v7.0A\bin\rc.exe /nologo /fo"C:\cygwin\home\nsinha\original_ trunk\Debug\obj\protoc\protoc.exe.embed.manifest.res" "C:\cygwin\home\nsinha\original_ trunk\Debug\obj\protoc\protoc_manifest.rc" 
       LinkEmbedManifest:
         C:\Program Files\Microsoft Visual Studio 10.0\VC\bin\link.exe /ERRORREPORT:PROMPT /OUT:"../..\build\Debug\protoc.exe" /INCREMENTAL /NOLOGO /LIBPATH:../../third_party/platformsdk_win7/files/Lib /LIBPATH:../../third_party/directxsdk/files/Lib/x86 wininet.lib dnsapi.lib version.lib msimg32.lib ws2_32.lib usp10.lib psapi.lib dbghelp.lib winmm.lib shlwapi.lib kernel32.lib user32.lib gdi32.lib winspool.lib comdlg32.lib advapi32.lib shell32.lib ole32.lib oleaut32.lib uuid.lib odbc32.lib odbccp32.lib Delayimp.lib /DELAYLOAD:dbghelp.dll /DELAYLOAD:dwmapi.dll /DELAYLOAD:uxtheme.dll /MANIFEST /ManifestFile:"C:\cygwin\home\nsinha\original_ trunk\Debug\obj\protoc\protoc.exe.intermediate.manifest" /MANIFESTUAC:"level='asInvoker' uiAccess='false'" /DEBUG /PDB:"C:\cygwin\home\nsinha\original_ trunk\build\Debug\protoc.pdb" /SUBSYSTEM:CONSOLE /TLBID:1 /DYNAMICBASE:NO /FIXED:NO /NXCOMPAT /IMPLIB:"../..\build\Debug\lib\protoc.lib" /MACHINE:X86 "C:\cygwin\home\nsinha\original_ trunk\Debug\obj\protoc\protoc.exe.embed.manifest.res"
         "C:\cygwin\home\nsinha\original_ trunk\Debug\obj\protoc\zip_writer.obj"
         "C:\cygwin\home\nsinha\original_ trunk\Debug\obj\protoc\command_line_interface.obj"
         "C:\cygwin\home\nsinha\original_ trunk\Debug\obj\protoc\subprocess.obj"
         "C:\cygwin\home\nsinha\original_ trunk\Debug\obj\protoc\code_generator.obj"
         "C:\cygwin\home\nsinha\original_ trunk\Debug\obj\protoc\main.obj"
         "C:\cygwin\home\nsinha\original_ trunk\Debug\obj\protoc\plugin.obj"
         "C:\cygwin\home\nsinha\original_ trunk\Debug\obj\protoc\plugin.pb.obj"
         "C:\cygwin\home\nsinha\original_ trunk\Debug\obj\protoc\cpp_message_field.obj"
         "C:\cygwin\home\nsinha\original_ trunk\Debug\obj\protoc\cpp_extension.obj"
         "C:\cygwin\home\nsinha\original_ trunk\Debug\obj\protoc\cpp_field.obj"
         "C:\cygwin\home\nsinha\original_ trunk\Debug\obj\protoc\cpp_service.obj"
         "C:\cygwin\home\nsinha\original_ trunk\Debug\obj\protoc\cpp_enum_field.obj"
         "C:\cygwin\home\nsinha\original_ trunk\Debug\obj\protoc\cpp_string_field.obj"
         "C:\cygwin\home\nsinha\original_ trunk\Debug\obj\protoc\cpp_message.obj"
         "C:\cygwin\home\nsinha\original_ trunk\Debug\obj\protoc\cpp_generator.obj"
         "C:\cygwin\home\nsinha\original_ trunk\Debug\obj\protoc\cpp_primitive_field.obj"
         "C:\cygwin\home\nsinha\original_ trunk\Debug\obj\protoc\cpp_enum.obj"
         "C:\cygwin\home\nsinha\original_ trunk\Debug\obj\protoc\cpp_file.obj"
         "C:\cygwin\home\nsinha\original_ trunk\Debug\obj\protoc\cpp_helpers.obj"
         "C:\cygwin\home\nsinha\original_ trunk\Debug\obj\protoc\python_generator.obj"
         "C:\cygwin\home\nsinha\original_ trunk\Debug\obj\protoc\java_generator.obj"
         "C:\cygwin\home\nsinha\original_ trunk\Debug\obj\protoc\java_enum_field.obj"
         "C:\cygwin\home\nsinha\original_ trunk\Debug\obj\protoc\java_message_field.obj"
         "C:\cygwin\home\nsinha\original_ trunk\Debug\obj\protoc\java_file.obj"
         "C:\cygwin\home\nsinha\original_ trunk\Debug\obj\protoc\java_message.obj"
         "C:\cygwin\home\nsinha\original_ trunk\Debug\obj\protoc\java_primitive_field.obj"
         "C:\cygwin\home\nsinha\original_ trunk\Debug\obj\protoc\java_extension.obj"
         "C:\cygwin\home\nsinha\original_ trunk\Debug\obj\protoc\java_service.obj"
         "C:\cygwin\home\nsinha\original_ trunk\Debug\obj\protoc\java_enum.obj"
         "C:\cygwin\home\nsinha\original_ trunk\Debug\obj\protoc\java_helpers.obj"
         "C:\cygwin\home\nsinha\original_ trunk\Debug\obj\protoc\java_field.obj"
         "C:\cygwin\home\nsinha\original_ trunk\Debug\obj\protoc\java_string_field.obj"
         "C:\cygwin\home\nsinha\original_ trunk\build\Debug\lib\protobuf_full_do_not_use.lib"
         "C:\cygwin\home\nsinha\original_ trunk\build\Debug\lib\protobuf_lite.lib" /safeseh /dynamicbase /ignore:4199 /ignore:4221 /nxcompat 
         protoc.vcxproj -> C:\cygwin\home\nsinha\original_ trunk\third_party\protobuf\../..\build\Debug\protoc.exe
       FinalizeBuildStatus:
         Deleting file "C:\cygwin\home\nsinha\original_ trunk\Debug\obj\protoc\protoc.unsuccessfulbuild".
         Touching "C:\cygwin\home\nsinha\original_ trunk\Debug\obj\protoc\protoc.lastbuildstate".
     1>Done Building Project "C:\cygwin\home\nsinha\original_ trunk\third_party\protobuf\protoc.vcxproj" (rebuild target(s)).

Build succeeded.

Time Elapsed 00:00:24.85
