Build started 12/19/2011 4:26:12 PM.
     1>Project "C:\cygwin\home\nsinha\trunk\src\modules\webrtc_vp8.vcxproj" on node 2 (build target(s)).
     1>InitializeBuildStatus:
         Creating "C:\cygwin\home\nsinha\trunk\peerconnection\Debug\obj\webrtc_vp8\webrtc_vp8.unsuccessfulbuild" because "AlwaysCreate" was specified.
       ClCompile:
         C:\Program Files\Microsoft Visual Studio 10.0\VC\bin\CL.exe /c /I.. /I..\.. /I..\..\third_party\wtl\include /Ivideo_coding\codecs\vp8\main\interface /I..\..\src\common_video\interface /I..\..\src\modules\video_coding\codecs\interface /I..\..\src\modules\interface /I..\system_wrappers\interface /I..\..\third_party\libvpx\source\libvpx /I..\..\third_party\platformsdk_win7\files\Include /I..\..\third_party\directxsdk\files\Include /I"C:\Program Files\Microsoft Visual Studio 10.0\\VC\atlmfc\include" /Zi /nologo /W4 /WX- /Od /Oy- /D _DEBUG /D _WIN32_WINNT=0x0601 /D WINVER=0x0601 /D WIN32 /D _WINDOWS /D NOMINMAX /D PSAPI_VERSION=1 /D _CRT_RAND_S /D CERT_CHAIN_PARA_HAS_EXTRA_FIELDS /D WIN32_LEAN_AND_MEAN /D _ATL_NO_OPENGL /D _HAS_EXCEPTIONS=0 /D _SECURE_ATL /D CHROMIUM_BUILD /D TOOLKIT_VIEWS=1 /D ENABLE_REMOTING=1 /D ENABLE_P2P_APIS=1 /D ENABLE_CONFIGURATION_POLICY /D ENABLE_INPUT_SPEECH /D ENABLE_GPU=1 /D ENABLE_EGLIMAGE=1 /D USE_SKIA=1 /D __STD_C /D _CRT_SECURE_NO_DEPRECATE /D _SCL_SECURE_NO_DEPRECATE /D ENABLE_REGISTER_PROTOCOL_HANDLER=1 /D WEBRTC_TARGET_PC /D WEBRTC_LIBVPX_VERSION=971 /D __STDC_FORMAT_MACROS /D DYNAMIC_ANNOTATIONS_ENABLED=1 /D WTF_USE_DYNAMIC_ANNOTATIONS=1 /D _UNICODE /D UNICODE /Gm- /RTC1 /MTd /GS /Gy /fp:precise /Zc:wchar_t /Zc:forScope /GR- /Fo"C:\cygwin\home\nsinha\trunk\peerconnection\Debug\obj\webrtc_vp8\\" /Fd"C:\cygwin\home\nsinha\trunk\peerconnection\Debug\obj\webrtc_vp8\vc100.pdb" /Gd /TP /wd4351 /wd4396 /wd4503 /wd4819 /wd4100 /wd4121 /wd4125 /wd4127 /wd4130 /wd4131 /wd4189 /wd4201 /wd4238 /wd4244 /wd4245 /wd4310 /wd4355 /wd4428 /wd4481 /wd4505 /wd4510 /wd4512 /wd4530 /wd4610 /wd4611 /wd4701 /wd4702 /wd4706 /wd4389 /analyze- /errorReport:prompt video_coding\codecs\vp8\main\source\vp8_simulcast.cc video_coding\codecs\vp8\main\source\vp8.cc video_coding\codecs\vp8\main\source\reference_picture_selection.cc video_coding\codecs\vp8\main\source\temporal_layers.cc /MP /we4389 
         vp8_simulcast.cc
         vp8.cc
         reference_picture_selection.cc
         temporal_layers.cc
     1>video_coding\codecs\vp8\main\source\vp8.cc(504): warning C4800: 'const vpx_codec_frame_flags_t' : forcing value to bool 'true' or 'false' (performance warning)
     1>C:\Program Files\MSBuild\Microsoft.Cpp\v4.0\Microsoft.CppBuild.targets(1151,5): warning MSB8012: TargetPath(C:\cygwin\home\nsinha\trunk\src\modules\../..\build\Debug\webrtc_vp8.lib) does not match the Library's OutputFile property value (C:\cygwin\home\nsinha\trunk\build\Debug\lib\webrtc_vp8.lib). This may cause your project to build incorrectly. To correct this, please make sure that $(OutDir), $(TargetName) and $(TargetExt) property values match the value specified in %(Lib.OutputFile).
       Lib:
         C:\Program Files\Microsoft Visual Studio 10.0\VC\bin\Lib.exe /OUT:"../..\build\Debug\lib\webrtc_vp8.lib" /LIBPATH:../../third_party/platformsdk_win7/files/Lib /LIBPATH:../../third_party/directxsdk/files/Lib/x86 /NOLOGO C:\cygwin\home\nsinha\trunk\peerconnection\Debug\obj\webrtc_vp8\vp8_simulcast.obj
         C:\cygwin\home\nsinha\trunk\peerconnection\Debug\obj\webrtc_vp8\vp8.obj
         C:\cygwin\home\nsinha\trunk\peerconnection\Debug\obj\webrtc_vp8\reference_picture_selection.obj
         C:\cygwin\home\nsinha\trunk\peerconnection\Debug\obj\webrtc_vp8\temporal_layers.obj /ignore:4221 
         webrtc_vp8.vcxproj -> C:\cygwin\home\nsinha\trunk\src\modules\../..\build\Debug\webrtc_vp8.lib
       FinalizeBuildStatus:
         Deleting file "C:\cygwin\home\nsinha\trunk\peerconnection\Debug\obj\webrtc_vp8\webrtc_vp8.unsuccessfulbuild".
         Touching "C:\cygwin\home\nsinha\trunk\peerconnection\Debug\obj\webrtc_vp8\webrtc_vp8.lastbuildstate".
     1>Done Building Project "C:\cygwin\home\nsinha\trunk\src\modules\webrtc_vp8.vcxproj" (build target(s)).

Build succeeded.

Time Elapsed 00:00:01.12
