Build started 12/19/2011 4:33:59 PM.
     1>Project "C:\cygwin\home\nsinha\trunk\third_party\protobuf\protobuf_lite.vcxproj" on node 2 (build target(s)).
     1>InitializeBuildStatus:
         Creating "C:\cygwin\home\nsinha\trunk\src\modules\Debug\obj\protobuf_lite\protobuf_lite.unsuccessfulbuild" because "AlwaysCreate" was specified.
       ClCompile:
         C:\Program Files\Microsoft Visual Studio 10.0\VC\bin\CL.exe /c /I..\..\third_party\wtl\include /Ivsprojects /Isrc /I..\..\third_party\platformsdk_win7\files\Include /I..\..\third_party\directxsdk\files\Include /I"C:\Program Files\Microsoft Visual Studio 10.0\\VC\atlmfc\include" /Zi /nologo /W3 /WX- /Od /Oy- /D _DEBUG /D _WIN32_WINNT=0x0601 /D WINVER=0x0601 /D WIN32 /D _WINDOWS /D NOMINMAX /D PSAPI_VERSION=1 /D _CRT_RAND_S /D CERT_CHAIN_PARA_HAS_EXTRA_FIELDS /D _ATL_NO_OPENGL /D _HAS_EXCEPTIONS=0 /D _SECURE_ATL /D CHROMIUM_BUILD /D TOOLKIT_VIEWS=1 /D ENABLE_REMOTING=1 /D ENABLE_P2P_APIS=1 /D ENABLE_CONFIGURATION_POLICY /D ENABLE_INPUT_SPEECH /D ENABLE_GPU=1 /D ENABLE_EGLIMAGE=1 /D USE_SKIA=1 /D __STD_C /D _CRT_SECURE_NO_DEPRECATE /D _SCL_SECURE_NO_DEPRECATE /D ENABLE_REGISTER_PROTOCOL_HANDLER=1 /D GOOGLE_PROTOBUF_NO_RTTI /D _CRT_NONSTDC_NO_WARNINGS /D _CRT_NONSTDC_NO_DEPRECATE /D DYNAMIC_ANNOTATIONS_ENABLED=1 /D WTF_USE_DYNAMIC_ANNOTATIONS=1 /D _UNICODE /D UNICODE /Gm- /RTC1 /MTd /GS /Gy /fp:precise /Zc:wchar_t /Zc:forScope /GR- /Fo"C:\cygwin\home\nsinha\trunk\src\modules\Debug\obj\protobuf_lite\\" /Fd"C:\cygwin\home\nsinha\trunk\src\modules\Debug\obj\protobuf_lite\vc100.pdb" /Gd /TP /wd4018 /wd4244 /wd4355 /wd4351 /wd4396 /wd4503 /wd4819 /wd4100 /wd4121 /wd4125 /wd4127 /wd4130 /wd4131 /wd4189 /wd4201 /wd4238 /wd4245 /wd4310 /wd4428 /wd4481 /wd4505 /wd4510 /wd4512 /wd4530 /wd4610 /wd4611 /wd4701 /wd4702 /wd4706 /wd4800 /analyze- /errorReport:prompt src\google\protobuf\message_lite.cc src\google\protobuf\repeated_field.cc src\google\protobuf\wire_format_lite.cc src\google\protobuf\extension_set.cc src\google\protobuf\generated_message_util.cc src\google\protobuf\unknown_field_set.cc src\google\protobuf\stubs\once.cc src\google\protobuf\stubs\common.cc src\google\protobuf\io\zero_copy_stream.cc src\google\protobuf\io\zero_copy_stream_impl_lite.cc src\google\protobuf\io\coded_stream.cc /MP 
         message_lite.cc
         repeated_field.cc
         wire_format_lite.cc
         extension_set.cc
         generated_message_util.cc
         unknown_field_set.cc
         once.cc
         common.cc
         zero_copy_stream.cc
         zero_copy_stream_impl_lite.cc
         coded_stream.cc
     1>C:\Program Files\MSBuild\Microsoft.Cpp\v4.0\Microsoft.CppBuild.targets(1151,5): warning MSB8012: TargetPath(C:\cygwin\home\nsinha\trunk\third_party\protobuf\../..\build\Debug\protobuf_lite.lib) does not match the Library's OutputFile property value (C:\cygwin\home\nsinha\trunk\build\Debug\lib\protobuf_lite.lib). This may cause your project to build incorrectly. To correct this, please make sure that $(OutDir), $(TargetName) and $(TargetExt) property values match the value specified in %(Lib.OutputFile).
       Lib:
         C:\Program Files\Microsoft Visual Studio 10.0\VC\bin\Lib.exe /OUT:"../..\build\Debug\lib\protobuf_lite.lib" /LIBPATH:../../third_party/platformsdk_win7/files/Lib /LIBPATH:../../third_party/directxsdk/files/Lib/x86 /NOLOGO C:\cygwin\home\nsinha\trunk\src\modules\Debug\obj\protobuf_lite\message_lite.obj
         C:\cygwin\home\nsinha\trunk\src\modules\Debug\obj\protobuf_lite\repeated_field.obj
         C:\cygwin\home\nsinha\trunk\src\modules\Debug\obj\protobuf_lite\wire_format_lite.obj
         C:\cygwin\home\nsinha\trunk\src\modules\Debug\obj\protobuf_lite\extension_set.obj
         C:\cygwin\home\nsinha\trunk\src\modules\Debug\obj\protobuf_lite\generated_message_util.obj
         C:\cygwin\home\nsinha\trunk\src\modules\Debug\obj\protobuf_lite\unknown_field_set.obj
         C:\cygwin\home\nsinha\trunk\src\modules\Debug\obj\protobuf_lite\once.obj
         C:\cygwin\home\nsinha\trunk\src\modules\Debug\obj\protobuf_lite\common.obj
         C:\cygwin\home\nsinha\trunk\src\modules\Debug\obj\protobuf_lite\zero_copy_stream.obj
         C:\cygwin\home\nsinha\trunk\src\modules\Debug\obj\protobuf_lite\zero_copy_stream_impl_lite.obj
         C:\cygwin\home\nsinha\trunk\src\modules\Debug\obj\protobuf_lite\coded_stream.obj /ignore:4221 
         protobuf_lite.vcxproj -> C:\cygwin\home\nsinha\trunk\third_party\protobuf\../..\build\Debug\protobuf_lite.lib
       FinalizeBuildStatus:
         Deleting file "C:\cygwin\home\nsinha\trunk\src\modules\Debug\obj\protobuf_lite\protobuf_lite.unsuccessfulbuild".
         Touching "C:\cygwin\home\nsinha\trunk\src\modules\Debug\obj\protobuf_lite\protobuf_lite.lastbuildstate".
     1>Done Building Project "C:\cygwin\home\nsinha\trunk\third_party\protobuf\protobuf_lite.vcxproj" (build target(s)).

Build succeeded.

Time Elapsed 00:00:06.17
