Build started 1/12/2012 9:00:48 PM.
     1>Project "C:\cygwin\home\nsinha\original_ trunk\src\voice_engine\voice_engine_core.vcxproj" on node 3 (rebuild target(s)).
     1>InitializeBuildStatus:
         Creating "C:\cygwin\home\nsinha\original_ trunk\Debug\obj\voice_engine_core\voice_engine_core.unsuccessfulbuild" because "AlwaysCreate" was specified.
       ClCompile:
         C:\Program Files\Microsoft Visual Studio 10.0\VC\bin\CL.exe /c /I.. /I..\.. /I..\..\third_party\wtl\include /Imain\interface /I..\..\src\modules\audio_device\main\source /I..\common_audio\resampler\include /I..\common_audio\signal_processing\include /I..\modules\audio_coding\main\interface /I..\modules\interface /I..\modules\audio_conference_mixer\interface /I.. /I..\modules\audio_device\main\interface /I..\modules\audio_processing\interface /I..\modules\media_file\interface /I..\modules\rtp_rtcp\interface /I..\modules\udp_transport\interface /I..\modules\utility\interface /I..\system_wrappers\interface /I..\..\third_party\platformsdk_win7\files\Include /I..\..\third_party\directxsdk\files\Include /I"C:\Program Files\Microsoft Visual Studio 10.0\\VC\atlmfc\include" /Zi /nologo /W4 /WX- /Od /Oy- /D _DEBUG /D _WIN32_WINNT=0x0601 /D WINVER=0x0601 /D WIN32 /D _WINDOWS /D NOMINMAX /D PSAPI_VERSION=1 /D _CRT_RAND_S /D CERT_CHAIN_PARA_HAS_EXTRA_FIELDS /D WIN32_LEAN_AND_MEAN /D _ATL_NO_OPENGL /D _HAS_EXCEPTIONS=0 /D _SECURE_ATL /D CHROMIUM_BUILD /D TOOLKIT_VIEWS=1 /D ENABLE_REMOTING=1 /D ENABLE_P2P_APIS=1 /D ENABLE_CONFIGURATION_POLICY /D ENABLE_INPUT_SPEECH /D ENABLE_GPU=1 /D ENABLE_EGLIMAGE=1 /D USE_SKIA=1 /D __STD_C /D _CRT_SECURE_NO_DEPRECATE /D _SCL_SECURE_NO_DEPRECATE /D ENABLE_REGISTER_PROTOCOL_HANDLER=1 /D WEBRTC_TARGET_PC /D __STDC_FORMAT_MACROS /D DYNAMIC_ANNOTATIONS_ENABLED=1 /D WTF_USE_DYNAMIC_ANNOTATIONS=1 /D _UNICODE /D UNICODE /Gm- /RTC1 /MTd /GS /Gy /fp:precise /Zc:wchar_t /Zc:forScope /GR- /Fo"C:\cygwin\home\nsinha\original_ trunk\Debug\obj\voice_engine_core\\" /Fd"C:\cygwin\home\nsinha\original_ trunk\Debug\obj\voice_engine_core\vc100.pdb" /Gd /TP /wd4351 /wd4396 /wd4503 /wd4819 /wd4100 /wd4121 /wd4125 /wd4127 /wd4130 /wd4131 /wd4189 /wd4201 /wd4238 /wd4244 /wd4245 /wd4310 /wd4355 /wd4428 /wd4481 /wd4505 /wd4510 /wd4512 /wd4530 /wd4610 /wd4611 /wd4701 /wd4702 /wd4706 /wd4389 /analyze- /errorReport:prompt main\source\voe_external_media_impl.cc main\source\channel_manager_base.cc main\source\voice_engine_impl.cc main\source\ref_count.cc main\source\audio_frame_operations.cc main\source\voe_base_impl.cc main\source\level_indicator.cc main\source\voe_dtmf_impl.cc main\source\output_mixer.cc main\source\statistics.cc main\source\transmit_mixer.cc main\source\voe_rtp_rtcp_impl.cc main\source\voe_call_report_impl.cc main\source\voe_file_impl.cc main\source\voe_video_sync_impl.cc main\source\voe_network_impl.cc main\source\channel_manager.cc main\source\dtmf_inband_queue.cc main\source\utility.cc main\source\voe_neteq_stats_impl.cc main\source\shared_data.cc main\source\voe_audio_processing_impl.cc main\source\voe_encryption_impl.cc main\source\voe_volume_control_impl.cc main\source\monitor_module.cc main\source\dtmf_inband.cc main\source\voe_hardware_impl.cc main\source\channel.cc main\source\voe_codec_impl.cc /MP /we4389 
         voe_external_media_impl.cc
         channel_manager_base.cc
         voice_engine_impl.cc
         ref_count.cc
         audio_frame_operations.cc
         voe_base_impl.cc
         level_indicator.cc
         voe_dtmf_impl.cc
         output_mixer.cc
         statistics.cc
         transmit_mixer.cc
         voe_rtp_rtcp_impl.cc
         voe_call_report_impl.cc
         voe_file_impl.cc
         voe_video_sync_impl.cc
         voe_network_impl.cc
         channel_manager.cc
         dtmf_inband_queue.cc
         utility.cc
         voe_neteq_stats_impl.cc
         shared_data.cc
         voe_audio_processing_impl.cc
         voe_encryption_impl.cc
         voe_volume_control_impl.cc
         monitor_module.cc
         dtmf_inband.cc
         voe_hardware_impl.cc
         channel.cc
         voe_codec_impl.cc
     1>C:\Program Files\MSBuild\Microsoft.Cpp\v4.0\Microsoft.CppBuild.targets(1151,5): warning MSB8012: TargetPath(C:\cygwin\home\nsinha\original_ trunk\src\voice_engine\../..\build\Debug\voice_engine_core.lib) does not match the Library's OutputFile property value (C:\cygwin\home\nsinha\original_ trunk\build\Debug\lib\voice_engine_core.lib). This may cause your project to build incorrectly. To correct this, please make sure that $(OutDir), $(TargetName) and $(TargetExt) property values match the value specified in %(Lib.OutputFile).
       Lib:
         C:\Program Files\Microsoft Visual Studio 10.0\VC\bin\Lib.exe /OUT:"../..\build\Debug\lib\voice_engine_core.lib" /LIBPATH:../../third_party/platformsdk_win7/files/Lib /LIBPATH:../../third_party/directxsdk/files/Lib/x86 /NOLOGO "C:\cygwin\home\nsinha\original_ trunk\Debug\obj\voice_engine_core\voe_external_media_impl.obj"
         "C:\cygwin\home\nsinha\original_ trunk\Debug\obj\voice_engine_core\channel_manager_base.obj"
         "C:\cygwin\home\nsinha\original_ trunk\Debug\obj\voice_engine_core\voice_engine_impl.obj"
         "C:\cygwin\home\nsinha\original_ trunk\Debug\obj\voice_engine_core\ref_count.obj"
         "C:\cygwin\home\nsinha\original_ trunk\Debug\obj\voice_engine_core\audio_frame_operations.obj"
         "C:\cygwin\home\nsinha\original_ trunk\Debug\obj\voice_engine_core\voe_base_impl.obj"
         "C:\cygwin\home\nsinha\original_ trunk\Debug\obj\voice_engine_core\level_indicator.obj"
         "C:\cygwin\home\nsinha\original_ trunk\Debug\obj\voice_engine_core\voe_dtmf_impl.obj"
         "C:\cygwin\home\nsinha\original_ trunk\Debug\obj\voice_engine_core\output_mixer.obj"
         "C:\cygwin\home\nsinha\original_ trunk\Debug\obj\voice_engine_core\statistics.obj"
         "C:\cygwin\home\nsinha\original_ trunk\Debug\obj\voice_engine_core\transmit_mixer.obj"
         "C:\cygwin\home\nsinha\original_ trunk\Debug\obj\voice_engine_core\voe_rtp_rtcp_impl.obj"
         "C:\cygwin\home\nsinha\original_ trunk\Debug\obj\voice_engine_core\voe_call_report_impl.obj"
         "C:\cygwin\home\nsinha\original_ trunk\Debug\obj\voice_engine_core\voe_file_impl.obj"
         "C:\cygwin\home\nsinha\original_ trunk\Debug\obj\voice_engine_core\voe_video_sync_impl.obj"
         "C:\cygwin\home\nsinha\original_ trunk\Debug\obj\voice_engine_core\voe_network_impl.obj"
         "C:\cygwin\home\nsinha\original_ trunk\Debug\obj\voice_engine_core\channel_manager.obj"
         "C:\cygwin\home\nsinha\original_ trunk\Debug\obj\voice_engine_core\dtmf_inband_queue.obj"
         "C:\cygwin\home\nsinha\original_ trunk\Debug\obj\voice_engine_core\utility.obj"
         "C:\cygwin\home\nsinha\original_ trunk\Debug\obj\voice_engine_core\voe_neteq_stats_impl.obj"
         "C:\cygwin\home\nsinha\original_ trunk\Debug\obj\voice_engine_core\shared_data.obj"
         "C:\cygwin\home\nsinha\original_ trunk\Debug\obj\voice_engine_core\voe_audio_processing_impl.obj"
         "C:\cygwin\home\nsinha\original_ trunk\Debug\obj\voice_engine_core\voe_encryption_impl.obj"
         "C:\cygwin\home\nsinha\original_ trunk\Debug\obj\voice_engine_core\voe_volume_control_impl.obj"
         "C:\cygwin\home\nsinha\original_ trunk\Debug\obj\voice_engine_core\monitor_module.obj"
         "C:\cygwin\home\nsinha\original_ trunk\Debug\obj\voice_engine_core\dtmf_inband.obj"
         "C:\cygwin\home\nsinha\original_ trunk\Debug\obj\voice_engine_core\voe_hardware_impl.obj"
         "C:\cygwin\home\nsinha\original_ trunk\Debug\obj\voice_engine_core\channel.obj"
         "C:\cygwin\home\nsinha\original_ trunk\Debug\obj\voice_engine_core\voe_codec_impl.obj" /ignore:4221 
         voice_engine_core.vcxproj -> C:\cygwin\home\nsinha\original_ trunk\src\voice_engine\../..\build\Debug\voice_engine_core.lib
       FinalizeBuildStatus:
         Deleting file "C:\cygwin\home\nsinha\original_ trunk\Debug\obj\voice_engine_core\voice_engine_core.unsuccessfulbuild".
         Touching "C:\cygwin\home\nsinha\original_ trunk\Debug\obj\voice_engine_core\voice_engine_core.lastbuildstate".
     1>Done Building Project "C:\cygwin\home\nsinha\original_ trunk\src\voice_engine\voice_engine_core.vcxproj" (rebuild target(s)).

Build succeeded.

Time Elapsed 00:00:17.90
