Build started 1/12/2012 9:03:06 PM.
     1>Project "C:\cygwin\home\nsinha\original_ trunk\third_party\libjpeg_turbo\libjpeg.vcxproj" on node 2 (rebuild target(s)).
     1>InitializeBuildStatus:
         Creating "C:\cygwin\home\nsinha\original_ trunk\Debug\obj\libjpeg\libjpeg.unsuccessfulbuild" because "AlwaysCreate" was specified.
       _assemble:
       Skipping target "_assemble" because all output files are up-to-date with respect to the input files.
       _assemble:
       Skipping target "_assemble" because all output files are up-to-date with respect to the input files.
       _assemble:
       Skipping target "_assemble" because all output files are up-to-date with respect to the input files.
       _assemble:
       Skipping target "_assemble" because all output files are up-to-date with respect to the input files.
       _assemble:
       Skipping target "_assemble" because all output files are up-to-date with respect to the input files.
       _assemble:
       Skipping target "_assemble" because all output files are up-to-date with respect to the input files.
       _assemble:
       Skipping target "_assemble" because all output files are up-to-date with respect to the input files.
       _assemble:
       Skipping target "_assemble" because all output files are up-to-date with respect to the input files.
       _assemble:
       Skipping target "_assemble" because all output files are up-to-date with respect to the input files.
       _assemble:
       Skipping target "_assemble" because all output files are up-to-date with respect to the input files.
       _assemble:
       Skipping target "_assemble" because all output files are up-to-date with respect to the input files.
       _assemble:
       Skipping target "_assemble" because all output files are up-to-date with respect to the input files.
       _assemble:
       Skipping target "_assemble" because all output files are up-to-date with respect to the input files.
       _assemble:
       Skipping target "_assemble" because all output files are up-to-date with respect to the input files.
       _assemble:
       Skipping target "_assemble" because all output files are up-to-date with respect to the input files.
       _assemble:
       Skipping target "_assemble" because all output files are up-to-date with respect to the input files.
       _assemble:
       Skipping target "_assemble" because all output files are up-to-date with respect to the input files.
       _assemble:
       Skipping target "_assemble" because all output files are up-to-date with respect to the input files.
       _assemble:
       Skipping target "_assemble" because all output files are up-to-date with respect to the input files.
       _assemble:
       Skipping target "_assemble" because all output files are up-to-date with respect to the input files.
       _assemble:
       Skipping target "_assemble" because all output files are up-to-date with respect to the input files.
       _assemble:
       Skipping target "_assemble" because all output files are up-to-date with respect to the input files.
       _assemble:
       Skipping target "_assemble" because all output files are up-to-date with respect to the input files.
       _assemble:
       Skipping target "_assemble" because all output files are up-to-date with respect to the input files.
       _assemble:
       Skipping target "_assemble" because all output files are up-to-date with respect to the input files.
       _assemble:
       Skipping target "_assemble" because all output files are up-to-date with respect to the input files.
       _assemble:
       Skipping target "_assemble" because all output files are up-to-date with respect to the input files.
       _assemble:
       Skipping target "_assemble" because all output files are up-to-date with respect to the input files.
       _assemble:
       Skipping target "_assemble" because all output files are up-to-date with respect to the input files.
       _assemble:
       Skipping target "_assemble" because all output files are up-to-date with respect to the input files.
       _assemble:
       Skipping target "_assemble" because all output files are up-to-date with respect to the input files.
       _assemble:
       Skipping target "_assemble" because all output files are up-to-date with respect to the input files.
       _assemble:
       Skipping target "_assemble" because all output files are up-to-date with respect to the input files.
       ClCompile:
         C:\Program Files\Microsoft Visual Studio 10.0\VC\bin\CL.exe /c /I..\..\third_party\wtl\include /I. /I..\..\third_party\platformsdk_win7\files\Include /I..\..\third_party\directxsdk\files\Include /I"C:\Program Files\Microsoft Visual Studio 10.0\\VC\atlmfc\include" /Zi /nologo /W3 /WX- /Od /Oy- /D _DEBUG /D _WIN32_WINNT=0x0601 /D WINVER=0x0601 /D WIN32 /D _WINDOWS /D NOMINMAX /D PSAPI_VERSION=1 /D _CRT_RAND_S /D CERT_CHAIN_PARA_HAS_EXTRA_FIELDS /D WIN32_LEAN_AND_MEAN /D _ATL_NO_OPENGL /D _HAS_EXCEPTIONS=0 /D _SECURE_ATL /D CHROMIUM_BUILD /D TOOLKIT_VIEWS=1 /D ENABLE_REMOTING=1 /D ENABLE_P2P_APIS=1 /D ENABLE_CONFIGURATION_POLICY /D ENABLE_INPUT_SPEECH /D ENABLE_GPU=1 /D ENABLE_EGLIMAGE=1 /D USE_SKIA=1 /D __STD_C /D _CRT_SECURE_NO_DEPRECATE /D _SCL_SECURE_NO_DEPRECATE /D ENABLE_REGISTER_PROTOCOL_HANDLER=1 /D WITH_SIMD /D MOTION_JPEG_SUPPORTED /D _CRT_NONSTDC_NO_WARNINGS /D _CRT_NONSTDC_NO_DEPRECATE /D DYNAMIC_ANNOTATIONS_ENABLED=1 /D WTF_USE_DYNAMIC_ANNOTATIONS=1 /D _UNICODE /D UNICODE /Gm- /RTC1 /MTd /GS /Gy /fp:precise /Zc:wchar_t /Zc:forScope /GR- /Fo"C:\cygwin\home\nsinha\original_ trunk\Debug\obj\libjpeg\\" /Fd"C:\cygwin\home\nsinha\original_ trunk\Debug\obj\libjpeg\vc100.pdb" /Gd /TC /wd4351 /wd4396 /wd4503 /wd4819 /wd4100 /wd4121 /wd4125 /wd4127 /wd4130 /wd4131 /wd4189 /wd4201 /wd4238 /wd4244 /wd4245 /wd4310 /wd4355 /wd4428 /wd4481 /wd4505 /wd4510 /wd4512 /wd4530 /wd4610 /wd4611 /wd4701 /wd4702 /wd4706 /wd4018 /wd4101 /wd4800 /analyze- /errorReport:prompt jidctflt.c jdmaster.c jcapimin.c jfdctint.c jdarith.c jcomapi.c jmemnobs.c jcprepct.c jaricom.c jcsample.c jcmainct.c jdatadst.c jcinit.c jddctmgr.c jdinput.c jcmarker.c jdmarker.c jquant2.c jcapistd.c jdapistd.c jdmerge.c jchuff.c jfdctfst.c jccoefct.c jerror.c jmemmgr.c jdhuff.c jcarith.c jcdctmgr.c jfdctflt.c jdcoefct.c jdphuff.c jidctred.c jccolor.c jcparam.c jidctint.c jcphuff.c jdmainct.c jdcolor.c jcmaster.c jutils.c jdatasrc.c jquant1.c jdpostct.c jdapimin.c jidctfst.c jdsample.c simd\jsimd_i386.c /MP 
         jidctflt.c
         jdmaster.c
         jcapimin.c
         jfdctint.c
         jdarith.c
         jcomapi.c
         jmemnobs.c
         jcprepct.c
         jaricom.c
         jcsample.c
         jcmainct.c
         jdatadst.c
         jcinit.c
         jddctmgr.c
         jdinput.c
         jcmarker.c
         jdmarker.c
         jquant2.c
         jcapistd.c
         jdapistd.c
         jdmerge.c
         jchuff.c
         jfdctfst.c
         jccoefct.c
         jerror.c
         jmemmgr.c
         jdhuff.c
         jcarith.c
         jcdctmgr.c
         jfdctflt.c
         jdcoefct.c
         jdphuff.c
         jidctred.c
         jccolor.c
         jcparam.c
         jidctint.c
         jcphuff.c
         jdmainct.c
         jdcolor.c
         jcmaster.c
         jutils.c
         jdatasrc.c
         jquant1.c
         jdpostct.c
         jdapimin.c
         jidctfst.c
         jdsample.c
         jsimd_i386.c
     1>C:\Program Files\MSBuild\Microsoft.Cpp\v4.0\Microsoft.CppBuild.targets(1151,5): warning MSB8012: TargetPath(C:\cygwin\home\nsinha\original_ trunk\third_party\libjpeg_turbo\../..\build\Debug\libjpeg.lib) does not match the Library's OutputFile property value (C:\cygwin\home\nsinha\original_ trunk\build\Debug\lib\libjpeg.lib). This may cause your project to build incorrectly. To correct this, please make sure that $(OutDir), $(TargetName) and $(TargetExt) property values match the value specified in %(Lib.OutputFile).
       Lib:
         C:\Program Files\Microsoft Visual Studio 10.0\VC\bin\Lib.exe /OUT:"../..\build\Debug\lib\libjpeg.lib" /LIBPATH:../../third_party/platformsdk_win7/files/Lib /LIBPATH:../../third_party/directxsdk/files/Lib/x86 /NOLOGO ../..\build\Debug\obj\global_intermediate\third_party\libjpeg_turbo\jcgrass2.obj
         ../..\build\Debug\obj\global_intermediate\third_party\libjpeg_turbo\jiss2fst.obj
         ../..\build\Debug\obj\global_intermediate\third_party\libjpeg_turbo\jisseflt.obj
         ../..\build\Debug\obj\global_intermediate\third_party\libjpeg_turbo\jfss2int.obj
         ../..\build\Debug\obj\global_intermediate\third_party\libjpeg_turbo\jdmermmx.obj
         ../..\build\Debug\obj\global_intermediate\third_party\libjpeg_turbo\jcsammmx.obj
         ../..\build\Debug\obj\global_intermediate\third_party\libjpeg_turbo\jcqnts2f.obj
         ../..\build\Debug\obj\global_intermediate\third_party\libjpeg_turbo\jiss2flt.obj
         ../..\build\Debug\obj\global_intermediate\third_party\libjpeg_turbo\jcsamss2.obj
         ../..\build\Debug\obj\global_intermediate\third_party\libjpeg_turbo\jf3dnflt.obj
         ../..\build\Debug\obj\global_intermediate\third_party\libjpeg_turbo\jfsseflt.obj
         ../..\build\Debug\obj\global_intermediate\third_party\libjpeg_turbo\jcqntmmx.obj
         ../..\build\Debug\obj\global_intermediate\third_party\libjpeg_turbo\jsimdcpu.obj
         ../..\build\Debug\obj\global_intermediate\third_party\libjpeg_turbo\jcqnt3dn.obj
         ../..\build\Debug\obj\global_intermediate\third_party\libjpeg_turbo\jdcolss2.obj
         ../..\build\Debug\obj\global_intermediate\third_party\libjpeg_turbo\jccolmmx.obj
         ../..\build\Debug\obj\global_intermediate\third_party\libjpeg_turbo\jccolss2.obj
         ../..\build\Debug\obj\global_intermediate\third_party\libjpeg_turbo\jfss2fst.obj
         ../..\build\Debug\obj\global_intermediate\third_party\libjpeg_turbo\jimmxred.obj
         ../..\build\Debug\obj\global_intermediate\third_party\libjpeg_turbo\jiss2red.obj
         ../..\build\Debug\obj\global_intermediate\third_party\libjpeg_turbo\jdsammmx.obj
         ../..\build\Debug\obj\global_intermediate\third_party\libjpeg_turbo\jfmmxfst.obj
         ../..\build\Debug\obj\global_intermediate\third_party\libjpeg_turbo\jcgrammx.obj
         ../..\build\Debug\obj\global_intermediate\third_party\libjpeg_turbo\jdcolmmx.obj
         ../..\build\Debug\obj\global_intermediate\third_party\libjpeg_turbo\jcqntsse.obj
         ../..\build\Debug\obj\global_intermediate\third_party\libjpeg_turbo\jdmerss2.obj
         ../..\build\Debug\obj\global_intermediate\third_party\libjpeg_turbo\jiss2int.obj
         ../..\build\Debug\obj\global_intermediate\third_party\libjpeg_turbo\jimmxfst.obj
         ../..\build\Debug\obj\global_intermediate\third_party\libjpeg_turbo\jcqnts2i.obj
         ../..\build\Debug\obj\global_intermediate\third_party\libjpeg_turbo\jdsamss2.obj
         ../..\build\Debug\obj\global_intermediate\third_party\libjpeg_turbo\jimmxint.obj
         ../..\build\Debug\obj\global_intermediate\third_party\libjpeg_turbo\jfmmxint.obj
         ../..\build\Debug\obj\global_intermediate\third_party\libjpeg_turbo\ji3dnflt.obj
         "C:\cygwin\home\nsinha\original_ trunk\Debug\obj\libjpeg\jidctflt.obj"
         "C:\cygwin\home\nsinha\original_ trunk\Debug\obj\libjpeg\jdmaster.obj"
         "C:\cygwin\home\nsinha\original_ trunk\Debug\obj\libjpeg\jcapimin.obj"
         "C:\cygwin\home\nsinha\original_ trunk\Debug\obj\libjpeg\jfdctint.obj"
         "C:\cygwin\home\nsinha\original_ trunk\Debug\obj\libjpeg\jdarith.obj"
         "C:\cygwin\home\nsinha\original_ trunk\Debug\obj\libjpeg\jcomapi.obj"
         "C:\cygwin\home\nsinha\original_ trunk\Debug\obj\libjpeg\jmemnobs.obj"
         "C:\cygwin\home\nsinha\original_ trunk\Debug\obj\libjpeg\jcprepct.obj"
         "C:\cygwin\home\nsinha\original_ trunk\Debug\obj\libjpeg\jaricom.obj"
         "C:\cygwin\home\nsinha\original_ trunk\Debug\obj\libjpeg\jcsample.obj"
         "C:\cygwin\home\nsinha\original_ trunk\Debug\obj\libjpeg\jcmainct.obj"
         "C:\cygwin\home\nsinha\original_ trunk\Debug\obj\libjpeg\jdatadst.obj"
         "C:\cygwin\home\nsinha\original_ trunk\Debug\obj\libjpeg\jcinit.obj"
         "C:\cygwin\home\nsinha\original_ trunk\Debug\obj\libjpeg\jddctmgr.obj"
         "C:\cygwin\home\nsinha\original_ trunk\Debug\obj\libjpeg\jdinput.obj"
         "C:\cygwin\home\nsinha\original_ trunk\Debug\obj\libjpeg\jcmarker.obj"
         "C:\cygwin\home\nsinha\original_ trunk\Debug\obj\libjpeg\jdmarker.obj"
         "C:\cygwin\home\nsinha\original_ trunk\Debug\obj\libjpeg\jquant2.obj"
         "C:\cygwin\home\nsinha\original_ trunk\Debug\obj\libjpeg\jcapistd.obj"
         "C:\cygwin\home\nsinha\original_ trunk\Debug\obj\libjpeg\jdapistd.obj"
         "C:\cygwin\home\nsinha\original_ trunk\Debug\obj\libjpeg\jdmerge.obj"
         "C:\cygwin\home\nsinha\original_ trunk\Debug\obj\libjpeg\jchuff.obj"
         "C:\cygwin\home\nsinha\original_ trunk\Debug\obj\libjpeg\jfdctfst.obj"
         "C:\cygwin\home\nsinha\original_ trunk\Debug\obj\libjpeg\jccoefct.obj"
         "C:\cygwin\home\nsinha\original_ trunk\Debug\obj\libjpeg\jerror.obj"
         "C:\cygwin\home\nsinha\original_ trunk\Debug\obj\libjpeg\jmemmgr.obj"
         "C:\cygwin\home\nsinha\original_ trunk\Debug\obj\libjpeg\jdhuff.obj"
         "C:\cygwin\home\nsinha\original_ trunk\Debug\obj\libjpeg\jcarith.obj"
         "C:\cygwin\home\nsinha\original_ trunk\Debug\obj\libjpeg\jcdctmgr.obj"
         "C:\cygwin\home\nsinha\original_ trunk\Debug\obj\libjpeg\jfdctflt.obj"
         "C:\cygwin\home\nsinha\original_ trunk\Debug\obj\libjpeg\jdcoefct.obj"
         "C:\cygwin\home\nsinha\original_ trunk\Debug\obj\libjpeg\jdphuff.obj"
         "C:\cygwin\home\nsinha\original_ trunk\Debug\obj\libjpeg\jidctred.obj"
         "C:\cygwin\home\nsinha\original_ trunk\Debug\obj\libjpeg\jccolor.obj"
         "C:\cygwin\home\nsinha\original_ trunk\Debug\obj\libjpeg\jcparam.obj"
         "C:\cygwin\home\nsinha\original_ trunk\Debug\obj\libjpeg\jidctint.obj"
         "C:\cygwin\home\nsinha\original_ trunk\Debug\obj\libjpeg\jcphuff.obj"
         "C:\cygwin\home\nsinha\original_ trunk\Debug\obj\libjpeg\jdmainct.obj"
         "C:\cygwin\home\nsinha\original_ trunk\Debug\obj\libjpeg\jdcolor.obj"
         "C:\cygwin\home\nsinha\original_ trunk\Debug\obj\libjpeg\jcmaster.obj"
         "C:\cygwin\home\nsinha\original_ trunk\Debug\obj\libjpeg\jutils.obj"
         "C:\cygwin\home\nsinha\original_ trunk\Debug\obj\libjpeg\jdatasrc.obj"
         "C:\cygwin\home\nsinha\original_ trunk\Debug\obj\libjpeg\jquant1.obj"
         "C:\cygwin\home\nsinha\original_ trunk\Debug\obj\libjpeg\jdpostct.obj"
         "C:\cygwin\home\nsinha\original_ trunk\Debug\obj\libjpeg\jdapimin.obj"
         "C:\cygwin\home\nsinha\original_ trunk\Debug\obj\libjpeg\jidctfst.obj"
         "C:\cygwin\home\nsinha\original_ trunk\Debug\obj\libjpeg\jdsample.obj"
         "C:\cygwin\home\nsinha\original_ trunk\Debug\obj\libjpeg\jsimd_i386.obj" /ignore:4221 
         libjpeg.vcxproj -> C:\cygwin\home\nsinha\original_ trunk\third_party\libjpeg_turbo\../..\build\Debug\libjpeg.lib
       FinalizeBuildStatus:
         Deleting file "C:\cygwin\home\nsinha\original_ trunk\Debug\obj\libjpeg\libjpeg.unsuccessfulbuild".
         Touching "C:\cygwin\home\nsinha\original_ trunk\Debug\obj\libjpeg\libjpeg.lastbuildstate".
     1>Done Building Project "C:\cygwin\home\nsinha\original_ trunk\third_party\libjpeg_turbo\libjpeg.vcxproj" (rebuild target(s)).

Build succeeded.

Time Elapsed 00:00:05.31
