Build started 1/12/2012 9:26:55 PM.
     1>Project "C:\cygwin\home\nsinha\original_ trunk\peerconnection\peerconnection_client.vcxproj" on node 3 (build target(s)).
     1>InitializeBuildStatus:
         Creating "C:\cygwin\home\nsinha\original_ trunk\Debug\obj\peerconnection_client\peerconnection_client.unsuccessfulbuild" because "AlwaysCreate" was specified.
       ClCompile:
         All outputs are up-to-date.
       ManifestResourceCompile:
         All outputs are up-to-date.
       Link:
         C:\Program Files\Microsoft Visual Studio 10.0\VC\bin\link.exe /ERRORREPORT:PROMPT /OUT:"..\build\Debug\peerconnection_client.exe" /INCREMENTAL /NOLOGO /LIBPATH:../third_party/platformsdk_win7/files/Lib /LIBPATH:../third_party/directxsdk/files/Lib/x86 wininet.lib dnsapi.lib version.lib msimg32.lib ws2_32.lib usp10.lib psapi.lib dbghelp.lib winmm.lib shlwapi.lib winmm.lib dmoguids.lib wmcodecdspuuid.lib amstrmid.lib msdmo.lib secur32.lib crypt32.lib iphlpapi.lib kernel32.lib user32.lib gdi32.lib winspool.lib comdlg32.lib advapi32.lib shell32.lib ole32.lib oleaut32.lib uuid.lib odbc32.lib odbccp32.lib Delayimp.lib /DELAYLOAD:dbghelp.dll /DELAYLOAD:dwmapi.dll /DELAYLOAD:uxtheme.dll /MANIFEST /ManifestFile:"C:\cygwin\home\nsinha\original_ trunk\Debug\obj\peerconnection_client\peerconnection_client.exe.intermediate.manifest" /MANIFESTUAC:"level='asInvoker' uiAccess='false'" /DEBUG /PDB:"C:\cygwin\home\nsinha\original_ trunk\build\Debug\peerconnection_client.pdb" /SUBSYSTEM:WINDOWS /TLBID:1 /DYNAMICBASE:NO /FIXED:NO /NXCOMPAT /IMPLIB:"..\build\Debug\lib\peerconnection_client.lib" /MACHINE:X86 "C:\cygwin\home\nsinha\original_ trunk\Debug\obj\peerconnection_client\peerconnection_client.exe.embed.manifest.res"
         "C:\cygwin\home\nsinha\original_ trunk\Debug\obj\peerconnection_client\win32socketserver.obj"
         "C:\cygwin\home\nsinha\original_ trunk\Debug\obj\peerconnection_client\win32socketinit.obj"
         "C:\cygwin\home\nsinha\original_ trunk\Debug\obj\peerconnection_client\peer_connection_client.obj"
         "C:\cygwin\home\nsinha\original_ trunk\Debug\obj\peerconnection_client\main.obj"
         "C:\cygwin\home\nsinha\original_ trunk\Debug\obj\peerconnection_client\conductor.obj"
         "C:\cygwin\home\nsinha\original_ trunk\Debug\obj\peerconnection_client\defaults.obj"
         "C:\cygwin\home\nsinha\original_ trunk\Debug\obj\peerconnection_client\main_wnd.obj"
         "C:\cygwin\home\nsinha\original_ trunk\build\Debug\lib\libjingle_app.lib"
         "C:\cygwin\home\nsinha\original_ trunk\build\Debug\lib\expat.lib"
         "C:\cygwin\home\nsinha\original_ trunk\build\Debug\lib\jsoncpp.lib"
         "C:\cygwin\home\nsinha\original_ trunk\build\Debug\lib\video_capture_module.lib"
         "C:\cygwin\home\nsinha\original_ trunk\build\Debug\lib\webrtc_utility.lib"
         "C:\cygwin\home\nsinha\original_ trunk\build\Debug\lib\audio_coding_module.lib"
         "C:\cygwin\home\nsinha\original_ trunk\build\Debug\lib\CNG.lib"
         "C:\cygwin\home\nsinha\original_ trunk\build\Debug\lib\signal_processing.lib"
         "C:\cygwin\home\nsinha\original_ trunk\build\Debug\lib\G711.lib"
         "C:\cygwin\home\nsinha\original_ trunk\build\Debug\lib\G722.lib"
         "C:\cygwin\home\nsinha\original_ trunk\build\Debug\lib\iLBC.lib"
         "C:\cygwin\home\nsinha\original_ trunk\build\Debug\lib\iSAC.lib"
         "C:\cygwin\home\nsinha\original_ trunk\build\Debug\lib\iSACFix.lib"
         "C:\cygwin\home\nsinha\original_ trunk\build\Debug\lib\PCM16B.lib"
         "C:\cygwin\home\nsinha\original_ trunk\build\Debug\lib\NetEq.lib"
         "C:\cygwin\home\nsinha\original_ trunk\build\Debug\lib\resampler.lib"
         "C:\cygwin\home\nsinha\original_ trunk\build\Debug\lib\vad.lib"
         "C:\cygwin\home\nsinha\original_ trunk\build\Debug\lib\system_wrappers.lib"
         "C:\cygwin\home\nsinha\original_ trunk\build\Debug\lib\webrtc_video_coding.lib"
         "C:\cygwin\home\nsinha\original_ trunk\build\Debug\lib\webrtc_i420.lib"
         "C:\cygwin\home\nsinha\original_ trunk\build\Debug\lib\webrtc_vp8.lib"
         "C:\cygwin\home\nsinha\original_ trunk\build\Debug\lib\webrtc_libyuv.lib"
         "C:\cygwin\home\nsinha\original_ trunk\build\Debug\lib\libyuv.lib"
         "C:\cygwin\home\nsinha\original_ trunk\build\Debug\lib\libvpx.lib"
         "C:\cygwin\home\nsinha\original_ trunk\build\Debug\lib\video_render_module.lib"
         "C:\cygwin\home\nsinha\original_ trunk\build\Debug\lib\video_engine_core.lib"
         "C:\cygwin\home\nsinha\original_ trunk\build\Debug\lib\webrtc_jpeg.lib"
         "C:\cygwin\home\nsinha\original_ trunk\build\Debug\lib\libjpeg.lib"
         "C:\cygwin\home\nsinha\original_ trunk\build\Debug\lib\media_file.lib"
         "C:\cygwin\home\nsinha\original_ trunk\build\Debug\lib\rtp_rtcp.lib"
         "C:\cygwin\home\nsinha\original_ trunk\build\Debug\lib\udp_transport.lib"
         "C:\cygwin\home\nsinha\original_ trunk\build\Debug\lib\video_processing.lib"
         "C:\cygwin\home\nsinha\original_ trunk\build\Debug\lib\voice_engine_core.lib"
         "C:\cygwin\home\nsinha\original_ trunk\build\Debug\lib\audio_conference_mixer.lib"
         "C:\cygwin\home\nsinha\original_ trunk\build\Debug\lib\audio_processing.lib"
         "C:\cygwin\home\nsinha\original_ trunk\build\Debug\lib\aec.lib"
         "C:\cygwin\home\nsinha\original_ trunk\build\Debug\lib\apm_util.lib"
         "C:\cygwin\home\nsinha\original_ trunk\build\Debug\lib\aecm.lib"
         "C:\cygwin\home\nsinha\original_ trunk\build\Debug\lib\agc.lib"
         "C:\cygwin\home\nsinha\original_ trunk\build\Debug\lib\ns.lib"
         "C:\cygwin\home\nsinha\original_ trunk\build\Debug\lib\audioproc_debug_proto.lib"
         "C:\cygwin\home\nsinha\original_ trunk\build\Debug\lib\protobuf_lite.lib"
         "C:\cygwin\home\nsinha\original_ trunk\build\Debug\lib\audio_device.lib"
         "C:\cygwin\home\nsinha\original_ trunk\build\Debug\lib\libjingle_p2p.lib"
         "C:\cygwin\home\nsinha\original_ trunk\build\Debug\lib\libjingle.lib" /safeseh /dynamicbase /ignore:4199 /ignore:4221 /nxcompat 
       Manifest:
         C:\Program Files\Microsoft SDKs\Windows\v7.0A\bin\mt.exe /nologo /verbose /out:"C:\cygwin\home\nsinha\original_ trunk\Debug\obj\peerconnection_client\peerconnection_client.exe.embed.manifest" /manifest "C:\cygwin\home\nsinha\original_ trunk\Debug\obj\peerconnection_client\peerconnection_client.exe.intermediate.manifest"
         All outputs are up-to-date.
       LinkEmbedManifest:
         All outputs are up-to-date.
         peerconnection_client.vcxproj -> C:\cygwin\home\nsinha\original_ trunk\peerconnection\..\build\Debug\peerconnection_client.exe
       FinalizeBuildStatus:
         Deleting file "C:\cygwin\home\nsinha\original_ trunk\Debug\obj\peerconnection_client\peerconnection_client.unsuccessfulbuild".
         Touching "C:\cygwin\home\nsinha\original_ trunk\Debug\obj\peerconnection_client\peerconnection_client.lastbuildstate".
     1>Done Building Project "C:\cygwin\home\nsinha\original_ trunk\peerconnection\peerconnection_client.vcxproj" (build target(s)).

Build succeeded.

Time Elapsed 00:00:41.26
