Build started 1/12/2012 9:00:37 PM.
     1>Project "C:\cygwin\home\nsinha\original_ trunk\src\modules\audio_processing.vcxproj" on node 3 (rebuild target(s)).
     1>InitializeBuildStatus:
         Creating "C:\cygwin\home\nsinha\original_ trunk\Debug\obj\audio_processing\audio_processing.unsuccessfulbuild" because "AlwaysCreate" was specified.
       ClCompile:
         C:\Program Files\Microsoft Visual Studio 10.0\VC\bin\CL.exe /c /I.. /I..\.. /I..\..\third_party\wtl\include /Iaudio_processing\interface /Iinterface /Iaudio_processing\aec\interface /Iaudio_processing\aecm\interface /Iaudio_processing\agc\interface /I..\common_audio\signal_processing\include /I..\common_audio\vad\include /I..\system_wrappers\interface /Iaudio_processing\ns\interface /I../..\build\Debug\obj\global_intermediate\protoc_out /I..\..\third_party\protobuf\vsprojects /I..\..\third_party\protobuf\src /I..\..\third_party\platformsdk_win7\files\Include /I..\..\third_party\directxsdk\files\Include /I"C:\Program Files\Microsoft Visual Studio 10.0\\VC\atlmfc\include" /Zi /nologo /W4 /WX- /Od /Oy- /D _DEBUG /D _WIN32_WINNT=0x0601 /D WINVER=0x0601 /D WIN32 /D _WINDOWS /D NOMINMAX /D PSAPI_VERSION=1 /D _CRT_RAND_S /D CERT_CHAIN_PARA_HAS_EXTRA_FIELDS /D WIN32_LEAN_AND_MEAN /D _ATL_NO_OPENGL /D _HAS_EXCEPTIONS=0 /D _SECURE_ATL /D CHROMIUM_BUILD /D TOOLKIT_VIEWS=1 /D ENABLE_REMOTING=1 /D ENABLE_P2P_APIS=1 /D ENABLE_CONFIGURATION_POLICY /D ENABLE_INPUT_SPEECH /D ENABLE_GPU=1 /D ENABLE_EGLIMAGE=1 /D USE_SKIA=1 /D __STD_C /D _CRT_SECURE_NO_DEPRECATE /D _SCL_SECURE_NO_DEPRECATE /D ENABLE_REGISTER_PROTOCOL_HANDLER=1 /D WEBRTC_TARGET_PC /D WEBRTC_NS_FLOAT /D WEBRTC_AUDIOPROC_DEBUG_DUMP /D GOOGLE_PROTOBUF_NO_RTTI /D __STDC_FORMAT_MACROS /D DYNAMIC_ANNOTATIONS_ENABLED=1 /D WTF_USE_DYNAMIC_ANNOTATIONS=1 /D _UNICODE /D UNICODE /Gm- /RTC1 /MTd /GS /Gy /fp:precise /Zc:wchar_t /Zc:forScope /GR- /Fo"C:\cygwin\home\nsinha\original_ trunk\Debug\obj\audio_processing\\" /Fd"C:\cygwin\home\nsinha\original_ trunk\Debug\obj\audio_processing\vc100.pdb" /Gd /TP /wd4351 /wd4396 /wd4503 /wd4819 /wd4100 /wd4121 /wd4125 /wd4127 /wd4130 /wd4131 /wd4189 /wd4201 /wd4238 /wd4244 /wd4245 /wd4310 /wd4355 /wd4428 /wd4481 /wd4505 /wd4510 /wd4512 /wd4530 /wd4610 /wd4611 /wd4701 /wd4702 /wd4706 /wd4389 /analyze- /errorReport:prompt audio_processing\level_estimator_impl.cc audio_processing\noise_suppression_impl.cc audio_processing\gain_control_impl.cc audio_processing\audio_buffer.cc audio_processing\voice_detection_impl.cc audio_processing\processing_component.cc audio_processing\audio_processing_impl.cc audio_processing\high_pass_filter_impl.cc audio_processing\echo_control_mobile_impl.cc audio_processing\echo_cancellation_impl.cc audio_processing\splitting_filter.cc /MP /we4389 
         level_estimator_impl.cc
         noise_suppression_impl.cc
         gain_control_impl.cc
         audio_buffer.cc
         voice_detection_impl.cc
         processing_component.cc
         audio_processing_impl.cc
         high_pass_filter_impl.cc
         echo_control_mobile_impl.cc
         echo_cancellation_impl.cc
         splitting_filter.cc
     1>C:\Program Files\MSBuild\Microsoft.Cpp\v4.0\Microsoft.CppBuild.targets(1151,5): warning MSB8012: TargetPath(C:\cygwin\home\nsinha\original_ trunk\src\modules\../..\build\Debug\audio_processing.lib) does not match the Library's OutputFile property value (C:\cygwin\home\nsinha\original_ trunk\build\Debug\lib\audio_processing.lib). This may cause your project to build incorrectly. To correct this, please make sure that $(OutDir), $(TargetName) and $(TargetExt) property values match the value specified in %(Lib.OutputFile).
       Lib:
         C:\Program Files\Microsoft Visual Studio 10.0\VC\bin\Lib.exe /OUT:"../..\build\Debug\lib\audio_processing.lib" /LIBPATH:../../third_party/platformsdk_win7/files/Lib /LIBPATH:../../third_party/directxsdk/files/Lib/x86 /NOLOGO "C:\cygwin\home\nsinha\original_ trunk\Debug\obj\audio_processing\level_estimator_impl.obj"
         "C:\cygwin\home\nsinha\original_ trunk\Debug\obj\audio_processing\noise_suppression_impl.obj"
         "C:\cygwin\home\nsinha\original_ trunk\Debug\obj\audio_processing\gain_control_impl.obj"
         "C:\cygwin\home\nsinha\original_ trunk\Debug\obj\audio_processing\audio_buffer.obj"
         "C:\cygwin\home\nsinha\original_ trunk\Debug\obj\audio_processing\voice_detection_impl.obj"
         "C:\cygwin\home\nsinha\original_ trunk\Debug\obj\audio_processing\processing_component.obj"
         "C:\cygwin\home\nsinha\original_ trunk\Debug\obj\audio_processing\audio_processing_impl.obj"
         "C:\cygwin\home\nsinha\original_ trunk\Debug\obj\audio_processing\high_pass_filter_impl.obj"
         "C:\cygwin\home\nsinha\original_ trunk\Debug\obj\audio_processing\echo_control_mobile_impl.obj"
         "C:\cygwin\home\nsinha\original_ trunk\Debug\obj\audio_processing\echo_cancellation_impl.obj"
         "C:\cygwin\home\nsinha\original_ trunk\Debug\obj\audio_processing\splitting_filter.obj" /ignore:4221 
         audio_processing.vcxproj -> C:\cygwin\home\nsinha\original_ trunk\src\modules\../..\build\Debug\audio_processing.lib
       FinalizeBuildStatus:
         Deleting file "C:\cygwin\home\nsinha\original_ trunk\Debug\obj\audio_processing\audio_processing.unsuccessfulbuild".
         Touching "C:\cygwin\home\nsinha\original_ trunk\Debug\obj\audio_processing\audio_processing.lastbuildstate".
     1>Done Building Project "C:\cygwin\home\nsinha\original_ trunk\src\modules\audio_processing.vcxproj" (rebuild target(s)).

Build succeeded.

Time Elapsed 00:00:06.39
