Build started 12/19/2011 4:12:27 PM.
     1>Project "C:\cygwin\home\nsinha\trunk\src\modules\video_quality_measurement.vcxproj" on node 2 (build target(s)).
     1>C:\WINDOWS\Microsoft.NET\Framework\v4.0.30319\Microsoft.Common.Targets(1200,9): warning : The referenced project 'src\modules\video_codecs_test_framework.vcxproj' does not exist.
     1>C:\WINDOWS\Microsoft.NET\Framework\v4.0.30319\Microsoft.Common.Targets(1200,9): warning : The referenced project 'src\modules\webrtc_vp8.vcxproj' does not exist.
     1>C:\WINDOWS\Microsoft.NET\Framework\v4.0.30319\Microsoft.Common.Targets(1200,9): warning : The referenced project 'third_party\google-gflags\google-gflags.vcxproj' does not exist.
     1>C:\WINDOWS\Microsoft.NET\Framework\v4.0.30319\Microsoft.Common.Targets(1200,9): warning : The referenced project 'test\test_support.vcxproj' does not exist.
     1>C:\WINDOWS\Microsoft.NET\Framework\v4.0.30319\Microsoft.Common.Targets(1200,9): warning : The referenced project 'testing\gtest.vcxproj' does not exist.
     1>C:\WINDOWS\Microsoft.NET\Framework\v4.0.30319\Microsoft.Common.Targets(1200,9): warning : The referenced project 'testing\gmock.vcxproj' does not exist.
     1>C:\WINDOWS\Microsoft.NET\Framework\v4.0.30319\Microsoft.Common.Targets(1200,9): warning : The referenced project 'src\system_wrappers\source\system_wrappers.vcxproj' does not exist.
     1>C:\WINDOWS\Microsoft.NET\Framework\v4.0.30319\Microsoft.Common.Targets(1200,9): warning : The referenced project 'src\common_video\webrtc_libyuv.vcxproj' does not exist.
     1>C:\WINDOWS\Microsoft.NET\Framework\v4.0.30319\Microsoft.Common.Targets(1200,9): warning : The referenced project 'third_party\libyuv\libyuv.vcxproj' does not exist.
     1>C:\WINDOWS\Microsoft.NET\Framework\v4.0.30319\Microsoft.Common.Targets(1200,9): warning : The referenced project 'third_party\libvpx\libvpx.vcxproj' does not exist.
     1>InitializeBuildStatus:
         Creating "C:\cygwin\home\nsinha\trunk\Debug\obj\video_quality_measurement\video_quality_measurement.unsuccessfulbuild" because "AlwaysCreate" was specified.
       ClCompile:
         C:\Program Files\Microsoft Visual Studio 10.0\VC\bin\CL.exe /c /I.. /I..\.. /I..\..\third_party\wtl\include /I..\..\test /Ivideo_coding\codecs\vp8\main\interface /I..\..\src\common_video\interface /I..\..\src\modules\video_coding\codecs\interface /I"..\..\third_party\google-gflags\gen\arch\win\ia32\include" /I"..\..\third_party\google-gflags\src" /I..\..\third_party\platformsdk_win7\files\Include /I..\..\third_party\directxsdk\files\Include /I"C:\Program Files\Microsoft Visual Studio 10.0\\VC\atlmfc\include" /Zi /nologo /W4 /WX- /Od /Oy- /D _DEBUG /D _WIN32_WINNT=0x0601 /D WINVER=0x0601 /D WIN32 /D _WINDOWS /D NOMINMAX /D PSAPI_VERSION=1 /D _CRT_RAND_S /D CERT_CHAIN_PARA_HAS_EXTRA_FIELDS /D WIN32_LEAN_AND_MEAN /D _ATL_NO_OPENGL /D _HAS_EXCEPTIONS=0 /D _SECURE_ATL /D CHROMIUM_BUILD /D TOOLKIT_VIEWS=1 /D ENABLE_REMOTING=1 /D ENABLE_P2P_APIS=1 /D ENABLE_CONFIGURATION_POLICY /D ENABLE_INPUT_SPEECH /D ENABLE_GPU=1 /D ENABLE_EGLIMAGE=1 /D USE_SKIA=1 /D __STD_C /D _CRT_SECURE_NO_DEPRECATE /D _SCL_SECURE_NO_DEPRECATE /D ENABLE_REGISTER_PROTOCOL_HANDLER=1 /D WEBRTC_TARGET_PC /D GFLAGS_DLL_DECL= /D GFLAGS_DLL_DECLARE_FLAG= /D GFLAGS_DLL_DEFINE_FLAG= /D __STDC_FORMAT_MACROS /D DYNAMIC_ANNOTATIONS_ENABLED=1 /D WTF_USE_DYNAMIC_ANNOTATIONS=1 /D _UNICODE /D UNICODE /Gm- /RTC1 /MTd /GS /Gy /fp:precise /Zc:wchar_t /Zc:forScope /GR- /Fo"C:\cygwin\home\nsinha\trunk\Debug\obj\video_quality_measurement\\" /Fd"C:\cygwin\home\nsinha\trunk\Debug\obj\video_quality_measurement\vc100.pdb" /Gd /TP /wd4351 /wd4396 /wd4503 /wd4819 /wd4100 /wd4121 /wd4125 /wd4127 /wd4130 /wd4131 /wd4189 /wd4201 /wd4238 /wd4244 /wd4245 /wd4310 /wd4355 /wd4428 /wd4481 /wd4505 /wd4510 /wd4512 /wd4530 /wd4610 /wd4611 /wd4701 /wd4702 /wd4706 /wd4389 /analyze- /errorReport:prompt video_coding\codecs\tools\video_quality_measurement.cc /MP /we4389 
         video_quality_measurement.cc
       ManifestResourceCompile:
         C:\Program Files\Microsoft SDKs\Windows\v7.0A\bin\rc.exe /nologo /fo"C:\cygwin\home\nsinha\trunk\Debug\obj\video_quality_measurement\video_quality_measurement.exe.embed.manifest.res" C:\cygwin\home\nsinha\trunk\Debug\obj\video_quality_measurement\video_quality_measurement_manifest.rc 
       Link:
         C:\Program Files\Microsoft Visual Studio 10.0\VC\bin\link.exe /ERRORREPORT:PROMPT /OUT:"../..\build\Debug\video_quality_measurement.exe" /INCREMENTAL /NOLOGO /LIBPATH:../../third_party/platformsdk_win7/files/Lib /LIBPATH:../../third_party/directxsdk/files/Lib/x86 wininet.lib dnsapi.lib version.lib msimg32.lib ws2_32.lib usp10.lib psapi.lib dbghelp.lib winmm.lib shlwapi.lib winmm.lib kernel32.lib user32.lib gdi32.lib winspool.lib comdlg32.lib advapi32.lib shell32.lib ole32.lib oleaut32.lib uuid.lib odbc32.lib odbccp32.lib Delayimp.lib /DELAYLOAD:dbghelp.dll /DELAYLOAD:dwmapi.dll /DELAYLOAD:uxtheme.dll /MANIFEST /ManifestFile:"C:\cygwin\home\nsinha\trunk\Debug\obj\video_quality_measurement\video_quality_measurement.exe.intermediate.manifest" /MANIFESTUAC:"level='asInvoker' uiAccess='false'" /DEBUG /PDB:"C:\cygwin\home\nsinha\trunk\build\Debug\video_quality_measurement.pdb" /SUBSYSTEM:CONSOLE /TLBID:1 /DYNAMICBASE:NO /FIXED:NO /NXCOMPAT /IMPLIB:"../..\build\Debug\lib\video_quality_measurement.lib" /MACHINE:X86 C:\cygwin\home\nsinha\trunk\Debug\obj\video_quality_measurement\video_quality_measurement.exe.embed.manifest.res
         C:\cygwin\home\nsinha\trunk\Debug\obj\video_quality_measurement\video_quality_measurement.obj /safeseh /dynamicbase /ignore:4199 /ignore:4221 /nxcompat 
     1>video_quality_measurement.obj : error LNK2019: unresolved external symbol "char const * __cdecl google::ProgramUsage(void)" (?ProgramUsage@google@@YAPBDXZ) referenced in function "int __cdecl HandleCommandLineFlags(struct webrtc::test::TestConfig *)" (?HandleCommandLineFlags@@YAHPAUTestConfig@test@webrtc@@@Z)
     1>video_quality_measurement.obj : error LNK2019: unresolved external symbol "int __cdecl SsimFromFiles(char const *,char const *,int,int,struct QualityMetricsResult *)" (?SsimFromFiles@@YAHPBD0HHPAUQualityMetricsResult@@@Z) referenced in function "void __cdecl CalculateSsimVideoMetrics(struct webrtc::test::TestConfig *,struct QualityMetricsResult *)" (?CalculateSsimVideoMetrics@@YAXPAUTestConfig@test@webrtc@@PAUQualityMetricsResult@@@Z)
     1>video_quality_measurement.obj : error LNK2019: unresolved external symbol "int __cdecl PsnrFromFiles(char const *,char const *,int,int,struct QualityMetricsResult *)" (?PsnrFromFiles@@YAHPBD0HHPAUQualityMetricsResult@@@Z) referenced in function "void __cdecl CalculatePsnrVideoMetrics(struct webrtc::test::TestConfig *,struct QualityMetricsResult *)" (?CalculatePsnrVideoMetrics@@YAXPAUTestConfig@test@webrtc@@PAUQualityMetricsResult@@@Z)
     1>video_quality_measurement.obj : error LNK2019: unresolved external symbol "char const * __cdecl webrtc::test::PacketLossModeToStr(enum webrtc::test::PacketLossMode)" (?PacketLossModeToStr@test@webrtc@@YAPBDW4PacketLossMode@12@@Z) referenced in function "void __cdecl PrintConfigurationSummary(struct webrtc::test::TestConfig const &)" (?PrintConfigurationSummary@@YAXABUTestConfig@test@webrtc@@@Z)
     1>video_quality_measurement.obj : error LNK2019: unresolved external symbol "char const * __cdecl webrtc::test::ExcludeFrameTypesToStr(enum webrtc::test::ExcludeFrameTypes)" (?ExcludeFrameTypesToStr@test@webrtc@@YAPBDW4ExcludeFrameTypes@12@@Z) referenced in function "void __cdecl PrintPythonOutput(struct webrtc::test::TestConfig const &,class webrtc::test::Stats const &,struct QualityMetricsResult const &,struct QualityMetricsResult const &)" (?PrintPythonOutput@@YAXABUTestConfig@test@webrtc@@ABVStats@23@ABUQualityMetricsResult@@2@Z)
     1>video_quality_measurement.obj : error LNK2019: unresolved external symbol "char const * __cdecl webrtc::test::VideoCodecTypeToStr(enum webrtc::VideoCodecType)" (?VideoCodecTypeToStr@test@webrtc@@YAPBDW4VideoCodecType@2@@Z) referenced in function "void __cdecl PrintPythonOutput(struct webrtc::test::TestConfig const &,class webrtc::test::Stats const &,struct QualityMetricsResult const &,struct QualityMetricsResult const &)" (?PrintPythonOutput@@YAXABUTestConfig@test@webrtc@@ABVStats@23@ABUQualityMetricsResult@@2@Z)
     1>video_quality_measurement.obj : error LNK2019: unresolved external symbol "public: virtual __thiscall webrtc::VP8Encoder::~VP8Encoder(void)" (??1VP8Encoder@webrtc@@UAE@XZ) referenced in function _main
     1>video_quality_measurement.obj : error LNK2019: unresolved external symbol "public: virtual __thiscall webrtc::VP8Decoder::~VP8Decoder(void)" (??1VP8Decoder@webrtc@@UAE@XZ) referenced in function _main
     1>video_quality_measurement.obj : error LNK2019: unresolved external symbol "public: virtual __thiscall webrtc::test::Stats::~Stats(void)" (??1Stats@test@webrtc@@UAE@XZ) referenced in function _main
     1>video_quality_measurement.obj : error LNK2019: unresolved external symbol "public: virtual __thiscall webrtc::test::FrameReaderImpl::~FrameReaderImpl(void)" (??1FrameReaderImpl@test@webrtc@@UAE@XZ) referenced in function _main
     1>video_quality_measurement.obj : error LNK2019: unresolved external symbol "public: virtual __thiscall webrtc::test::FrameWriterImpl::~FrameWriterImpl(void)" (??1FrameWriterImpl@test@webrtc@@UAE@XZ) referenced in function _main
     1>video_quality_measurement.obj : error LNK2019: unresolved external symbol "public: virtual __thiscall webrtc::test::PacketReader::~PacketReader(void)" (??1PacketReader@test@webrtc@@UAE@XZ) referenced in function _main
     1>video_quality_measurement.obj : error LNK2019: unresolved external symbol "public: virtual __thiscall webrtc::test::PacketManipulatorImpl::~PacketManipulatorImpl(void)" (??1PacketManipulatorImpl@test@webrtc@@UAE@XZ) referenced in function _main
     1>video_quality_measurement.obj : error LNK2019: unresolved external symbol "public: virtual __thiscall webrtc::test::VideoProcessorImpl::~VideoProcessorImpl(void)" (??1VideoProcessorImpl@test@webrtc@@UAE@XZ) referenced in function _main
     1>video_quality_measurement.obj : error LNK2019: unresolved external symbol "public: void __thiscall webrtc::test::Stats::PrintSummary(void)" (?PrintSummary@Stats@test@webrtc@@QAEXXZ) referenced in function _main
     1>video_quality_measurement.obj : error LNK2019: unresolved external symbol "public: virtual void __thiscall webrtc::test::FrameWriterImpl::Close(void)" (?Close@FrameWriterImpl@test@webrtc@@UAEXXZ) referenced in function _main
     1>video_quality_measurement.obj : error LNK2019: unresolved external symbol "public: virtual void __thiscall webrtc::test::FrameReaderImpl::Close(void)" (?Close@FrameReaderImpl@test@webrtc@@UAEXXZ) referenced in function _main
     1>video_quality_measurement.obj : error LNK2019: unresolved external symbol "public: virtual int __thiscall webrtc::VP8Decoder::Release(void)" (?Release@VP8Decoder@webrtc@@UAEHXZ) referenced in function _main
     1>video_quality_measurement.obj : error LNK2019: unresolved external symbol "public: virtual int __thiscall webrtc::VP8Encoder::Release(void)" (?Release@VP8Encoder@webrtc@@UAEHXZ) referenced in function _main
     1>video_quality_measurement.obj : error LNK2019: unresolved external symbol "public: virtual bool __thiscall webrtc::test::VideoProcessorImpl::ProcessFrame(int)" (?ProcessFrame@VideoProcessorImpl@test@webrtc@@UAE_NH@Z) referenced in function _main
     1>video_quality_measurement.obj : error LNK2019: unresolved external symbol "public: virtual bool __thiscall webrtc::test::VideoProcessorImpl::Init(void)" (?Init@VideoProcessorImpl@test@webrtc@@UAE_NXZ) referenced in function _main
     1>video_quality_measurement.obj : error LNK2019: unresolved external symbol "public: __thiscall webrtc::test::VideoProcessorImpl::VideoProcessorImpl(class webrtc::VideoEncoder *,class webrtc::VideoDecoder *,class webrtc::test::FrameReader *,class webrtc::test::FrameWriter *,class webrtc::test::PacketManipulator *,struct webrtc::test::TestConfig const &,class webrtc::test::Stats *)" (??0VideoProcessorImpl@test@webrtc@@QAE@PAVVideoEncoder@2@PAVVideoDecoder@2@PAVFrameReader@12@PAVFrameWriter@12@PAVPacketManipulator@12@ABUTestConfig@12@PAVStats@12@@Z) referenced in function _main
     1>video_quality_measurement.obj : error LNK2019: unresolved external symbol "public: __thiscall webrtc::test::PacketManipulatorImpl::PacketManipulatorImpl(class webrtc::test::PacketReader *,struct webrtc::test::NetworkingConfig const &,bool)" (??0PacketManipulatorImpl@test@webrtc@@QAE@PAVPacketReader@12@ABUNetworkingConfig@12@_N@Z) referenced in function _main
     1>video_quality_measurement.obj : error LNK2019: unresolved external symbol "public: __thiscall webrtc::test::PacketReader::PacketReader(void)" (??0PacketReader@test@webrtc@@QAE@XZ) referenced in function _main
     1>video_quality_measurement.obj : error LNK2019: unresolved external symbol "public: virtual bool __thiscall webrtc::test::FrameWriterImpl::Init(void)" (?Init@FrameWriterImpl@test@webrtc@@UAE_NXZ) referenced in function _main
     1>video_quality_measurement.obj : error LNK2019: unresolved external symbol "public: virtual bool __thiscall webrtc::test::FrameReaderImpl::Init(void)" (?Init@FrameReaderImpl@test@webrtc@@UAE_NXZ) referenced in function _main
     1>video_quality_measurement.obj : error LNK2019: unresolved external symbol "public: __thiscall webrtc::test::FrameWriterImpl::FrameWriterImpl(class std::basic_string<char,struct std::char_traits<char>,class std::allocator<char> >,int)" (??0FrameWriterImpl@test@webrtc@@QAE@V?$basic_string@DU?$char_traits@D@std@@V?$allocator@D@2@@std@@H@Z) referenced in function _main
     1>video_quality_measurement.obj : error LNK2019: unresolved external symbol "public: __thiscall webrtc::test::FrameReaderImpl::FrameReaderImpl(class std::basic_string<char,struct std::char_traits<char>,class std::allocator<char> >,int)" (??0FrameReaderImpl@test@webrtc@@QAE@V?$basic_string@DU?$char_traits@D@std@@V?$allocator@D@2@@std@@H@Z) referenced in function _main
     1>video_quality_measurement.obj : error LNK2019: unresolved external symbol "public: __thiscall webrtc::test::Stats::Stats(void)" (??0Stats@test@webrtc@@QAE@XZ) referenced in function _main
     1>video_quality_measurement.obj : error LNK2019: unresolved external symbol "public: __thiscall webrtc::VP8Decoder::VP8Decoder(void)" (??0VP8Decoder@webrtc@@QAE@XZ) referenced in function _main
     1>video_quality_measurement.obj : error LNK2019: unresolved external symbol "public: __thiscall webrtc::VP8Encoder::VP8Encoder(void)" (??0VP8Encoder@webrtc@@QAE@XZ) referenced in function _main
     1>video_quality_measurement.obj : error LNK2019: unresolved external symbol "unsigned int __cdecl google::ParseCommandLineFlags(int *,char * * *,bool)" (?ParseCommandLineFlags@google@@YAIPAHPAPAPAD_N@Z) referenced in function _main
     1>video_quality_measurement.obj : error LNK2019: unresolved external symbol "void __cdecl google::SetUsageMessage(class std::basic_string<char,struct std::char_traits<char>,class std::allocator<char> > const &)" (?SetUsageMessage@google@@YAXABV?$basic_string@DU?$char_traits@D@std@@V?$allocator@D@2@@std@@@Z) referenced in function _main
     1>video_quality_measurement.obj : error LNK2019: unresolved external symbol "public: __thiscall google::FlagRegisterer::FlagRegisterer(char const *,char const *,char const *,char const *,void *,void *)" (??0FlagRegisterer@google@@QAE@PBD000PAX1@Z) referenced in function "void __cdecl fLS::`dynamic initializer for 'o_test_name''(void)" (??__Eo_test_name@fLS@@YAXXZ)
     1>../..\build\Debug\video_quality_measurement.exe : fatal error LNK1120: 34 unresolved externals
     1>Done Building Project "C:\cygwin\home\nsinha\trunk\src\modules\video_quality_measurement.vcxproj" (build target(s)) -- FAILED.

Build FAILED.

Time Elapsed 00:00:01.60
