Build started 1/12/2012 9:01:20 PM.
     1>Project "C:\cygwin\home\nsinha\original_ trunk\src\system_wrappers\source\system_wrappers.vcxproj" on node 3 (rebuild target(s)).
     1>InitializeBuildStatus:
         Creating "C:\cygwin\home\nsinha\original_ trunk\Debug\obj\system_wrappers\system_wrappers.unsuccessfulbuild" because "AlwaysCreate" was specified.
       ClCompile:
         C:\Program Files\Microsoft Visual Studio 10.0\VC\bin\CL.exe /c /I..\.. /I..\..\.. /I..\..\..\third_party\wtl\include /Ispreadsortlib /I..\interface /I..\..\..\third_party\platformsdk_win7\files\Include /I..\..\..\third_party\directxsdk\files\Include /I"C:\Program Files\Microsoft Visual Studio 10.0\\VC\atlmfc\include" /Zi /nologo /W4 /WX- /Od /Oy- /D _DEBUG /D _WIN32_WINNT=0x0601 /D WINVER=0x0601 /D WIN32 /D _WINDOWS /D NOMINMAX /D PSAPI_VERSION=1 /D _CRT_RAND_S /D CERT_CHAIN_PARA_HAS_EXTRA_FIELDS /D WIN32_LEAN_AND_MEAN /D _ATL_NO_OPENGL /D _HAS_EXCEPTIONS=0 /D _SECURE_ATL /D CHROMIUM_BUILD /D TOOLKIT_VIEWS=1 /D ENABLE_REMOTING=1 /D ENABLE_P2P_APIS=1 /D ENABLE_CONFIGURATION_POLICY /D ENABLE_INPUT_SPEECH /D ENABLE_GPU=1 /D ENABLE_EGLIMAGE=1 /D USE_SKIA=1 /D __STD_C /D _CRT_SECURE_NO_DEPRECATE /D _SCL_SECURE_NO_DEPRECATE /D ENABLE_REGISTER_PROTOCOL_HANDLER=1 /D WEBRTC_TARGET_PC /D __STDC_FORMAT_MACROS /D DYNAMIC_ANNOTATIONS_ENABLED=1 /D WTF_USE_DYNAMIC_ANNOTATIONS=1 /D _UNICODE /D UNICODE /Gm- /RTC1 /MTd /GS /Gy /fp:precise /Zc:wchar_t /Zc:forScope /GR- /Fo"C:\cygwin\home\nsinha\original_ trunk\Debug\obj\system_wrappers\\" /Fd"C:\cygwin\home\nsinha\original_ trunk\Debug\obj\system_wrappers\vc100.pdb" /Gd /TP /wd4351 /wd4396 /wd4503 /wd4819 /wd4100 /wd4121 /wd4125 /wd4127 /wd4130 /wd4131 /wd4189 /wd4201 /wd4238 /wd4244 /wd4245 /wd4310 /wd4355 /wd4428 /wd4481 /wd4505 /wd4510 /wd4512 /wd4530 /wd4610 /wd4611 /wd4701 /wd4702 /wd4706 /wd4389 /analyze- /errorReport:prompt condition_variable_win.cc thread_win.cc cpu_win.cc cpu_info.cc file_impl.cc data_log_c.cc condition_variable.cc event_win.cc cpu.cc critical_section.cc rw_lock_win.cc map.cc atomic32.cc data_log_no_op.cc cpu_features.cc trace_win.cc trace_impl.cc critical_section_win.cc sort.cc rw_lock.cc aligned_malloc.cc thread.cc list_no_stl.cc event.cc /MP /we4389 
         condition_variable_win.cc
         thread_win.cc
         cpu_win.cc
         cpu_info.cc
         file_impl.cc
         data_log_c.cc
         condition_variable.cc
         event_win.cc
     1>event_win.cc(33): warning C4800: 'BOOL' : forcing value to bool 'true' or 'false' (performance warning)
     1>event_win.cc(38): warning C4800: 'BOOL' : forcing value to bool 'true' or 'false' (performance warning)
         cpu.cc
         critical_section.cc
         rw_lock_win.cc
         map.cc
         atomic32.cc
         data_log_no_op.cc
         cpu_features.cc
         trace_win.cc
         trace_impl.cc
         critical_section_win.cc
         sort.cc
         rw_lock.cc
         aligned_malloc.cc
         thread.cc
         list_no_stl.cc
         event.cc
     1>C:\Program Files\MSBuild\Microsoft.Cpp\v4.0\Microsoft.CppBuild.targets(1151,5): warning MSB8012: TargetPath(C:\cygwin\home\nsinha\original_ trunk\src\system_wrappers\source\../../..\build\Debug\system_wrappers.lib) does not match the Library's OutputFile property value (C:\cygwin\home\nsinha\original_ trunk\build\Debug\lib\system_wrappers.lib). This may cause your project to build incorrectly. To correct this, please make sure that $(OutDir), $(TargetName) and $(TargetExt) property values match the value specified in %(Lib.OutputFile).
       Lib:
         C:\Program Files\Microsoft Visual Studio 10.0\VC\bin\Lib.exe /OUT:"../../..\build\Debug\lib\system_wrappers.lib" /LIBPATH:../../../third_party/platformsdk_win7/files/Lib /LIBPATH:../../../third_party/directxsdk/files/Lib/x86 /NOLOGO "C:\cygwin\home\nsinha\original_ trunk\Debug\obj\system_wrappers\condition_variable_win.obj"
         "C:\cygwin\home\nsinha\original_ trunk\Debug\obj\system_wrappers\thread_win.obj"
         "C:\cygwin\home\nsinha\original_ trunk\Debug\obj\system_wrappers\cpu_win.obj"
         "C:\cygwin\home\nsinha\original_ trunk\Debug\obj\system_wrappers\cpu_info.obj"
         "C:\cygwin\home\nsinha\original_ trunk\Debug\obj\system_wrappers\file_impl.obj"
         "C:\cygwin\home\nsinha\original_ trunk\Debug\obj\system_wrappers\data_log_c.obj"
         "C:\cygwin\home\nsinha\original_ trunk\Debug\obj\system_wrappers\condition_variable.obj"
         "C:\cygwin\home\nsinha\original_ trunk\Debug\obj\system_wrappers\event_win.obj"
         "C:\cygwin\home\nsinha\original_ trunk\Debug\obj\system_wrappers\cpu.obj"
         "C:\cygwin\home\nsinha\original_ trunk\Debug\obj\system_wrappers\critical_section.obj"
         "C:\cygwin\home\nsinha\original_ trunk\Debug\obj\system_wrappers\rw_lock_win.obj"
         "C:\cygwin\home\nsinha\original_ trunk\Debug\obj\system_wrappers\map.obj"
         "C:\cygwin\home\nsinha\original_ trunk\Debug\obj\system_wrappers\atomic32.obj"
         "C:\cygwin\home\nsinha\original_ trunk\Debug\obj\system_wrappers\data_log_no_op.obj"
         "C:\cygwin\home\nsinha\original_ trunk\Debug\obj\system_wrappers\cpu_features.obj"
         "C:\cygwin\home\nsinha\original_ trunk\Debug\obj\system_wrappers\trace_win.obj"
         "C:\cygwin\home\nsinha\original_ trunk\Debug\obj\system_wrappers\trace_impl.obj"
         "C:\cygwin\home\nsinha\original_ trunk\Debug\obj\system_wrappers\critical_section_win.obj"
         "C:\cygwin\home\nsinha\original_ trunk\Debug\obj\system_wrappers\sort.obj"
         "C:\cygwin\home\nsinha\original_ trunk\Debug\obj\system_wrappers\rw_lock.obj"
         "C:\cygwin\home\nsinha\original_ trunk\Debug\obj\system_wrappers\aligned_malloc.obj"
         "C:\cygwin\home\nsinha\original_ trunk\Debug\obj\system_wrappers\thread.obj"
         "C:\cygwin\home\nsinha\original_ trunk\Debug\obj\system_wrappers\list_no_stl.obj"
         "C:\cygwin\home\nsinha\original_ trunk\Debug\obj\system_wrappers\event.obj" /ignore:4221 
         system_wrappers.vcxproj -> C:\cygwin\home\nsinha\original_ trunk\src\system_wrappers\source\../../..\build\Debug\system_wrappers.lib
       FinalizeBuildStatus:
         Deleting file "C:\cygwin\home\nsinha\original_ trunk\Debug\obj\system_wrappers\system_wrappers.unsuccessfulbuild".
         Touching "C:\cygwin\home\nsinha\original_ trunk\Debug\obj\system_wrappers\system_wrappers.lastbuildstate".
     1>Done Building Project "C:\cygwin\home\nsinha\original_ trunk\src\system_wrappers\source\system_wrappers.vcxproj" (rebuild target(s)).

Build succeeded.

Time Elapsed 00:00:06.65
