Build started 12/19/2011 4:13:47 PM.
     1>Project "C:\cygwin\home\nsinha\trunk\src\modules\NetEqRTPplay.vcxproj" on node 3 (build target(s)).
     1>C:\WINDOWS\Microsoft.NET\Framework\v4.0.30319\Microsoft.Common.Targets(1200,9): warning : The referenced project 'src\modules\NetEq.vcxproj' does not exist.
     1>C:\WINDOWS\Microsoft.NET\Framework\v4.0.30319\Microsoft.Common.Targets(1200,9): warning : The referenced project 'src\modules\NetEqTestTools.vcxproj' does not exist.
     1>C:\WINDOWS\Microsoft.NET\Framework\v4.0.30319\Microsoft.Common.Targets(1200,9): warning : The referenced project 'src\modules\G711.vcxproj' does not exist.
     1>C:\WINDOWS\Microsoft.NET\Framework\v4.0.30319\Microsoft.Common.Targets(1200,9): warning : The referenced project 'src\modules\G722.vcxproj' does not exist.
     1>C:\WINDOWS\Microsoft.NET\Framework\v4.0.30319\Microsoft.Common.Targets(1200,9): warning : The referenced project 'src\modules\PCM16B.vcxproj' does not exist.
     1>C:\WINDOWS\Microsoft.NET\Framework\v4.0.30319\Microsoft.Common.Targets(1200,9): warning : The referenced project 'src\modules\iLBC.vcxproj' does not exist.
     1>C:\WINDOWS\Microsoft.NET\Framework\v4.0.30319\Microsoft.Common.Targets(1200,9): warning : The referenced project 'src\modules\iSAC.vcxproj' does not exist.
     1>C:\WINDOWS\Microsoft.NET\Framework\v4.0.30319\Microsoft.Common.Targets(1200,9): warning : The referenced project 'src\modules\CNG.vcxproj' does not exist.
     1>C:\WINDOWS\Microsoft.NET\Framework\v4.0.30319\Microsoft.Common.Targets(1200,9): warning : The referenced project 'src\common_audio\signal_processing.vcxproj' does not exist.
     1>C:\WINDOWS\Microsoft.NET\Framework\v4.0.30319\Microsoft.Common.Targets(1200,9): warning : The referenced project 'testing\gtest.vcxproj' does not exist.
     1>InitializeBuildStatus:
         Creating "C:\cygwin\home\nsinha\trunk\Debug\obj\NetEqRTPplay\NetEqRTPplay.unsuccessfulbuild" because "AlwaysCreate" was specified.
       ClCompile:
         C:\Program Files\Microsoft Visual Studio 10.0\VC\bin\CL.exe /c /I.. /I..\.. /I..\..\third_party\wtl\include /Iaudio_coding\neteq /Iaudio_coding\neteq\test /Iaudio_coding\neteq\interface /Iaudio_coding\codecs\g711\include /Iaudio_coding\codecs\g722\include /Iaudio_coding\codecs\pcm16b\include /Iaudio_coding\codecs\ilbc\interface /Iaudio_coding\codecs\iSAC\main\interface /Iaudio_coding\codecs\cng\include /I..\..\third_party\platformsdk_win7\files\Include /I..\..\third_party\directxsdk\files\Include /I"C:\Program Files\Microsoft Visual Studio 10.0\\VC\atlmfc\include" /Zi /nologo /W4 /WX- /Od /Oy- /D _DEBUG /D _WIN32_WINNT=0x0601 /D WINVER=0x0601 /D WIN32 /D _WINDOWS /D NOMINMAX /D PSAPI_VERSION=1 /D _CRT_RAND_S /D CERT_CHAIN_PARA_HAS_EXTRA_FIELDS /D WIN32_LEAN_AND_MEAN /D _ATL_NO_OPENGL /D _HAS_EXCEPTIONS=0 /D _SECURE_ATL /D CHROMIUM_BUILD /D TOOLKIT_VIEWS=1 /D ENABLE_REMOTING=1 /D ENABLE_P2P_APIS=1 /D ENABLE_CONFIGURATION_POLICY /D ENABLE_INPUT_SPEECH /D ENABLE_GPU=1 /D ENABLE_EGLIMAGE=1 /D USE_SKIA=1 /D __STD_C /D _CRT_SECURE_NO_DEPRECATE /D _SCL_SECURE_NO_DEPRECATE /D ENABLE_REGISTER_PROTOCOL_HANDLER=1 /D WEBRTC_TARGET_PC /D CODEC_ILBC /D CODEC_PCM16B /D CODEC_G711 /D CODEC_G722 /D CODEC_ISAC /D CODEC_PCM16B_WB /D CODEC_ISAC_SWB /D CODEC_PCM16B_32KHZ /D CODEC_CNGCODEC8 /D CODEC_CNGCODEC16 /D CODEC_CNGCODEC32 /D CODEC_ATEVENT_DECODE /D CODEC_RED /D __STDC_FORMAT_MACROS /D DYNAMIC_ANNOTATIONS_ENABLED=1 /D WTF_USE_DYNAMIC_ANNOTATIONS=1 /D _UNICODE /D UNICODE /Gm- /RTC1 /MTd /GS /Gy /fp:precise /Zc:wchar_t /Zc:forScope /GR- /Fo"C:\cygwin\home\nsinha\trunk\Debug\obj\NetEqRTPplay\\" /Fd"C:\cygwin\home\nsinha\trunk\Debug\obj\NetEqRTPplay\vc100.pdb" /Gd /TP /wd4351 /wd4396 /wd4503 /wd4819 /wd4100 /wd4121 /wd4125 /wd4127 /wd4130 /wd4131 /wd4189 /wd4201 /wd4238 /wd4244 /wd4245 /wd4310 /wd4355 /wd4428 /wd4481 /wd4505 /wd4510 /wd4512 /wd4530 /wd4610 /wd4611 /wd4701 /wd4702 /wd4706 /wd4389 /analyze- /errorReport:prompt audio_coding\neteq\test\NetEqRTPplay.cc /MP /we4389 
         NetEqRTPplay.cc
       ManifestResourceCompile:
         C:\Program Files\Microsoft SDKs\Windows\v7.0A\bin\rc.exe /nologo /fo"C:\cygwin\home\nsinha\trunk\Debug\obj\NetEqRTPplay\NetEqRTPplay.exe.embed.manifest.res" C:\cygwin\home\nsinha\trunk\Debug\obj\NetEqRTPplay\NetEqRTPplay_manifest.rc 
       Link:
         C:\Program Files\Microsoft Visual Studio 10.0\VC\bin\link.exe /ERRORREPORT:PROMPT /OUT:"../..\build\Debug\NetEqRTPplay.exe" /INCREMENTAL /NOLOGO /LIBPATH:../../third_party/platformsdk_win7/files/Lib /LIBPATH:../../third_party/directxsdk/files/Lib/x86 wininet.lib dnsapi.lib version.lib msimg32.lib ws2_32.lib usp10.lib psapi.lib dbghelp.lib winmm.lib shlwapi.lib kernel32.lib user32.lib gdi32.lib winspool.lib comdlg32.lib advapi32.lib shell32.lib ole32.lib oleaut32.lib uuid.lib odbc32.lib odbccp32.lib Delayimp.lib /DELAYLOAD:dbghelp.dll /DELAYLOAD:dwmapi.dll /DELAYLOAD:uxtheme.dll /MANIFEST /ManifestFile:"C:\cygwin\home\nsinha\trunk\Debug\obj\NetEqRTPplay\NetEqRTPplay.exe.intermediate.manifest" /MANIFESTUAC:"level='asInvoker' uiAccess='false'" /DEBUG /PDB:"C:\cygwin\home\nsinha\trunk\build\Debug\NetEqRTPplay.pdb" /SUBSYSTEM:CONSOLE /TLBID:1 /DYNAMICBASE:NO /FIXED:NO /NXCOMPAT /IMPLIB:"../..\build\Debug\lib\NetEqRTPplay.lib" /MACHINE:X86 C:\cygwin\home\nsinha\trunk\Debug\obj\NetEqRTPplay\NetEqRTPplay.exe.embed.manifest.res
         C:\cygwin\home\nsinha\trunk\Debug\obj\NetEqRTPplay\NetEqRTPplay.obj /safeseh /dynamicbase /ignore:4199 /ignore:4221 /nxcompat 
     1>NetEqRTPplay.obj : error LNK2019: unresolved external symbol _WebRtcNetEQ_GetRTCPStats referenced in function _main
     1>NetEqRTPplay.obj : error LNK2019: unresolved external symbol _WebRtcNetEQ_GetNetworkStatistics referenced in function _main
     1>NetEqRTPplay.obj : error LNK2019: unresolved external symbol "public: short __thiscall NETEQTEST_NetEQClass::recOut(short *,void *,enum WebRtcNetEQOutputType *)" (?recOut@NETEQTEST_NetEQClass@@QAEFPAFPAXPAW4WebRtcNetEQOutputType@@@Z) referenced in function _main
     1>NetEqRTPplay.obj : error LNK2019: unresolved external symbol "public: int __thiscall NETEQTEST_RTPpacket::setTimeStamp(unsigned int)" (?setTimeStamp@NETEQTEST_RTPpacket@@QAEHI@Z) referenced in function _main
     1>NetEqRTPplay.obj : error LNK2019: unresolved external symbol "public: int __thiscall NETEQTEST_NetEQClass::recIn(class NETEQTEST_RTPpacket &)" (?recIn@NETEQTEST_NetEQClass@@QAEHAAVNETEQTEST_RTPpacket@@@Z) referenced in function _main
     1>NetEqRTPplay.obj : error LNK2019: unresolved external symbol _WebRtcNetEQ_SetExtraDelay referenced in function _main
     1>NetEqRTPplay.obj : error LNK2019: unresolved external symbol "public: short __thiscall NETEQTEST_RTPpacket::dataLen(void)const " (?dataLen@NETEQTEST_RTPpacket@@QBEFXZ) referenced in function _main
     1>NetEqRTPplay.obj : error LNK2019: unresolved external symbol _WebRtcNetEQ_GetMasterSlaveInfoSize referenced in function _main
     1>NetEqRTPplay.obj : error LNK2019: unresolved external symbol "public: int __thiscall NETEQTEST_RTPpacket::splitStereo(class NETEQTEST_RTPpacket &,enum stereoModes)" (?splitStereo@NETEQTEST_RTPpacket@@QAEHAAV1@W4stereoModes@@@Z) referenced in function _main
     1>NetEqRTPplay.obj : error LNK2019: unresolved external symbol _WebRtcNetEQ_SetPlayoutMode referenced in function _main
     1>NetEqRTPplay.obj : error LNK2019: unresolved external symbol _WebRtcNetEQ_SetAVTPlayout referenced in function _main
     1>NetEqRTPplay.obj : error LNK2019: unresolved external symbol "public: __thiscall NETEQTEST_NetEQClass::NETEQTEST_NetEQClass(enum WebRtcNetEQDecoder *,int,unsigned short,enum WebRtcNetEQNetworkType)" (??0NETEQTEST_NetEQClass@@QAE@PAW4WebRtcNetEQDecoder@@HGW4WebRtcNetEQNetworkType@@@Z) referenced in function _main
     1>NetEqRTPplay.obj : error LNK2019: unresolved external symbol "public: unsigned int __thiscall NETEQTEST_RTPpacket::timeStamp(void)const " (?timeStamp@NETEQTEST_RTPpacket@@QBEIXZ) referenced in function _main
     1>NetEqRTPplay.obj : error LNK2019: unresolved external symbol "public: int __thiscall NETEQTEST_RTPpacket::readFixedFromFile(struct _iobuf *,unsigned int)" (?readFixedFromFile@NETEQTEST_RTPpacket@@QAEHPAU_iobuf@@I@Z) referenced in function _main
     1>NetEqRTPplay.obj : error LNK2019: unresolved external symbol "public: unsigned char __thiscall NETEQTEST_RTPpacket::payloadType(void)const " (?payloadType@NETEQTEST_RTPpacket@@QBEEXZ) referenced in function _main
     1>NetEqRTPplay.obj : error LNK2019: unresolved external symbol "public: int __thiscall NETEQTEST_RTPpacket::readFromFile(struct _iobuf *)" (?readFromFile@NETEQTEST_RTPpacket@@QAEHPAU_iobuf@@@Z) referenced in function _main
     1>NetEqRTPplay.obj : error LNK2019: unresolved external symbol "public: static int __cdecl NETEQTEST_RTPpacket::skipFileHeader(struct _iobuf *)" (?skipFileHeader@NETEQTEST_RTPpacket@@SAHPAU_iobuf@@@Z) referenced in function _main
     1>NetEqRTPplay.obj : error LNK2019: unresolved external symbol "public: __thiscall NETEQTEST_RTPpacket::~NETEQTEST_RTPpacket(void)" (??1NETEQTEST_RTPpacket@@QAE@XZ) referenced in function _main
     1>NetEqRTPplay.obj : error LNK2019: unresolved external symbol _WebRtcNetEQ_GetVersion referenced in function _main
     1>NetEqRTPplay.obj : error LNK2019: unresolved external symbol "public: __thiscall NETEQTEST_RTPpacket::NETEQTEST_RTPpacket(void)" (??0NETEQTEST_RTPpacket@@QAE@XZ) referenced in function _main
     1>NetEqRTPplay.obj : error LNK2019: unresolved external symbol "public: __thiscall NETEQTEST_NetEQClass::~NETEQTEST_NetEQClass(void)" (??1NETEQTEST_NetEQClass@@QAE@XZ) referenced in function "public: void * __thiscall NETEQTEST_NetEQClass::`scalar deleting destructor'(unsigned int)" (??_GNETEQTEST_NetEQClass@@QAEPAXI@Z)
     1>NetEqRTPplay.obj : error LNK2019: unresolved external symbol "public: __thiscall decoder_CNG::decoder_CNG(unsigned char,unsigned short)" (??0decoder_CNG@@QAE@EG@Z) referenced in function "void __cdecl createAndInsertDecoders(class NETEQTEST_NetEQClass *,class std::map<unsigned char,struct decoderStruct,struct std::less<unsigned char>,class std::allocator<struct std::pair<unsigned char const ,struct decoderStruct> > > *,int)" (?createAndInsertDecoders@@YAXPAVNETEQTEST_NetEQClass@@PAV?$map@EUdecoderStruct@@U?$less@E@std@@V?$allocator@U?$pair@$$CBEUdecoderStruct@@@std@@@3@@std@@H@Z)
     1>NetEqRTPplay.obj : error LNK2019: unresolved external symbol "public: __thiscall decoder_G722::decoder_G722(unsigned char)" (??0decoder_G722@@QAE@E@Z) referenced in function "void __cdecl createAndInsertDecoders(class NETEQTEST_NetEQClass *,class std::map<unsigned char,struct decoderStruct,struct std::less<unsigned char>,class std::allocator<struct std::pair<unsigned char const ,struct decoderStruct> > > *,int)" (?createAndInsertDecoders@@YAXPAVNETEQTEST_NetEQClass@@PAV?$map@EUdecoderStruct@@U?$less@E@std@@V?$allocator@U?$pair@$$CBEUdecoderStruct@@@std@@@3@@std@@H@Z)
     1>NetEqRTPplay.obj : error LNK2019: unresolved external symbol "public: __thiscall decoder_iSACSWB::decoder_iSACSWB(unsigned char)" (??0decoder_iSACSWB@@QAE@E@Z) referenced in function "void __cdecl createAndInsertDecoders(class NETEQTEST_NetEQClass *,class std::map<unsigned char,struct decoderStruct,struct std::less<unsigned char>,class std::allocator<struct std::pair<unsigned char const ,struct decoderStruct> > > *,int)" (?createAndInsertDecoders@@YAXPAVNETEQTEST_NetEQClass@@PAV?$map@EUdecoderStruct@@U?$less@E@std@@V?$allocator@U?$pair@$$CBEUdecoderStruct@@@std@@@3@@std@@H@Z)
     1>NetEqRTPplay.obj : error LNK2019: unresolved external symbol "public: __thiscall decoder_iSAC::decoder_iSAC(unsigned char)" (??0decoder_iSAC@@QAE@E@Z) referenced in function "void __cdecl createAndInsertDecoders(class NETEQTEST_NetEQClass *,class std::map<unsigned char,struct decoderStruct,struct std::less<unsigned char>,class std::allocator<struct std::pair<unsigned char const ,struct decoderStruct> > > *,int)" (?createAndInsertDecoders@@YAXPAVNETEQTEST_NetEQClass@@PAV?$map@EUdecoderStruct@@U?$less@E@std@@V?$allocator@U?$pair@$$CBEUdecoderStruct@@@std@@@3@@std@@H@Z)
     1>NetEqRTPplay.obj : error LNK2019: unresolved external symbol "public: __thiscall decoder_ILBC::decoder_ILBC(unsigned char)" (??0decoder_ILBC@@QAE@E@Z) referenced in function "void __cdecl createAndInsertDecoders(class NETEQTEST_NetEQClass *,class std::map<unsigned char,struct decoderStruct,struct std::less<unsigned char>,class std::allocator<struct std::pair<unsigned char const ,struct decoderStruct> > > *,int)" (?createAndInsertDecoders@@YAXPAVNETEQTEST_NetEQClass@@PAV?$map@EUdecoderStruct@@U?$less@E@std@@V?$allocator@U?$pair@$$CBEUdecoderStruct@@@std@@@3@@std@@H@Z)
     1>NetEqRTPplay.obj : error LNK2019: unresolved external symbol "public: __thiscall decoder_PCMA::decoder_PCMA(unsigned char)" (??0decoder_PCMA@@QAE@E@Z) referenced in function "void __cdecl createAndInsertDecoders(class NETEQTEST_NetEQClass *,class std::map<unsigned char,struct decoderStruct,struct std::less<unsigned char>,class std::allocator<struct std::pair<unsigned char const ,struct decoderStruct> > > *,int)" (?createAndInsertDecoders@@YAXPAVNETEQTEST_NetEQClass@@PAV?$map@EUdecoderStruct@@U?$less@E@std@@V?$allocator@U?$pair@$$CBEUdecoderStruct@@@std@@@3@@std@@H@Z)
     1>NetEqRTPplay.obj : error LNK2019: unresolved external symbol "public: __thiscall decoder_PCMU::decoder_PCMU(unsigned char)" (??0decoder_PCMU@@QAE@E@Z) referenced in function "void __cdecl createAndInsertDecoders(class NETEQTEST_NetEQClass *,class std::map<unsigned char,struct decoderStruct,struct std::less<unsigned char>,class std::allocator<struct std::pair<unsigned char const ,struct decoderStruct> > > *,int)" (?createAndInsertDecoders@@YAXPAVNETEQTEST_NetEQClass@@PAV?$map@EUdecoderStruct@@U?$less@E@std@@V?$allocator@U?$pair@$$CBEUdecoderStruct@@@std@@@3@@std@@H@Z)
     1>NetEqRTPplay.obj : error LNK2019: unresolved external symbol "public: __thiscall NETEQTEST_Decoder::NETEQTEST_Decoder(enum WebRtcNetEQDecoder,unsigned short,char const *,unsigned char)" (??0NETEQTEST_Decoder@@QAE@W4WebRtcNetEQDecoder@@GPBDE@Z) referenced in function "public: __thiscall decoder_PCM16B_NB::decoder_PCM16B_NB(unsigned char)" (??0decoder_PCM16B_NB@@QAE@E@Z)
     1>NetEqRTPplay.obj : error LNK2001: unresolved external symbol "public: virtual int __thiscall decoder_PCM16B_NB::loadToNetEQ(class NETEQTEST_NetEQClass &)" (?loadToNetEQ@decoder_PCM16B_NB@@UAEHAAVNETEQTEST_NetEQClass@@@Z)
     1>NetEqRTPplay.obj : error LNK2001: unresolved external symbol "public: virtual int __thiscall decoder_PCM16B_WB::loadToNetEQ(class NETEQTEST_NetEQClass &)" (?loadToNetEQ@decoder_PCM16B_WB@@UAEHAAVNETEQTEST_NetEQClass@@@Z)
     1>NetEqRTPplay.obj : error LNK2001: unresolved external symbol "public: virtual int __thiscall decoder_PCM16B_SWB32::loadToNetEQ(class NETEQTEST_NetEQClass &)" (?loadToNetEQ@decoder_PCM16B_SWB32@@UAEHAAVNETEQTEST_NetEQClass@@@Z)
     1>NetEqRTPplay.obj : error LNK2001: unresolved external symbol "public: virtual int __thiscall decoder_RED::loadToNetEQ(class NETEQTEST_NetEQClass &)" (?loadToNetEQ@decoder_RED@@UAEHAAVNETEQTEST_NetEQClass@@@Z)
     1>NetEqRTPplay.obj : error LNK2001: unresolved external symbol "public: virtual int __thiscall decoder_AVT::loadToNetEQ(class NETEQTEST_NetEQClass &)" (?loadToNetEQ@decoder_AVT@@UAEHAAVNETEQTEST_NetEQClass@@@Z)
     1>NetEqRTPplay.obj : error LNK2019: unresolved external symbol _WebRtcIsac_GetErrorCode referenced in function "int __cdecl doAPItest(void)" (?doAPItest@@YAHXZ)
     1>NetEqRTPplay.obj : error LNK2019: unresolved external symbol _WebRtcIsac_UpdateBwEstimate referenced in function "int __cdecl doAPItest(void)" (?doAPItest@@YAHXZ)
     1>NetEqRTPplay.obj : error LNK2019: unresolved external symbol _WebRtcIsac_DecoderInit referenced in function "int __cdecl doAPItest(void)" (?doAPItest@@YAHXZ)
     1>NetEqRTPplay.obj : error LNK2019: unresolved external symbol _WebRtcIsac_DecodeRcu referenced in function "int __cdecl doAPItest(void)" (?doAPItest@@YAHXZ)
     1>NetEqRTPplay.obj : error LNK2019: unresolved external symbol _WebRtcIsac_Decode referenced in function "int __cdecl doAPItest(void)" (?doAPItest@@YAHXZ)
     1>NetEqRTPplay.obj : error LNK2019: unresolved external symbol _WebRtcG711_DecodeU referenced in function "int __cdecl doAPItest(void)" (?doAPItest@@YAHXZ)
     1>NetEqRTPplay.obj : error LNK2019: unresolved external symbol _WebRtcG711_DecodeA referenced in function "int __cdecl doAPItest(void)" (?doAPItest@@YAHXZ)
     1>NetEqRTPplay.obj : error LNK2019: unresolved external symbol _WebRtcPcm16b_DecodeW16 referenced in function "int __cdecl doAPItest(void)" (?doAPItest@@YAHXZ)
     1>NetEqRTPplay.obj : error LNK2019: unresolved external symbol _WebRtcNetEQ_GetErrorName referenced in function "int __cdecl doAPItest(void)" (?doAPItest@@YAHXZ)
     1>NetEqRTPplay.obj : error LNK2019: unresolved external symbol _WebRtcNetEQ_AssignSize referenced in function "int __cdecl doAPItest(void)" (?doAPItest@@YAHXZ)
     1>NetEqRTPplay.obj : error LNK2019: unresolved external symbol _WebRtcNetEQ_VQmonGetRxStatistics referenced in function "int __cdecl doAPItest(void)" (?doAPItest@@YAHXZ)
     1>NetEqRTPplay.obj : error LNK2019: unresolved external symbol _WebRtcNetEQ_VQmonRecOutStatistics referenced in function "int __cdecl doAPItest(void)" (?doAPItest@@YAHXZ)
     1>NetEqRTPplay.obj : error LNK2019: unresolved external symbol _WebRtcNetEQ_GetSpeechOutputType referenced in function "int __cdecl doAPItest(void)" (?doAPItest@@YAHXZ)
     1>NetEqRTPplay.obj : error LNK2019: unresolved external symbol _WebRtcNetEQ_GetSpeechTimeStamp referenced in function "int __cdecl doAPItest(void)" (?doAPItest@@YAHXZ)
     1>NetEqRTPplay.obj : error LNK2019: unresolved external symbol _WebRtcNetEQ_RecOut referenced in function "int __cdecl doAPItest(void)" (?doAPItest@@YAHXZ)
     1>NetEqRTPplay.obj : error LNK2019: unresolved external symbol _WebRtcNetEQ_RecIn referenced in function "int __cdecl doAPItest(void)" (?doAPItest@@YAHXZ)
     1>NetEqRTPplay.obj : error LNK2019: unresolved external symbol _WebRtcNetEQ_CodecDbGetCodecInfo referenced in function "int __cdecl doAPItest(void)" (?doAPItest@@YAHXZ)
     1>NetEqRTPplay.obj : error LNK2019: unresolved external symbol _WebRtcNetEQ_CodecDbGetSizeInfo referenced in function "int __cdecl doAPItest(void)" (?doAPItest@@YAHXZ)
     1>NetEqRTPplay.obj : error LNK2019: unresolved external symbol _WebRtcNetEQ_CodecDbRemove referenced in function "int __cdecl doAPItest(void)" (?doAPItest@@YAHXZ)
     1>NetEqRTPplay.obj : error LNK2019: unresolved external symbol _WebRtcNetEQ_CodecDbAdd referenced in function "int __cdecl doAPItest(void)" (?doAPItest@@YAHXZ)
     1>NetEqRTPplay.obj : error LNK2019: unresolved external symbol _WebRtcNetEQ_CodecDbReset referenced in function "int __cdecl doAPItest(void)" (?doAPItest@@YAHXZ)
     1>NetEqRTPplay.obj : error LNK2019: unresolved external symbol _WebRtcNetEQ_Init referenced in function "int __cdecl doAPItest(void)" (?doAPItest@@YAHXZ)
     1>NetEqRTPplay.obj : error LNK2019: unresolved external symbol _WebRtcNetEQ_AssignBuffer referenced in function "int __cdecl doAPItest(void)" (?doAPItest@@YAHXZ)
     1>NetEqRTPplay.obj : error LNK2019: unresolved external symbol _WebRtcNetEQ_GetRecommendedBufferSize referenced in function "int __cdecl doAPItest(void)" (?doAPItest@@YAHXZ)
     1>NetEqRTPplay.obj : error LNK2019: unresolved external symbol _WebRtcNetEQ_Assign referenced in function "int __cdecl doAPItest(void)" (?doAPItest@@YAHXZ)
     1>NetEqRTPplay.obj : error LNK2019: unresolved external symbol _WebRtcNetEQ_GetErrorCode referenced in function "int __cdecl doAPItest(void)" (?doAPItest@@YAHXZ)
     1>../..\build\Debug\NetEqRTPplay.exe : fatal error LNK1120: 60 unresolved externals
     1>Done Building Project "C:\cygwin\home\nsinha\trunk\src\modules\NetEqRTPplay.vcxproj" (build target(s)) -- FAILED.

Build FAILED.

Time Elapsed 00:00:03.31
