Build started 12/19/2011 4:26:09 PM.
     1>Project "C:\cygwin\home\nsinha\trunk\src\modules\audio_conference_mixer.vcxproj" on node 3 (build target(s)).
     1>InitializeBuildStatus:
         Creating "C:\cygwin\home\nsinha\trunk\peerconnection\Debug\obj\audio_conference_mixer\audio_conference_mixer.unsuccessfulbuild" because "AlwaysCreate" was specified.
       ClCompile:
         C:\Program Files\Microsoft Visual Studio 10.0\VC\bin\CL.exe /c /I.. /I..\.. /I..\..\third_party\wtl\include /Iaudio_conference_mixer\interface /Iinterface /Iaudio_processing\interface /I..\system_wrappers\interface /I..\..\third_party\platformsdk_win7\files\Include /I..\..\third_party\directxsdk\files\Include /I"C:\Program Files\Microsoft Visual Studio 10.0\\VC\atlmfc\include" /Zi /nologo /W4 /WX- /Od /Oy- /D _DEBUG /D _WIN32_WINNT=0x0601 /D WINVER=0x0601 /D WIN32 /D _WINDOWS /D NOMINMAX /D PSAPI_VERSION=1 /D _CRT_RAND_S /D CERT_CHAIN_PARA_HAS_EXTRA_FIELDS /D WIN32_LEAN_AND_MEAN /D _ATL_NO_OPENGL /D _HAS_EXCEPTIONS=0 /D _SECURE_ATL /D CHROMIUM_BUILD /D TOOLKIT_VIEWS=1 /D ENABLE_REMOTING=1 /D ENABLE_P2P_APIS=1 /D ENABLE_CONFIGURATION_POLICY /D ENABLE_INPUT_SPEECH /D ENABLE_GPU=1 /D ENABLE_EGLIMAGE=1 /D USE_SKIA=1 /D __STD_C /D _CRT_SECURE_NO_DEPRECATE /D _SCL_SECURE_NO_DEPRECATE /D ENABLE_REGISTER_PROTOCOL_HANDLER=1 /D WEBRTC_TARGET_PC /D __STDC_FORMAT_MACROS /D DYNAMIC_ANNOTATIONS_ENABLED=1 /D WTF_USE_DYNAMIC_ANNOTATIONS=1 /D _UNICODE /D UNICODE /Gm- /RTC1 /MTd /GS /Gy /fp:precise /Zc:wchar_t /Zc:forScope /GR- /Fo"C:\cygwin\home\nsinha\trunk\peerconnection\Debug\obj\audio_conference_mixer\\" /Fd"C:\cygwin\home\nsinha\trunk\peerconnection\Debug\obj\audio_conference_mixer\vc100.pdb" /Gd /TP /wd4351 /wd4396 /wd4503 /wd4819 /wd4100 /wd4121 /wd4125 /wd4127 /wd4130 /wd4131 /wd4189 /wd4201 /wd4238 /wd4244 /wd4245 /wd4310 /wd4355 /wd4428 /wd4481 /wd4505 /wd4510 /wd4512 /wd4530 /wd4610 /wd4611 /wd4701 /wd4702 /wd4706 /wd4389 /analyze- /errorReport:prompt audio_conference_mixer\source\audio_conference_mixer_impl.cc audio_conference_mixer\source\audio_frame_manipulator.cc audio_conference_mixer\source\level_indicator.cc audio_conference_mixer\source\time_scheduler.cc /MP /we4389 
         audio_conference_mixer_impl.cc
         audio_frame_manipulator.cc
         level_indicator.cc
         time_scheduler.cc
     1>C:\Program Files\MSBuild\Microsoft.Cpp\v4.0\Microsoft.CppBuild.targets(1151,5): warning MSB8012: TargetPath(C:\cygwin\home\nsinha\trunk\src\modules\../..\build\Debug\audio_conference_mixer.lib) does not match the Library's OutputFile property value (C:\cygwin\home\nsinha\trunk\build\Debug\lib\audio_conference_mixer.lib). This may cause your project to build incorrectly. To correct this, please make sure that $(OutDir), $(TargetName) and $(TargetExt) property values match the value specified in %(Lib.OutputFile).
       Lib:
         C:\Program Files\Microsoft Visual Studio 10.0\VC\bin\Lib.exe /OUT:"../..\build\Debug\lib\audio_conference_mixer.lib" /LIBPATH:../../third_party/platformsdk_win7/files/Lib /LIBPATH:../../third_party/directxsdk/files/Lib/x86 /NOLOGO C:\cygwin\home\nsinha\trunk\peerconnection\Debug\obj\audio_conference_mixer\audio_conference_mixer_impl.obj
         C:\cygwin\home\nsinha\trunk\peerconnection\Debug\obj\audio_conference_mixer\audio_frame_manipulator.obj
         C:\cygwin\home\nsinha\trunk\peerconnection\Debug\obj\audio_conference_mixer\level_indicator.obj
         C:\cygwin\home\nsinha\trunk\peerconnection\Debug\obj\audio_conference_mixer\time_scheduler.obj /ignore:4221 
         audio_conference_mixer.vcxproj -> C:\cygwin\home\nsinha\trunk\src\modules\../..\build\Debug\audio_conference_mixer.lib
       FinalizeBuildStatus:
         Deleting file "C:\cygwin\home\nsinha\trunk\peerconnection\Debug\obj\audio_conference_mixer\audio_conference_mixer.unsuccessfulbuild".
         Touching "C:\cygwin\home\nsinha\trunk\peerconnection\Debug\obj\audio_conference_mixer\audio_conference_mixer.lastbuildstate".
     1>Done Building Project "C:\cygwin\home\nsinha\trunk\src\modules\audio_conference_mixer.vcxproj" (build target(s)).

Build succeeded.

Time Elapsed 00:00:01.00
