Build started 1/12/2012 9:00:48 PM.
     1>Project "C:\cygwin\home\nsinha\original_ trunk\src\modules\video_capture_module.vcxproj" on node 2 (rebuild target(s)).
     1>InitializeBuildStatus:
         Creating "C:\cygwin\home\nsinha\original_ trunk\Debug\obj\video_capture_module\video_capture_module.unsuccessfulbuild" because "AlwaysCreate" was specified.
       ClCompile:
         C:\Program Files\Microsoft Visual Studio 10.0\VC\bin\CL.exe /c /I.. /I..\.. /I..\..\third_party\wtl\include /Ivideo_capture\main\interface /Iinterface /I..\..\src\common_video\libyuv\include /Ivideo_capture\main\source\Windows /I"C:\Program Files\Microsoft SDKs\Windows\v7.1\Samples\multimedia\directshow\baseclasses" /Iutility\interface /Iaudio_coding\main\interface /I..\system_wrappers\interface /I..\..\third_party\platformsdk_win7\files\Include /I..\..\third_party\directxsdk\files\Include /I"C:\Program Files\Microsoft Visual Studio 10.0\\VC\atlmfc\include" /Zi /nologo /W4 /WX- /Od /Oy- /D _DEBUG /D _WIN32_WINNT=0x0601 /D WINVER=0x0601 /D WIN32 /D _WINDOWS /D PSAPI_VERSION=1 /D _CRT_RAND_S /D CERT_CHAIN_PARA_HAS_EXTRA_FIELDS /D WIN32_LEAN_AND_MEAN /D _ATL_NO_OPENGL /D _HAS_EXCEPTIONS=0 /D _SECURE_ATL /D CHROMIUM_BUILD /D TOOLKIT_VIEWS=1 /D ENABLE_REMOTING=1 /D ENABLE_P2P_APIS=1 /D ENABLE_CONFIGURATION_POLICY /D ENABLE_INPUT_SPEECH /D ENABLE_GPU=1 /D ENABLE_EGLIMAGE=1 /D USE_SKIA=1 /D __STD_C /D _CRT_SECURE_NO_DEPRECATE /D _SCL_SECURE_NO_DEPRECATE /D ENABLE_REGISTER_PROTOCOL_HANDLER=1 /D WEBRTC_TARGET_PC /D __STDC_FORMAT_MACROS /D DYNAMIC_ANNOTATIONS_ENABLED=1 /D WTF_USE_DYNAMIC_ANNOTATIONS=1 /D _UNICODE /D UNICODE /Gm- /RTC1 /MTd /GS /Gy /fp:precise /Zc:wchar_t /Zc:forScope /GR- /Fo"C:\cygwin\home\nsinha\original_ trunk\Debug\obj\video_capture_module\\" /Fd"C:\cygwin\home\nsinha\original_ trunk\Debug\obj\video_capture_module\vc100.pdb" /Gd /TP /wd4351 /wd4396 /wd4503 /wd4819 /wd4100 /wd4121 /wd4125 /wd4127 /wd4130 /wd4131 /wd4189 /wd4201 /wd4238 /wd4244 /wd4245 /wd4310 /wd4355 /wd4428 /wd4481 /wd4505 /wd4510 /wd4512 /wd4530 /wd4610 /wd4611 /wd4701 /wd4702 /wd4706 /wd4389 /analyze- /errorReport:prompt "C:\Program Files\Microsoft SDKs\Windows\v7.1\Samples\multimedia\directshow\baseclasses\transfrm.cpp" "C:\Program Files\Microsoft SDKs\Windows\v7.1\Samples\multimedia\directshow\baseclasses\amvideo.cpp" "C:\Program Files\Microsoft SDKs\Windows\v7.1\Samples\multimedia\directshow\baseclasses\vtrans.cpp" "C:\Program Files\Microsoft SDKs\Windows\v7.1\Samples\multimedia\directshow\baseclasses\amfilter.cpp" "C:\Program Files\Microsoft SDKs\Windows\v7.1\Samples\multimedia\directshow\baseclasses\refclock.cpp" "C:\Program Files\Microsoft SDKs\Windows\v7.1\Samples\multimedia\directshow\baseclasses\renbase.cpp" "C:\Program Files\Microsoft SDKs\Windows\v7.1\Samples\multimedia\directshow\baseclasses\wxdebug.cpp" "C:\Program Files\Microsoft SDKs\Windows\v7.1\Samples\multimedia\directshow\baseclasses\sysclock.cpp" "C:\Program Files\Microsoft SDKs\Windows\v7.1\Samples\multimedia\directshow\baseclasses\dllsetup.cpp" "C:\Program Files\Microsoft SDKs\Windows\v7.1\Samples\multimedia\directshow\baseclasses\transip.cpp" "C:\Program Files\Microsoft SDKs\Windows\v7.1\Samples\multimedia\directshow\baseclasses\winutil.cpp" "C:\Program Files\Microsoft SDKs\Windows\v7.1\Samples\multimedia\directshow\baseclasses\amextra.cpp" "C:\Program Files\Microsoft SDKs\Windows\v7.1\Samples\multimedia\directshow\baseclasses\pullpin.cpp" "C:\Program Files\Microsoft SDKs\Windows\v7.1\Samples\multimedia\directshow\baseclasses\pstream.cpp" "C:\Program Files\Microsoft SDKs\Windows\v7.1\Samples\multimedia\directshow\baseclasses\strmctl.cpp" "C:\Program Files\Microsoft SDKs\Windows\v7.1\Samples\multimedia\directshow\baseclasses\seekpt.cpp" "C:\Program Files\Microsoft SDKs\Windows\v7.1\Samples\multimedia\directshow\baseclasses\wxlist.cpp" "C:\Program Files\Microsoft SDKs\Windows\v7.1\Samples\multimedia\directshow\baseclasses\mtype.cpp" "C:\Program Files\Microsoft SDKs\Windows\v7.1\Samples\multimedia\directshow\baseclasses\cprop.cpp" "C:\Program Files\Microsoft SDKs\Windows\v7.1\Samples\multimedia\directshow\baseclasses\combase.cpp" "C:\Program Files\Microsoft SDKs\Windows\v7.1\Samples\multimedia\directshow\baseclasses\schedule.cpp" "C:\Program Files\Microsoft SDKs\Windows\v7.1\Samples\multimedia\directshow\baseclasses\outputq.cpp" "C:\Program Files\Microsoft SDKs\Windows\v7.1\Samples\multimedia\directshow\baseclasses\arithutil.cpp" "C:\Program Files\Microsoft SDKs\Windows\v7.1\Samples\multimedia\directshow\baseclasses\ctlutil.cpp" "C:\Program Files\Microsoft SDKs\Windows\v7.1\Samples\multimedia\directshow\baseclasses\videoctl.cpp" "C:\Program Files\Microsoft SDKs\Windows\v7.1\Samples\multimedia\directshow\baseclasses\ddmm.cpp" "C:\Program Files\Microsoft SDKs\Windows\v7.1\Samples\multimedia\directshow\baseclasses\perflog.cpp" "C:\Program Files\Microsoft SDKs\Windows\v7.1\Samples\multimedia\directshow\baseclasses\wxutil.cpp" "C:\Program Files\Microsoft SDKs\Windows\v7.1\Samples\multimedia\directshow\baseclasses\source.cpp" "C:\Program Files\Microsoft SDKs\Windows\v7.1\Samples\multimedia\directshow\baseclasses\winctrl.cpp" "C:\Program Files\Microsoft SDKs\Windows\v7.1\Samples\multimedia\directshow\baseclasses\dllentry.cpp" video_capture\main\source\video_capture_impl.cc video_capture\main\source\video_capture_factory.cc video_capture\main\source\device_info_impl.cc video_capture\main\source\vplib_conversions.cc video_capture\main\source\Windows\video_capture_windows.cc video_capture\main\source\Windows\help_functions_windows.cc video_capture\main\source\Windows\device_info_windows.cc video_capture\main\source\Windows\sink_filter_windows.cc video_capture\main\source\Windows\video_capture_factory_windows.cc /MP /we4389 
         transfrm.cpp
         amvideo.cpp
         vtrans.cpp
         amfilter.cpp
         refclock.cpp
         renbase.cpp
         wxdebug.cpp
         sysclock.cpp
         dllsetup.cpp
         transip.cpp
         winutil.cpp
         amextra.cpp
         pullpin.cpp
         pstream.cpp
         strmctl.cpp
         seekpt.cpp
         wxlist.cpp
         mtype.cpp
         cprop.cpp
         combase.cpp
         schedule.cpp
         outputq.cpp
         arithutil.cpp
         ctlutil.cpp
         videoctl.cpp
         ddmm.cpp
         perflog.cpp
         wxutil.cpp
         source.cpp
         winctrl.cpp
         dllentry.cpp
         video_capture_impl.cc
         video_capture_factory.cc
         device_info_impl.cc
         vplib_conversions.cc
         video_capture_windows.cc
         help_functions_windows.cc
         device_info_windows.cc
         sink_filter_windows.cc
         video_capture_factory_windows.cc
     1>C:\Program Files\MSBuild\Microsoft.Cpp\v4.0\Microsoft.CppBuild.targets(1151,5): warning MSB8012: TargetPath(C:\cygwin\home\nsinha\original_ trunk\src\modules\../..\build\Debug\video_capture_module.lib) does not match the Library's OutputFile property value (C:\cygwin\home\nsinha\original_ trunk\build\Debug\lib\video_capture_module.lib). This may cause your project to build incorrectly. To correct this, please make sure that $(OutDir), $(TargetName) and $(TargetExt) property values match the value specified in %(Lib.OutputFile).
       Lib:
         C:\Program Files\Microsoft Visual Studio 10.0\VC\bin\Lib.exe /OUT:"../..\build\Debug\lib\video_capture_module.lib" Strmiids.lib /LIBPATH:../../third_party/platformsdk_win7/files/Lib /LIBPATH:../../third_party/directxsdk/files/Lib/x86 /NOLOGO "C:\cygwin\home\nsinha\original_ trunk\Debug\obj\video_capture_module\transfrm.obj"
         "C:\cygwin\home\nsinha\original_ trunk\Debug\obj\video_capture_module\amvideo.obj"
         "C:\cygwin\home\nsinha\original_ trunk\Debug\obj\video_capture_module\vtrans.obj"
         "C:\cygwin\home\nsinha\original_ trunk\Debug\obj\video_capture_module\amfilter.obj"
         "C:\cygwin\home\nsinha\original_ trunk\Debug\obj\video_capture_module\refclock.obj"
         "C:\cygwin\home\nsinha\original_ trunk\Debug\obj\video_capture_module\renbase.obj"
         "C:\cygwin\home\nsinha\original_ trunk\Debug\obj\video_capture_module\wxdebug.obj"
         "C:\cygwin\home\nsinha\original_ trunk\Debug\obj\video_capture_module\sysclock.obj"
         "C:\cygwin\home\nsinha\original_ trunk\Debug\obj\video_capture_module\dllsetup.obj"
         "C:\cygwin\home\nsinha\original_ trunk\Debug\obj\video_capture_module\transip.obj"
         "C:\cygwin\home\nsinha\original_ trunk\Debug\obj\video_capture_module\winutil.obj"
         "C:\cygwin\home\nsinha\original_ trunk\Debug\obj\video_capture_module\amextra.obj"
         "C:\cygwin\home\nsinha\original_ trunk\Debug\obj\video_capture_module\pullpin.obj"
         "C:\cygwin\home\nsinha\original_ trunk\Debug\obj\video_capture_module\pstream.obj"
         "C:\cygwin\home\nsinha\original_ trunk\Debug\obj\video_capture_module\strmctl.obj"
         "C:\cygwin\home\nsinha\original_ trunk\Debug\obj\video_capture_module\seekpt.obj"
         "C:\cygwin\home\nsinha\original_ trunk\Debug\obj\video_capture_module\wxlist.obj"
         "C:\cygwin\home\nsinha\original_ trunk\Debug\obj\video_capture_module\mtype.obj"
         "C:\cygwin\home\nsinha\original_ trunk\Debug\obj\video_capture_module\cprop.obj"
         "C:\cygwin\home\nsinha\original_ trunk\Debug\obj\video_capture_module\combase.obj"
         "C:\cygwin\home\nsinha\original_ trunk\Debug\obj\video_capture_module\schedule.obj"
         "C:\cygwin\home\nsinha\original_ trunk\Debug\obj\video_capture_module\outputq.obj"
         "C:\cygwin\home\nsinha\original_ trunk\Debug\obj\video_capture_module\arithutil.obj"
         "C:\cygwin\home\nsinha\original_ trunk\Debug\obj\video_capture_module\ctlutil.obj"
         "C:\cygwin\home\nsinha\original_ trunk\Debug\obj\video_capture_module\videoctl.obj"
         "C:\cygwin\home\nsinha\original_ trunk\Debug\obj\video_capture_module\ddmm.obj"
         "C:\cygwin\home\nsinha\original_ trunk\Debug\obj\video_capture_module\perflog.obj"
         "C:\cygwin\home\nsinha\original_ trunk\Debug\obj\video_capture_module\wxutil.obj"
         "C:\cygwin\home\nsinha\original_ trunk\Debug\obj\video_capture_module\source.obj"
         "C:\cygwin\home\nsinha\original_ trunk\Debug\obj\video_capture_module\winctrl.obj"
         "C:\cygwin\home\nsinha\original_ trunk\Debug\obj\video_capture_module\dllentry.obj"
         "C:\cygwin\home\nsinha\original_ trunk\Debug\obj\video_capture_module\video_capture_impl.obj"
         "C:\cygwin\home\nsinha\original_ trunk\Debug\obj\video_capture_module\video_capture_factory.obj"
         "C:\cygwin\home\nsinha\original_ trunk\Debug\obj\video_capture_module\device_info_impl.obj"
         "C:\cygwin\home\nsinha\original_ trunk\Debug\obj\video_capture_module\vplib_conversions.obj"
         "C:\cygwin\home\nsinha\original_ trunk\Debug\obj\video_capture_module\video_capture_windows.obj"
         "C:\cygwin\home\nsinha\original_ trunk\Debug\obj\video_capture_module\help_functions_windows.obj"
         "C:\cygwin\home\nsinha\original_ trunk\Debug\obj\video_capture_module\device_info_windows.obj"
         "C:\cygwin\home\nsinha\original_ trunk\Debug\obj\video_capture_module\sink_filter_windows.obj"
         "C:\cygwin\home\nsinha\original_ trunk\Debug\obj\video_capture_module\video_capture_factory_windows.obj" /ignore:4221 
         video_capture_module.vcxproj -> C:\cygwin\home\nsinha\original_ trunk\src\modules\../..\build\Debug\video_capture_module.lib
       FinalizeBuildStatus:
         Deleting file "C:\cygwin\home\nsinha\original_ trunk\Debug\obj\video_capture_module\video_capture_module.unsuccessfulbuild".
         Touching "C:\cygwin\home\nsinha\original_ trunk\Debug\obj\video_capture_module\video_capture_module.lastbuildstate".
     1>Done Building Project "C:\cygwin\home\nsinha\original_ trunk\src\modules\video_capture_module.vcxproj" (rebuild target(s)).

Build succeeded.

Time Elapsed 00:00:22.48
