Build started 12/19/2011 4:33:02 PM.
     1>Project "C:\cygwin\home\nsinha\trunk\src\modules\iLBC.vcxproj" on node 3 (build target(s)).
     1>InitializeBuildStatus:
         Creating "C:\cygwin\home\nsinha\trunk\src\modules\Debug\obj\iLBC\iLBC.unsuccessfulbuild" because "AlwaysCreate" was specified.
       ClCompile:
         C:\Program Files\Microsoft Visual Studio 10.0\VC\bin\CL.exe /c /I.. /I..\.. /I..\..\third_party\wtl\include /Iaudio_coding\codecs\ilbc\interface /I..\common_audio\signal_processing\include /I..\..\third_party\platformsdk_win7\files\Include /I..\..\third_party\directxsdk\files\Include /I"C:\Program Files\Microsoft Visual Studio 10.0\\VC\atlmfc\include" /Zi /nologo /W4 /WX- /Od /Oy- /D _DEBUG /D _WIN32_WINNT=0x0601 /D WINVER=0x0601 /D WIN32 /D _WINDOWS /D NOMINMAX /D PSAPI_VERSION=1 /D _CRT_RAND_S /D CERT_CHAIN_PARA_HAS_EXTRA_FIELDS /D WIN32_LEAN_AND_MEAN /D _ATL_NO_OPENGL /D _HAS_EXCEPTIONS=0 /D _SECURE_ATL /D CHROMIUM_BUILD /D TOOLKIT_VIEWS=1 /D ENABLE_REMOTING=1 /D ENABLE_P2P_APIS=1 /D ENABLE_CONFIGURATION_POLICY /D ENABLE_INPUT_SPEECH /D ENABLE_GPU=1 /D ENABLE_EGLIMAGE=1 /D USE_SKIA=1 /D __STD_C /D _CRT_SECURE_NO_DEPRECATE /D _SCL_SECURE_NO_DEPRECATE /D ENABLE_REGISTER_PROTOCOL_HANDLER=1 /D WEBRTC_TARGET_PC /D __STDC_FORMAT_MACROS /D DYNAMIC_ANNOTATIONS_ENABLED=1 /D WTF_USE_DYNAMIC_ANNOTATIONS=1 /D _UNICODE /D UNICODE /Gm- /RTC1 /MTd /GS /Gy /fp:precise /Zc:wchar_t /Zc:forScope /GR- /Fo"C:\cygwin\home\nsinha\trunk\src\modules\Debug\obj\iLBC\\" /Fd"C:\cygwin\home\nsinha\trunk\src\modules\Debug\obj\iLBC\vc100.pdb" /Gd /TC /wd4351 /wd4396 /wd4503 /wd4819 /wd4100 /wd4121 /wd4125 /wd4127 /wd4130 /wd4131 /wd4189 /wd4201 /wd4238 /wd4244 /wd4245 /wd4310 /wd4355 /wd4428 /wd4481 /wd4505 /wd4510 /wd4512 /wd4530 /wd4610 /wd4611 /wd4701 /wd4702 /wd4706 /wd4389 /analyze- /errorReport:prompt audio_coding\codecs\ilbc\smooth.c audio_coding\codecs\ilbc\swap_bytes.c audio_coding\codecs\ilbc\get_sync_seq.c audio_coding\codecs\ilbc\create_augmented_vec.c audio_coding\codecs\ilbc\frame_classify.c audio_coding\codecs\ilbc\get_lsp_poly.c audio_coding\codecs\ilbc\cb_search_core.c audio_coding\codecs\ilbc\lsf_to_poly.c audio_coding\codecs\ilbc\decode_residual.c audio_coding\codecs\ilbc\unpack_bits.c audio_coding\codecs\ilbc\enhancer.c audio_coding\codecs\ilbc\cb_update_best_index.c audio_coding\codecs\ilbc\window32_w32.c audio_coding\codecs\ilbc\simple_lpc_analysis.c audio_coding\codecs\ilbc\lsf_to_lsp.c audio_coding\codecs\ilbc\my_corr.c audio_coding\codecs\ilbc\interpolate_samples.c audio_coding\codecs\ilbc\lsp_to_lsf.c audio_coding\codecs\ilbc\refiner.c audio_coding\codecs\ilbc\enh_upsample.c audio_coding\codecs\ilbc\hp_input.c audio_coding\codecs\ilbc\filtered_cb_vecs.c audio_coding\codecs\ilbc\vq3.c audio_coding\codecs\ilbc\xcorr_coef.c audio_coding\codecs\ilbc\bw_expand.c audio_coding\codecs\ilbc\hp_output.c audio_coding\codecs\ilbc\init_decode.c audio_coding\codecs\ilbc\simple_interpolate_lsf.c audio_coding\codecs\ilbc\chebyshev.c audio_coding\codecs\ilbc\interpolate.c audio_coding\codecs\ilbc\cb_mem_energy.c audio_coding\codecs\ilbc\gain_quant.c audio_coding\codecs\ilbc\state_search.c audio_coding\codecs\ilbc\cb_search.c audio_coding\codecs\ilbc\lsf_check.c audio_coding\codecs\ilbc\comp_corr.c audio_coding\codecs\ilbc\constants.c audio_coding\codecs\ilbc\abs_quant.c audio_coding\codecs\ilbc\vq4.c audio_coding\codecs\ilbc\do_plc.c audio_coding\codecs\ilbc\sort_sq.c audio_coding\codecs\ilbc\cb_mem_energy_augmentation.c audio_coding\codecs\ilbc\ilbc.c audio_coding\codecs\ilbc\gain_dequant.c audio_coding\codecs\ilbc\nearest_neighbor.c audio_coding\codecs\ilbc\init_encode.c audio_coding\codecs\ilbc\cb_mem_energy_calc.c audio_coding\codecs\ilbc\get_cd_vec.c audio_coding\codecs\ilbc\index_conv_dec.c audio_coding\codecs\ilbc\index_conv_enc.c audio_coding\codecs\ilbc\lsf_interpolate_to_poly_enc.c audio_coding\codecs\ilbc\enhancer_interface.c audio_coding\codecs\ilbc\simple_lsf_dequant.c audio_coding\codecs\ilbc\augmented_cb_corr.c audio_coding\codecs\ilbc\abs_quant_loop.c audio_coding\codecs\ilbc\poly_to_lsp.c audio_coding\codecs\ilbc\decoder_interpolate_lsf.c audio_coding\codecs\ilbc\decode.c audio_coding\codecs\ilbc\cb_construct.c audio_coding\codecs\ilbc\smooth_out_data.c audio_coding\codecs\ilbc\poly_to_lsf.c audio_coding\codecs\ilbc\simple_lsf_quant.c audio_coding\codecs\ilbc\state_construct.c audio_coding\codecs\ilbc\encode.c audio_coding\codecs\ilbc\lsf_interpolate_to_poly_dec.c audio_coding\codecs\ilbc\split_vq.c audio_coding\codecs\ilbc\pack_bits.c audio_coding\codecs\ilbc\lpc_encode.c audio_coding\codecs\ilbc\energy_inverse.c /MP /we4389 
         smooth.c
         swap_bytes.c
         get_sync_seq.c
         create_augmented_vec.c
         frame_classify.c
         get_lsp_poly.c
         cb_search_core.c
         lsf_to_poly.c
         decode_residual.c
         unpack_bits.c
         enhancer.c
         cb_update_best_index.c
         window32_w32.c
         simple_lpc_analysis.c
         lsf_to_lsp.c
         my_corr.c
         interpolate_samples.c
         lsp_to_lsf.c
         refiner.c
         enh_upsample.c
         hp_input.c
         filtered_cb_vecs.c
         vq3.c
         xcorr_coef.c
         bw_expand.c
         hp_output.c
         init_decode.c
         simple_interpolate_lsf.c
         chebyshev.c
         interpolate.c
         cb_mem_energy.c
         gain_quant.c
         state_search.c
         cb_search.c
         lsf_check.c
         comp_corr.c
         constants.c
         abs_quant.c
         vq4.c
         do_plc.c
         sort_sq.c
         cb_mem_energy_augmentation.c
         ilbc.c
         gain_dequant.c
         nearest_neighbor.c
         init_encode.c
         cb_mem_energy_calc.c
         get_cd_vec.c
         index_conv_dec.c
         index_conv_enc.c
         lsf_interpolate_to_poly_enc.c
         enhancer_interface.c
         simple_lsf_dequant.c
         augmented_cb_corr.c
         abs_quant_loop.c
         poly_to_lsp.c
         decoder_interpolate_lsf.c
         decode.c
         cb_construct.c
         smooth_out_data.c
         poly_to_lsf.c
         simple_lsf_quant.c
         state_construct.c
         encode.c
         lsf_interpolate_to_poly_dec.c
         split_vq.c
         pack_bits.c
         lpc_encode.c
         energy_inverse.c
     1>C:\Program Files\MSBuild\Microsoft.Cpp\v4.0\Microsoft.CppBuild.targets(1151,5): warning MSB8012: TargetPath(C:\cygwin\home\nsinha\trunk\src\modules\../..\build\Debug\iLBC.lib) does not match the Library's OutputFile property value (C:\cygwin\home\nsinha\trunk\build\Debug\lib\iLBC.lib). This may cause your project to build incorrectly. To correct this, please make sure that $(OutDir), $(TargetName) and $(TargetExt) property values match the value specified in %(Lib.OutputFile).
       Lib:
         C:\Program Files\Microsoft Visual Studio 10.0\VC\bin\Lib.exe /OUT:"../..\build\Debug\lib\iLBC.lib" /LIBPATH:../../third_party/platformsdk_win7/files/Lib /LIBPATH:../../third_party/directxsdk/files/Lib/x86 /NOLOGO C:\cygwin\home\nsinha\trunk\src\modules\Debug\obj\iLBC\smooth.obj
         C:\cygwin\home\nsinha\trunk\src\modules\Debug\obj\iLBC\swap_bytes.obj
         C:\cygwin\home\nsinha\trunk\src\modules\Debug\obj\iLBC\get_sync_seq.obj
         C:\cygwin\home\nsinha\trunk\src\modules\Debug\obj\iLBC\create_augmented_vec.obj
         C:\cygwin\home\nsinha\trunk\src\modules\Debug\obj\iLBC\frame_classify.obj
         C:\cygwin\home\nsinha\trunk\src\modules\Debug\obj\iLBC\get_lsp_poly.obj
         C:\cygwin\home\nsinha\trunk\src\modules\Debug\obj\iLBC\cb_search_core.obj
         C:\cygwin\home\nsinha\trunk\src\modules\Debug\obj\iLBC\lsf_to_poly.obj
         C:\cygwin\home\nsinha\trunk\src\modules\Debug\obj\iLBC\decode_residual.obj
         C:\cygwin\home\nsinha\trunk\src\modules\Debug\obj\iLBC\unpack_bits.obj
         C:\cygwin\home\nsinha\trunk\src\modules\Debug\obj\iLBC\enhancer.obj
         C:\cygwin\home\nsinha\trunk\src\modules\Debug\obj\iLBC\cb_update_best_index.obj
         C:\cygwin\home\nsinha\trunk\src\modules\Debug\obj\iLBC\window32_w32.obj
         C:\cygwin\home\nsinha\trunk\src\modules\Debug\obj\iLBC\simple_lpc_analysis.obj
         C:\cygwin\home\nsinha\trunk\src\modules\Debug\obj\iLBC\lsf_to_lsp.obj
         C:\cygwin\home\nsinha\trunk\src\modules\Debug\obj\iLBC\my_corr.obj
         C:\cygwin\home\nsinha\trunk\src\modules\Debug\obj\iLBC\interpolate_samples.obj
         C:\cygwin\home\nsinha\trunk\src\modules\Debug\obj\iLBC\lsp_to_lsf.obj
         C:\cygwin\home\nsinha\trunk\src\modules\Debug\obj\iLBC\refiner.obj
         C:\cygwin\home\nsinha\trunk\src\modules\Debug\obj\iLBC\enh_upsample.obj
         C:\cygwin\home\nsinha\trunk\src\modules\Debug\obj\iLBC\hp_input.obj
         C:\cygwin\home\nsinha\trunk\src\modules\Debug\obj\iLBC\filtered_cb_vecs.obj
         C:\cygwin\home\nsinha\trunk\src\modules\Debug\obj\iLBC\vq3.obj
         C:\cygwin\home\nsinha\trunk\src\modules\Debug\obj\iLBC\xcorr_coef.obj
         C:\cygwin\home\nsinha\trunk\src\modules\Debug\obj\iLBC\bw_expand.obj
         C:\cygwin\home\nsinha\trunk\src\modules\Debug\obj\iLBC\hp_output.obj
         C:\cygwin\home\nsinha\trunk\src\modules\Debug\obj\iLBC\init_decode.obj
         C:\cygwin\home\nsinha\trunk\src\modules\Debug\obj\iLBC\simple_interpolate_lsf.obj
         C:\cygwin\home\nsinha\trunk\src\modules\Debug\obj\iLBC\chebyshev.obj
         C:\cygwin\home\nsinha\trunk\src\modules\Debug\obj\iLBC\interpolate.obj
         C:\cygwin\home\nsinha\trunk\src\modules\Debug\obj\iLBC\cb_mem_energy.obj
         C:\cygwin\home\nsinha\trunk\src\modules\Debug\obj\iLBC\gain_quant.obj
         C:\cygwin\home\nsinha\trunk\src\modules\Debug\obj\iLBC\state_search.obj
         C:\cygwin\home\nsinha\trunk\src\modules\Debug\obj\iLBC\cb_search.obj
         C:\cygwin\home\nsinha\trunk\src\modules\Debug\obj\iLBC\lsf_check.obj
         C:\cygwin\home\nsinha\trunk\src\modules\Debug\obj\iLBC\comp_corr.obj
         C:\cygwin\home\nsinha\trunk\src\modules\Debug\obj\iLBC\constants.obj
         C:\cygwin\home\nsinha\trunk\src\modules\Debug\obj\iLBC\abs_quant.obj
         C:\cygwin\home\nsinha\trunk\src\modules\Debug\obj\iLBC\vq4.obj
         C:\cygwin\home\nsinha\trunk\src\modules\Debug\obj\iLBC\do_plc.obj
         C:\cygwin\home\nsinha\trunk\src\modules\Debug\obj\iLBC\sort_sq.obj
         C:\cygwin\home\nsinha\trunk\src\modules\Debug\obj\iLBC\cb_mem_energy_augmentation.obj
         C:\cygwin\home\nsinha\trunk\src\modules\Debug\obj\iLBC\ilbc.obj
         C:\cygwin\home\nsinha\trunk\src\modules\Debug\obj\iLBC\gain_dequant.obj
         C:\cygwin\home\nsinha\trunk\src\modules\Debug\obj\iLBC\nearest_neighbor.obj
         C:\cygwin\home\nsinha\trunk\src\modules\Debug\obj\iLBC\init_encode.obj
         C:\cygwin\home\nsinha\trunk\src\modules\Debug\obj\iLBC\cb_mem_energy_calc.obj
         C:\cygwin\home\nsinha\trunk\src\modules\Debug\obj\iLBC\get_cd_vec.obj
         C:\cygwin\home\nsinha\trunk\src\modules\Debug\obj\iLBC\index_conv_dec.obj
         C:\cygwin\home\nsinha\trunk\src\modules\Debug\obj\iLBC\index_conv_enc.obj
         C:\cygwin\home\nsinha\trunk\src\modules\Debug\obj\iLBC\lsf_interpolate_to_poly_enc.obj
         C:\cygwin\home\nsinha\trunk\src\modules\Debug\obj\iLBC\enhancer_interface.obj
         C:\cygwin\home\nsinha\trunk\src\modules\Debug\obj\iLBC\simple_lsf_dequant.obj
         C:\cygwin\home\nsinha\trunk\src\modules\Debug\obj\iLBC\augmented_cb_corr.obj
         C:\cygwin\home\nsinha\trunk\src\modules\Debug\obj\iLBC\abs_quant_loop.obj
         C:\cygwin\home\nsinha\trunk\src\modules\Debug\obj\iLBC\poly_to_lsp.obj
         C:\cygwin\home\nsinha\trunk\src\modules\Debug\obj\iLBC\decoder_interpolate_lsf.obj
         C:\cygwin\home\nsinha\trunk\src\modules\Debug\obj\iLBC\decode.obj
         C:\cygwin\home\nsinha\trunk\src\modules\Debug\obj\iLBC\cb_construct.obj
         C:\cygwin\home\nsinha\trunk\src\modules\Debug\obj\iLBC\smooth_out_data.obj
         C:\cygwin\home\nsinha\trunk\src\modules\Debug\obj\iLBC\poly_to_lsf.obj
         C:\cygwin\home\nsinha\trunk\src\modules\Debug\obj\iLBC\simple_lsf_quant.obj
         C:\cygwin\home\nsinha\trunk\src\modules\Debug\obj\iLBC\state_construct.obj
         C:\cygwin\home\nsinha\trunk\src\modules\Debug\obj\iLBC\encode.obj
         C:\cygwin\home\nsinha\trunk\src\modules\Debug\obj\iLBC\lsf_interpolate_to_poly_dec.obj
         C:\cygwin\home\nsinha\trunk\src\modules\Debug\obj\iLBC\split_vq.obj
         C:\cygwin\home\nsinha\trunk\src\modules\Debug\obj\iLBC\pack_bits.obj
         C:\cygwin\home\nsinha\trunk\src\modules\Debug\obj\iLBC\lpc_encode.obj
         C:\cygwin\home\nsinha\trunk\src\modules\Debug\obj\iLBC\energy_inverse.obj /ignore:4221 
         iLBC.vcxproj -> C:\cygwin\home\nsinha\trunk\src\modules\../..\build\Debug\iLBC.lib
       FinalizeBuildStatus:
         Deleting file "C:\cygwin\home\nsinha\trunk\src\modules\Debug\obj\iLBC\iLBC.unsuccessfulbuild".
         Touching "C:\cygwin\home\nsinha\trunk\src\modules\Debug\obj\iLBC\iLBC.lastbuildstate".
     1>Done Building Project "C:\cygwin\home\nsinha\trunk\src\modules\iLBC.vcxproj" (build target(s)).

Build succeeded.

Time Elapsed 00:00:03.25
