Build started 12/19/2011 4:26:04 PM.
     1>Project "C:\cygwin\home\nsinha\trunk\src\modules\audio_coding_module.vcxproj" on node 2 (build target(s)).
     1>InitializeBuildStatus:
         Creating "C:\cygwin\home\nsinha\trunk\peerconnection\Debug\obj\audio_coding_module\audio_coding_module.unsuccessfulbuild" because "AlwaysCreate" was specified.
       ClCompile:
         C:\Program Files\Microsoft Visual Studio 10.0\VC\bin\CL.exe /c /I.. /I..\.. /I..\..\third_party\wtl\include /Iaudio_coding\main\interface /Iinterface /Iaudio_coding\codecs\cng\include /Iaudio_coding\codecs\g711\include /Iaudio_coding\codecs\g722\include /Iaudio_coding\codecs\ilbc\interface /Iaudio_coding\codecs\iSAC\main\interface /Iaudio_coding\codecs\iSAC\fix\interface /Iaudio_coding\codecs\pcm16b\include /Iaudio_coding\neteq\interface /I..\common_audio\resampler\include /I..\common_audio\signal_processing\include /I..\common_audio\vad\include /I..\system_wrappers\interface /I..\..\third_party\platformsdk_win7\files\Include /I..\..\third_party\directxsdk\files\Include /I"C:\Program Files\Microsoft Visual Studio 10.0\\VC\atlmfc\include" /Zi /nologo /W4 /WX- /Od /Oy- /D _DEBUG /D _WIN32_WINNT=0x0601 /D WINVER=0x0601 /D WIN32 /D _WINDOWS /D NOMINMAX /D PSAPI_VERSION=1 /D _CRT_RAND_S /D CERT_CHAIN_PARA_HAS_EXTRA_FIELDS /D WIN32_LEAN_AND_MEAN /D _ATL_NO_OPENGL /D _HAS_EXCEPTIONS=0 /D _SECURE_ATL /D CHROMIUM_BUILD /D TOOLKIT_VIEWS=1 /D ENABLE_REMOTING=1 /D ENABLE_P2P_APIS=1 /D ENABLE_CONFIGURATION_POLICY /D ENABLE_INPUT_SPEECH /D ENABLE_GPU=1 /D ENABLE_EGLIMAGE=1 /D USE_SKIA=1 /D __STD_C /D _CRT_SECURE_NO_DEPRECATE /D _SCL_SECURE_NO_DEPRECATE /D ENABLE_REGISTER_PROTOCOL_HANDLER=1 /D WEBRTC_TARGET_PC /D __STDC_FORMAT_MACROS /D DYNAMIC_ANNOTATIONS_ENABLED=1 /D WTF_USE_DYNAMIC_ANNOTATIONS=1 /D _UNICODE /D UNICODE /Gm- /RTC1 /MTd /GS /Gy /fp:precise /Zc:wchar_t /Zc:forScope /GR- /Fo"C:\cygwin\home\nsinha\trunk\peerconnection\Debug\obj\audio_coding_module\\" /Fd"C:\cygwin\home\nsinha\trunk\peerconnection\Debug\obj\audio_coding_module\vc100.pdb" /Gd /TP /wd4351 /wd4396 /wd4503 /wd4819 /wd4100 /wd4121 /wd4125 /wd4127 /wd4130 /wd4131 /wd4189 /wd4201 /wd4238 /wd4244 /wd4245 /wd4310 /wd4355 /wd4428 /wd4481 /wd4505 /wd4510 /wd4512 /wd4530 /wd4610 /wd4611 /wd4701 /wd4702 /wd4706 /wd4389 /analyze- /errorReport:prompt audio_coding\main\source\acm_amrwb.cc audio_coding\main\source\acm_pcma.cc audio_coding\main\source\acm_g7291.cc audio_coding\main\source\audio_coding_module.cc audio_coding\main\source\acm_amr.cc audio_coding\main\source\acm_g7221.cc audio_coding\main\source\acm_ilbc.cc audio_coding\main\source\acm_g7221c.cc audio_coding\main\source\acm_generic_codec.cc audio_coding\main\source\acm_red.cc audio_coding\main\source\acm_isac.cc audio_coding\main\source\acm_opus.cc audio_coding\main\source\audio_coding_module_impl.cc audio_coding\main\source\acm_pcm16b.cc audio_coding\main\source\acm_neteq.cc audio_coding\main\source\acm_g722.cc audio_coding\main\source\acm_g729.cc audio_coding\main\source\acm_codec_database.cc audio_coding\main\source\acm_dtmf_detection.cc audio_coding\main\source\acm_resampler.cc audio_coding\main\source\acm_pcmu.cc audio_coding\main\source\acm_dtmf_playout.cc audio_coding\main\source\acm_gsmfr.cc audio_coding\main\source\acm_cng.cc audio_coding\main\source\acm_speex.cc /MP /we4389 
         acm_amrwb.cc
         acm_pcma.cc
         acm_g7291.cc
         audio_coding_module.cc
         acm_amr.cc
         acm_g7221.cc
         acm_ilbc.cc
         acm_g7221c.cc
         acm_generic_codec.cc
         acm_red.cc
         acm_isac.cc
         acm_opus.cc
         audio_coding_module_impl.cc
         acm_pcm16b.cc
         acm_neteq.cc
         acm_g722.cc
         acm_g729.cc
         acm_codec_database.cc
         acm_dtmf_detection.cc
         acm_resampler.cc
         acm_pcmu.cc
         acm_dtmf_playout.cc
         acm_gsmfr.cc
         acm_cng.cc
         acm_speex.cc
     1>C:\Program Files\MSBuild\Microsoft.Cpp\v4.0\Microsoft.CppBuild.targets(1151,5): warning MSB8012: TargetPath(C:\cygwin\home\nsinha\trunk\src\modules\../..\build\Debug\audio_coding_module.lib) does not match the Library's OutputFile property value (C:\cygwin\home\nsinha\trunk\build\Debug\lib\audio_coding_module.lib). This may cause your project to build incorrectly. To correct this, please make sure that $(OutDir), $(TargetName) and $(TargetExt) property values match the value specified in %(Lib.OutputFile).
       Lib:
         C:\Program Files\Microsoft Visual Studio 10.0\VC\bin\Lib.exe /OUT:"../..\build\Debug\lib\audio_coding_module.lib" /LIBPATH:../../third_party/platformsdk_win7/files/Lib /LIBPATH:../../third_party/directxsdk/files/Lib/x86 /NOLOGO C:\cygwin\home\nsinha\trunk\peerconnection\Debug\obj\audio_coding_module\acm_amrwb.obj
         C:\cygwin\home\nsinha\trunk\peerconnection\Debug\obj\audio_coding_module\acm_pcma.obj
         C:\cygwin\home\nsinha\trunk\peerconnection\Debug\obj\audio_coding_module\acm_g7291.obj
         C:\cygwin\home\nsinha\trunk\peerconnection\Debug\obj\audio_coding_module\audio_coding_module.obj
         C:\cygwin\home\nsinha\trunk\peerconnection\Debug\obj\audio_coding_module\acm_amr.obj
         C:\cygwin\home\nsinha\trunk\peerconnection\Debug\obj\audio_coding_module\acm_g7221.obj
         C:\cygwin\home\nsinha\trunk\peerconnection\Debug\obj\audio_coding_module\acm_ilbc.obj
         C:\cygwin\home\nsinha\trunk\peerconnection\Debug\obj\audio_coding_module\acm_g7221c.obj
         C:\cygwin\home\nsinha\trunk\peerconnection\Debug\obj\audio_coding_module\acm_generic_codec.obj
         C:\cygwin\home\nsinha\trunk\peerconnection\Debug\obj\audio_coding_module\acm_red.obj
         C:\cygwin\home\nsinha\trunk\peerconnection\Debug\obj\audio_coding_module\acm_isac.obj
         C:\cygwin\home\nsinha\trunk\peerconnection\Debug\obj\audio_coding_module\acm_opus.obj
         C:\cygwin\home\nsinha\trunk\peerconnection\Debug\obj\audio_coding_module\audio_coding_module_impl.obj
         C:\cygwin\home\nsinha\trunk\peerconnection\Debug\obj\audio_coding_module\acm_pcm16b.obj
         C:\cygwin\home\nsinha\trunk\peerconnection\Debug\obj\audio_coding_module\acm_neteq.obj
         C:\cygwin\home\nsinha\trunk\peerconnection\Debug\obj\audio_coding_module\acm_g722.obj
         C:\cygwin\home\nsinha\trunk\peerconnection\Debug\obj\audio_coding_module\acm_g729.obj
         C:\cygwin\home\nsinha\trunk\peerconnection\Debug\obj\audio_coding_module\acm_codec_database.obj
         C:\cygwin\home\nsinha\trunk\peerconnection\Debug\obj\audio_coding_module\acm_dtmf_detection.obj
         C:\cygwin\home\nsinha\trunk\peerconnection\Debug\obj\audio_coding_module\acm_resampler.obj
         C:\cygwin\home\nsinha\trunk\peerconnection\Debug\obj\audio_coding_module\acm_pcmu.obj
         C:\cygwin\home\nsinha\trunk\peerconnection\Debug\obj\audio_coding_module\acm_dtmf_playout.obj
         C:\cygwin\home\nsinha\trunk\peerconnection\Debug\obj\audio_coding_module\acm_gsmfr.obj
         C:\cygwin\home\nsinha\trunk\peerconnection\Debug\obj\audio_coding_module\acm_cng.obj
         C:\cygwin\home\nsinha\trunk\peerconnection\Debug\obj\audio_coding_module\acm_speex.obj /ignore:4221 
         audio_coding_module.vcxproj -> C:\cygwin\home\nsinha\trunk\src\modules\../..\build\Debug\audio_coding_module.lib
       FinalizeBuildStatus:
         Deleting file "C:\cygwin\home\nsinha\trunk\peerconnection\Debug\obj\audio_coding_module\audio_coding_module.unsuccessfulbuild".
         Touching "C:\cygwin\home\nsinha\trunk\peerconnection\Debug\obj\audio_coding_module\audio_coding_module.lastbuildstate".
     1>Done Building Project "C:\cygwin\home\nsinha\trunk\src\modules\audio_coding_module.vcxproj" (build target(s)).

Build succeeded.

Time Elapsed 00:00:03.79
