Build started 1/12/2012 9:26:23 PM.
     1>Project "C:\cygwin\home\nsinha\original_ trunk\third_party\yasm\yasm.vcxproj" on node 3 (build target(s)).
     1>InitializeBuildStatus:
         Creating "C:\cygwin\home\nsinha\original_ trunk\Debug\obj\yasm\yasm.unsuccessfulbuild" because "AlwaysCreate" was specified.
       CustomBuild:
         yasm genmacro for source/patched-yasm/modules/parsers/nasm/nasm-std.mac., and also yasm genmacro for ../..\build\Debug\/obj/global_intermediate/third_party/yasm/version.mac., and also yasm genmacro for source/patched-yasm/modules/objfmts/coff/win64-gas.mac., and also yasm genmacro for source/patched-yasm/modules/objfmts/coff/win64-nasm.mac.
         Generating yasm tokens for lc3b.
         Generating yasm module information.
         Generating yasm embeddable license.
       _generate_gperf:
         yasm gperf for C:\cygwin\home\nsinha\original_ trunk\build\Debug\obj\global_intermediate\third_party\yasm\x86insn_gas.gperf.
         cmd.exe /C "C:\Documents and Settings\nsinha\Local Settings\Temp\f50a2b45e7ef4301aa764573f7351b8d.cmd"
         call "C:\cygwin\home\nsinha\original_ trunk\third_party\yasm\..\..\third_party\cygwin\setup_env.bat" && set CYGWIN=nontsec&& set INTDIR=C:\cygwin\home\nsinha\original_ trunk\Debug\obj\yasm\&& set OUTDIR=../..\build\Debug\&& set INPUTPATH=C:\cygwin\home\nsinha\original_ trunk\build\Debug\obj\global_intermediate\third_party\yasm\x86insn_gas.gperf && bash -c "\"`cygpath -m \"${OUTDIR}\"`/genperf\" \"`cygpath -m \"${INPUTPATH}\"`\" \"`cygpath -m \"${INTDIR}\"`/third_party/yasm/x86insn_gas.c\""
       _generate_gperf:
         yasm gperf for C:\cygwin\home\nsinha\original_ trunk\build\Debug\obj\global_intermediate\third_party\yasm\x86insn_nasm.gperf.
         cmd.exe /C "C:\Documents and Settings\nsinha\Local Settings\Temp\f8200fc566114080b8cdf9be182fca5e.cmd"
         call "C:\cygwin\home\nsinha\original_ trunk\third_party\yasm\..\..\third_party\cygwin\setup_env.bat" && set CYGWIN=nontsec&& set INTDIR=C:\cygwin\home\nsinha\original_ trunk\Debug\obj\yasm\&& set OUTDIR=../..\build\Debug\&& set INPUTPATH=C:\cygwin\home\nsinha\original_ trunk\build\Debug\obj\global_intermediate\third_party\yasm\x86insn_nasm.gperf && bash -c "\"`cygpath -m \"${OUTDIR}\"`/genperf\" \"`cygpath -m \"${INPUTPATH}\"`\" \"`cygpath -m \"${INTDIR}\"`/third_party/yasm/x86insn_nasm.c\""
       _generate_re2c:
         yasm re2c for C:\cygwin\home\nsinha\original_ trunk\third_party\yasm\source\patched-yasm\modules\parsers\gas\gas-token.re.
         cmd.exe /C "C:\Documents and Settings\nsinha\Local Settings\Temp\cb19b6122e9342dc8c268e534d3eca99.cmd"
         call "C:\cygwin\home\nsinha\original_ trunk\third_party\yasm\..\..\third_party\cygwin\setup_env.bat" && set CYGWIN=nontsec&& set INTDIR=C:\cygwin\home\nsinha\original_ trunk\Debug\obj\yasm\&& set OUTDIR=../..\build\Debug\&& set INPUTPATH=C:\cygwin\home\nsinha\original_ trunk\third_party\yasm\source\patched-yasm\modules\parsers\gas\gas-token.re && bash -c "\"`cygpath -m \"${OUTDIR}\"`/re2c\" \"-b\" \"-o\" \"`cygpath -m \"${INTDIR}\"`/third_party/yasm/gas-token.c\" \"`cygpath -m \"${INPUTPATH}\"`\""
       _generate_re2c:
         yasm re2c for C:\cygwin\home\nsinha\original_ trunk\third_party\yasm\source\patched-yasm\modules\parsers\nasm\nasm-token.re.
         cmd.exe /C "C:\Documents and Settings\nsinha\Local Settings\Temp\9e77e4834a6444f3a3a30ed940149f89.cmd"
         call "C:\cygwin\home\nsinha\original_ trunk\third_party\yasm\..\..\third_party\cygwin\setup_env.bat" && set CYGWIN=nontsec&& set INTDIR=C:\cygwin\home\nsinha\original_ trunk\Debug\obj\yasm\&& set OUTDIR=../..\build\Debug\&& set INPUTPATH=C:\cygwin\home\nsinha\original_ trunk\third_party\yasm\source\patched-yasm\modules\parsers\nasm\nasm-token.re && bash -c "\"`cygpath -m \"${OUTDIR}\"`/re2c\" \"-b\" \"-o\" \"`cygpath -m \"${INTDIR}\"`/third_party/yasm/nasm-token.c\" \"`cygpath -m \"${INPUTPATH}\"`\""
       _generate_re2c:
         yasm re2c for C:\cygwin\home\nsinha\original_ trunk\third_party\yasm\source\patched-yasm\modules\arch\lc3b\lc3bid.re.
       ClCompile:
         C:\Program Files\Microsoft Visual Studio 10.0\VC\bin\CL.exe /c /I..\..\third_party\wtl\include /Isource\config\win /I"source\patched-yasm" /I../..\build\Debug\obj\global_intermediate\third_party\yasm /I"C:\cygwin\home\nsinha\original_ trunk\Debug\obj\yasm\third_party\yasm" /I..\..\third_party\platformsdk_win7\files\Include /I..\..\third_party\directxsdk\files\Include /I"C:\Program Files\Microsoft Visual Studio 10.0\\VC\atlmfc\include" /Zi /nologo /W3 /WX- /Od /Oy- /D _DEBUG /D _WIN32_WINNT=0x0601 /D WINVER=0x0601 /D WIN32 /D _WINDOWS /D NOMINMAX /D PSAPI_VERSION=1 /D _CRT_RAND_S /D CERT_CHAIN_PARA_HAS_EXTRA_FIELDS /D WIN32_LEAN_AND_MEAN /D _ATL_NO_OPENGL /D _HAS_EXCEPTIONS=0 /D _SECURE_ATL /D CHROMIUM_BUILD /D TOOLKIT_VIEWS=1 /D ENABLE_REMOTING=1 /D ENABLE_P2P_APIS=1 /D ENABLE_CONFIGURATION_POLICY /D ENABLE_INPUT_SPEECH /D ENABLE_GPU=1 /D ENABLE_EGLIMAGE=1 /D USE_SKIA=1 /D __STD_C /D _CRT_SECURE_NO_DEPRECATE /D _SCL_SECURE_NO_DEPRECATE /D ENABLE_REGISTER_PROTOCOL_HANDLER=1 /D HAVE_CONFIG_H /D _CRT_NONSTDC_NO_WARNINGS /D _CRT_NONSTDC_NO_DEPRECATE /D DYNAMIC_ANNOTATIONS_ENABLED=1 /D WTF_USE_DYNAMIC_ANNOTATIONS=1 /D _UNICODE /D UNICODE /Gm- /RTC1 /MTd /GS /Gy /fp:precise /Zc:wchar_t /Zc:forScope /GR- /Fo"C:\cygwin\home\nsinha\original_ trunk\Debug\obj\yasm\\" /Fd"C:\cygwin\home\nsinha\original_ trunk\Debug\obj\yasm\vc100.pdb" /Gd /TC /wd4351 /wd4396 /wd4503 /wd4819 /wd4100 /wd4121 /wd4125 /wd4127 /wd4130 /wd4131 /wd4189 /wd4201 /wd4238 /wd4244 /wd4245 /wd4310 /wd4355 /wd4428 /wd4481 /wd4505 /wd4510 /wd4512 /wd4530 /wd4610 /wd4611 /wd4701 /wd4702 /wd4706 /wd4800 /analyze- /errorReport:prompt ../..\build\Debug\\obj\global_intermediate\third_party\yasm\x86cpu.c ../..\build\Debug\\obj\global_intermediate\third_party\yasm\x86regtmod.c "C:\cygwin\home\nsinha\original_ trunk\Debug\obj\yasm\\third_party\yasm\gas-token.c" "C:\cygwin\home\nsinha\original_ trunk\Debug\obj\yasm\\third_party\yasm\lc3bid.c" "C:\cygwin\home\nsinha\original_ trunk\Debug\obj\yasm\\third_party\yasm\module.c" "C:\cygwin\home\nsinha\original_ trunk\Debug\obj\yasm\\third_party\yasm\nasm-macros.c" "C:\cygwin\home\nsinha\original_ trunk\Debug\obj\yasm\\third_party\yasm\nasm-token.c" "source\patched-yasm\frontends\yasm\yasm.c" "source\patched-yasm\modules\arch\x86\x86id.c" "source\patched-yasm\modules\objfmts\coff\coff-objfmt.c" "source\patched-yasm\modules\preprocs\nasm\nasm-preproc.c" /MP 
         x86cpu.c
         x86regtmod.c
         gas-token.c
         lc3bid.c
         module.c
         nasm-macros.c
         nasm-token.c
         yasm.c
         x86id.c
         coff-objfmt.c
     1>source\patched-yasm\modules\arch\x86\x86id.c(657): warning C4018: '<' : signed/unsigned mismatch
         nasm-preproc.c
       ManifestResourceCompile:
         All outputs are up-to-date.
       Link:
         C:\Program Files\Microsoft Visual Studio 10.0\VC\bin\link.exe /ERRORREPORT:PROMPT /OUT:"../..\build\Debug\yasm.exe" /INCREMENTAL /NOLOGO /LIBPATH:../../third_party/platformsdk_win7/files/Lib /LIBPATH:../../third_party/directxsdk/files/Lib/x86 wininet.lib dnsapi.lib version.lib msimg32.lib ws2_32.lib usp10.lib psapi.lib dbghelp.lib winmm.lib shlwapi.lib kernel32.lib user32.lib gdi32.lib winspool.lib comdlg32.lib advapi32.lib shell32.lib ole32.lib oleaut32.lib uuid.lib odbc32.lib odbccp32.lib Delayimp.lib /DELAYLOAD:dbghelp.dll /DELAYLOAD:dwmapi.dll /DELAYLOAD:uxtheme.dll /MANIFEST /ManifestFile:"C:\cygwin\home\nsinha\original_ trunk\Debug\obj\yasm\yasm.exe.intermediate.manifest" /MANIFESTUAC:"level='asInvoker' uiAccess='false'" /DEBUG /PDB:"C:\cygwin\home\nsinha\original_ trunk\build\Debug\yasm.pdb" /SUBSYSTEM:CONSOLE /TLBID:1 /DYNAMICBASE:NO /FIXED:NO /NXCOMPAT /IMPLIB:"../..\build\Debug\lib\yasm.lib" /MACHINE:X86 "C:\cygwin\home\nsinha\original_ trunk\Debug\obj\yasm\yasm.exe.embed.manifest.res"
         "C:\cygwin\home\nsinha\original_ trunk\Debug\obj\yasm\linemap.obj"
         "C:\cygwin\home\nsinha\original_ trunk\Debug\obj\yasm\bc-data.obj"
         "C:\cygwin\home\nsinha\original_ trunk\Debug\obj\yasm\file.obj"
         "C:\cygwin\home\nsinha\original_ trunk\Debug\obj\yasm\bc-reserve.obj"
         "C:\cygwin\home\nsinha\original_ trunk\Debug\obj\yasm\hamt.obj"
         "C:\cygwin\home\nsinha\original_ trunk\Debug\obj\yasm\bc-align.obj"
         "C:\cygwin\home\nsinha\original_ trunk\Debug\obj\yasm\bc-incbin.obj"
         "C:\cygwin\home\nsinha\original_ trunk\Debug\obj\yasm\errwarn.obj"
         "C:\cygwin\home\nsinha\original_ trunk\Debug\obj\yasm\insn.obj"
         "C:\cygwin\home\nsinha\original_ trunk\Debug\obj\yasm\strsep.obj"
         "C:\cygwin\home\nsinha\original_ trunk\Debug\obj\yasm\section.obj"
         "C:\cygwin\home\nsinha\original_ trunk\Debug\obj\yasm\bc-org.obj"
         "C:\cygwin\home\nsinha\original_ trunk\Debug\obj\yasm\value.obj"
         "C:\cygwin\home\nsinha\original_ trunk\Debug\obj\yasm\mergesort.obj"
         "C:\cygwin\home\nsinha\original_ trunk\Debug\obj\yasm\bytecode.obj"
         "C:\cygwin\home\nsinha\original_ trunk\Debug\obj\yasm\bitvect.obj"
         "C:\cygwin\home\nsinha\original_ trunk\Debug\obj\yasm\valparam.obj"
         "C:\cygwin\home\nsinha\original_ trunk\Debug\obj\yasm\md5.obj"
         "C:\cygwin\home\nsinha\original_ trunk\Debug\obj\yasm\assocdat.obj"
         "C:\cygwin\home\nsinha\original_ trunk\Debug\obj\yasm\strcasecmp.obj"
         "C:\cygwin\home\nsinha\original_ trunk\Debug\obj\yasm\floatnum.obj"
         "C:\cygwin\home\nsinha\original_ trunk\Debug\obj\yasm\inttree.obj"
         "C:\cygwin\home\nsinha\original_ trunk\Debug\obj\yasm\symrec.obj"
         "C:\cygwin\home\nsinha\original_ trunk\Debug\obj\yasm\intnum.obj"
         "C:\cygwin\home\nsinha\original_ trunk\Debug\obj\yasm\expr.obj"
         "C:\cygwin\home\nsinha\original_ trunk\Debug\obj\yasm\nasm-listfmt.obj"
         "C:\cygwin\home\nsinha\original_ trunk\Debug\obj\yasm\bin-objfmt.obj"
         "C:\cygwin\home\nsinha\original_ trunk\Debug\obj\yasm\xdf-objfmt.obj"
         "C:\cygwin\home\nsinha\original_ trunk\Debug\obj\yasm\elf.obj"
         "C:\cygwin\home\nsinha\original_ trunk\Debug\obj\yasm\elf-x86-amd64.obj"
         "C:\cygwin\home\nsinha\original_ trunk\Debug\obj\yasm\elf-x86-x86.obj"
         "C:\cygwin\home\nsinha\original_ trunk\Debug\obj\yasm\elf-objfmt.obj"
         "C:\cygwin\home\nsinha\original_ trunk\Debug\obj\yasm\dbg-objfmt.obj"
         "C:\cygwin\home\nsinha\original_ trunk\Debug\obj\yasm\rdf-objfmt.obj"
         "C:\cygwin\home\nsinha\original_ trunk\Debug\obj\yasm\macho-objfmt.obj"
         "C:\cygwin\home\nsinha\original_ trunk\Debug\obj\yasm\win64-except.obj"
         "C:\cygwin\home\nsinha\original_ trunk\Debug\obj\yasm\coff-objfmt.obj"
         "C:\cygwin\home\nsinha\original_ trunk\Debug\obj\yasm\cv-dbgfmt.obj"
         "C:\cygwin\home\nsinha\original_ trunk\Debug\obj\yasm\cv-type.obj"
         "C:\cygwin\home\nsinha\original_ trunk\Debug\obj\yasm\cv-symline.obj"
         "C:\cygwin\home\nsinha\original_ trunk\Debug\obj\yasm\null-dbgfmt.obj"
         "C:\cygwin\home\nsinha\original_ trunk\Debug\obj\yasm\dwarf2-line.obj"
         "C:\cygwin\home\nsinha\original_ trunk\Debug\obj\yasm\dwarf2-aranges.obj"
         "C:\cygwin\home\nsinha\original_ trunk\Debug\obj\yasm\dwarf2-dbgfmt.obj"
         "C:\cygwin\home\nsinha\original_ trunk\Debug\obj\yasm\dwarf2-info.obj"
         "C:\cygwin\home\nsinha\original_ trunk\Debug\obj\yasm\stabs-dbgfmt.obj"
         "C:\cygwin\home\nsinha\original_ trunk\Debug\obj\yasm\gas-parser.obj"
         "C:\cygwin\home\nsinha\original_ trunk\Debug\obj\yasm\gas-parse-intel.obj"
         "C:\cygwin\home\nsinha\original_ trunk\Debug\obj\yasm\gas-parse.obj"
         "C:\cygwin\home\nsinha\original_ trunk\Debug\obj\yasm\nasm-parser.obj"
         "C:\cygwin\home\nsinha\original_ trunk\Debug\obj\yasm\nasm-parse.obj"
         "C:\cygwin\home\nsinha\original_ trunk\Debug\obj\yasm\cpp-preproc.obj"
         "C:\cygwin\home\nsinha\original_ trunk\Debug\obj\yasm\raw-preproc.obj"
         "C:\cygwin\home\nsinha\original_ trunk\Debug\obj\yasm\nasm-eval.obj"
         "C:\cygwin\home\nsinha\original_ trunk\Debug\obj\yasm\nasm-preproc.obj"
         "C:\cygwin\home\nsinha\original_ trunk\Debug\obj\yasm\nasm-pp.obj"
         "C:\cygwin\home\nsinha\original_ trunk\Debug\obj\yasm\nasmlib.obj"
         "C:\cygwin\home\nsinha\original_ trunk\Debug\obj\yasm\lc3barch.obj"
         "C:\cygwin\home\nsinha\original_ trunk\Debug\obj\yasm\lc3bbc.obj"
         "C:\cygwin\home\nsinha\original_ trunk\Debug\obj\yasm\x86expr.obj"
         "C:\cygwin\home\nsinha\original_ trunk\Debug\obj\yasm\x86arch.obj"
         "C:\cygwin\home\nsinha\original_ trunk\Debug\obj\yasm\x86bc.obj"
         "C:\cygwin\home\nsinha\original_ trunk\Debug\obj\yasm\x86id.obj"
         "C:\cygwin\home\nsinha\original_ trunk\Debug\obj\yasm\yasm.obj"
         "C:\cygwin\home\nsinha\original_ trunk\Debug\obj\yasm\yasm-options.obj"
         "C:\cygwin\home\nsinha\original_ trunk\Debug\obj\yasm\gas-token.obj"
         "C:\cygwin\home\nsinha\original_ trunk\Debug\obj\yasm\module.obj"
         "C:\cygwin\home\nsinha\original_ trunk\Debug\obj\yasm\lc3bid.obj"
         "C:\cygwin\home\nsinha\original_ trunk\Debug\obj\yasm\nasm-macros.obj"
         "C:\cygwin\home\nsinha\original_ trunk\Debug\obj\yasm\nasm-token.obj"
         "C:\cygwin\home\nsinha\original_ trunk\Debug\obj\yasm\x86regtmod.obj"
         "C:\cygwin\home\nsinha\original_ trunk\Debug\obj\yasm\x86cpu.obj"
         "C:\cygwin\home\nsinha\original_ trunk\build\Debug\lib\genperf_libs.lib" /safeseh /dynamicbase /ignore:4199 /ignore:4221 /nxcompat 
       Manifest:
         C:\Program Files\Microsoft SDKs\Windows\v7.0A\bin\mt.exe /nologo /verbose /out:"C:\cygwin\home\nsinha\original_ trunk\Debug\obj\yasm\yasm.exe.embed.manifest" /manifest "C:\cygwin\home\nsinha\original_ trunk\Debug\obj\yasm\yasm.exe.intermediate.manifest"
         All outputs are up-to-date.
       LinkEmbedManifest:
         All outputs are up-to-date.
         yasm.vcxproj -> C:\cygwin\home\nsinha\original_ trunk\third_party\yasm\../..\build\Debug\yasm.exe
       FinalizeBuildStatus:
         Deleting file "C:\cygwin\home\nsinha\original_ trunk\Debug\obj\yasm\yasm.unsuccessfulbuild".
         Touching "C:\cygwin\home\nsinha\original_ trunk\Debug\obj\yasm\yasm.lastbuildstate".
     1>Done Building Project "C:\cygwin\home\nsinha\original_ trunk\third_party\yasm\yasm.vcxproj" (build target(s)).

Build succeeded.

Time Elapsed 00:00:15.65
