Build started 1/12/2012 9:08:55 PM.
     1>Project "C:\cygwin\home\nsinha\original_ trunk\third_party\libvpx\libvpx.vcxproj" on node 3 (build target(s)).
     1>InitializeBuildStatus:
         Touching "C:\cygwin\home\nsinha\original_ trunk\Debug\obj\libvpx\libvpx.unsuccessfulbuild".
       _assemble:
         Compile assemly C:\cygwin\home\nsinha\original_ trunk\third_party\libvpx\source\libvpx\vpx_ports\emms.asm.
         cmd.exe /C "C:\Documents and Settings\nsinha\Local Settings\Temp\206c0f97129948efbb5203a82603c758.cmd"
         call "C:\cygwin\home\nsinha\original_ trunk\third_party\libvpx\..\..\third_party\cygwin\setup_env.bat" && set CYGWIN=nontsec&& set OUTDIR=../..\build\Debug\&& set INPUTPATH=C:\cygwin\home\nsinha\original_ trunk\third_party\libvpx\source\libvpx\vpx_ports\emms.asm && bash -c "\"`cygpath -m \"${OUTDIR}\"`/yasm\" \"-I\" \"source/config/win/ia32\" \"-I\" \"source/libvpx\" \"-DPREFIX\" \"-fwin32\" \"-m\" \"x86\" \"-o\" \"`cygpath -m \"${OUTDIR}\"`/obj/global_intermediate/third_party/libvpx/emms.obj\" \"`cygpath -m \"${INPUTPATH}\"`\""
       _assemble:
         Compile assemly C:\cygwin\home\nsinha\original_ trunk\third_party\libvpx\source\libvpx\vpx_ports\x86_abi_support.asm.
         cmd.exe /C "C:\Documents and Settings\nsinha\Local Settings\Temp\441743f3d0b74211a2b68e65d0d2a4b8.cmd"
         call "C:\cygwin\home\nsinha\original_ trunk\third_party\libvpx\..\..\third_party\cygwin\setup_env.bat" && set CYGWIN=nontsec&& set OUTDIR=../..\build\Debug\&& set INPUTPATH=C:\cygwin\home\nsinha\original_ trunk\third_party\libvpx\source\libvpx\vpx_ports\x86_abi_support.asm && bash -c "\"`cygpath -m \"${OUTDIR}\"`/yasm\" \"-I\" \"source/config/win/ia32\" \"-I\" \"source/libvpx\" \"-DPREFIX\" \"-fwin32\" \"-m\" \"x86\" \"-o\" \"`cygpath -m \"${OUTDIR}\"`/obj/global_intermediate/third_party/libvpx/x86_abi_support.obj\" \"`cygpath -m \"${INPUTPATH}\"`\""
       _assemble:
         Compile assemly C:\cygwin\home\nsinha\original_ trunk\third_party\libvpx\source\libvpx\vp8\encoder\x86\sad_sse3.asm.
         cmd.exe /C "C:\Documents and Settings\nsinha\Local Settings\Temp\62e43b660ba343e5a53839d060d3f28d.cmd"
         call "C:\cygwin\home\nsinha\original_ trunk\third_party\libvpx\..\..\third_party\cygwin\setup_env.bat" && set CYGWIN=nontsec&& set OUTDIR=../..\build\Debug\&& set INPUTPATH=C:\cygwin\home\nsinha\original_ trunk\third_party\libvpx\source\libvpx\vp8\encoder\x86\sad_sse3.asm && bash -c "\"`cygpath -m \"${OUTDIR}\"`/yasm\" \"-I\" \"source/config/win/ia32\" \"-I\" \"source/libvpx\" \"-DPREFIX\" \"-fwin32\" \"-m\" \"x86\" \"-o\" \"`cygpath -m \"${OUTDIR}\"`/obj/global_intermediate/third_party/libvpx/sad_sse3.obj\" \"`cygpath -m \"${INPUTPATH}\"`\""
       _assemble:
         Compile assemly C:\cygwin\home\nsinha\original_ trunk\third_party\libvpx\source\libvpx\vp8\encoder\x86\sad_ssse3.asm.
         cmd.exe /C "C:\Documents and Settings\nsinha\Local Settings\Temp\cd7f7deb00e04d34820fde42ccacce58.cmd"
         call "C:\cygwin\home\nsinha\original_ trunk\third_party\libvpx\..\..\third_party\cygwin\setup_env.bat" && set CYGWIN=nontsec&& set OUTDIR=../..\build\Debug\&& set INPUTPATH=C:\cygwin\home\nsinha\original_ trunk\third_party\libvpx\source\libvpx\vp8\encoder\x86\sad_ssse3.asm && bash -c "\"`cygpath -m \"${OUTDIR}\"`/yasm\" \"-I\" \"source/config/win/ia32\" \"-I\" \"source/libvpx\" \"-DPREFIX\" \"-fwin32\" \"-m\" \"x86\" \"-o\" \"`cygpath -m \"${OUTDIR}\"`/obj/global_intermediate/third_party/libvpx/sad_ssse3.obj\" \"`cygpath -m \"${INPUTPATH}\"`\""
       _assemble:
         Compile assemly C:\cygwin\home\nsinha\original_ trunk\third_party\libvpx\source\libvpx\vp8\encoder\x86\variance_impl_sse2.asm.
         cmd.exe /C "C:\Documents and Settings\nsinha\Local Settings\Temp\658a5dcbb5b54baa9b78e10295d8cdb9.cmd"
         call "C:\cygwin\home\nsinha\original_ trunk\third_party\libvpx\..\..\third_party\cygwin\setup_env.bat" && set CYGWIN=nontsec&& set OUTDIR=../..\build\Debug\&& set INPUTPATH=C:\cygwin\home\nsinha\original_ trunk\third_party\libvpx\source\libvpx\vp8\encoder\x86\variance_impl_sse2.asm && bash -c "\"`cygpath -m \"${OUTDIR}\"`/yasm\" \"-I\" \"source/config/win/ia32\" \"-I\" \"source/libvpx\" \"-DPREFIX\" \"-fwin32\" \"-m\" \"x86\" \"-o\" \"`cygpath -m \"${OUTDIR}\"`/obj/global_intermediate/third_party/libvpx/variance_impl_sse2.obj\" \"`cygpath -m \"${INPUTPATH}\"`\""
       _assemble:
         Compile assemly C:\cygwin\home\nsinha\original_ trunk\third_party\libvpx\source\libvpx\vp8\encoder\x86\sad_sse2.asm.
         cmd.exe /C "C:\Documents and Settings\nsinha\Local Settings\Temp\9714b35db77d4d66b90e08e7f95658b2.cmd"
         call "C:\cygwin\home\nsinha\original_ trunk\third_party\libvpx\..\..\third_party\cygwin\setup_env.bat" && set CYGWIN=nontsec&& set OUTDIR=../..\build\Debug\&& set INPUTPATH=C:\cygwin\home\nsinha\original_ trunk\third_party\libvpx\source\libvpx\vp8\encoder\x86\sad_sse2.asm && bash -c "\"`cygpath -m \"${OUTDIR}\"`/yasm\" \"-I\" \"source/config/win/ia32\" \"-I\" \"source/libvpx\" \"-DPREFIX\" \"-fwin32\" \"-m\" \"x86\" \"-o\" \"`cygpath -m \"${OUTDIR}\"`/obj/global_intermediate/third_party/libvpx/sad_sse2.obj\" \"`cygpath -m \"${INPUTPATH}\"`\""
       _assemble:
         Compile assemly C:\cygwin\home\nsinha\original_ trunk\third_party\libvpx\source\libvpx\vp8\encoder\x86\quantize_sse4.asm.
         cmd.exe /C "C:\Documents and Settings\nsinha\Local Settings\Temp\2ffac12bef444bd19815e2e9db9fd151.cmd"
         call "C:\cygwin\home\nsinha\original_ trunk\third_party\libvpx\..\..\third_party\cygwin\setup_env.bat" && set CYGWIN=nontsec&& set OUTDIR=../..\build\Debug\&& set INPUTPATH=C:\cygwin\home\nsinha\original_ trunk\third_party\libvpx\source\libvpx\vp8\encoder\x86\quantize_sse4.asm && bash -c "\"`cygpath -m \"${OUTDIR}\"`/yasm\" \"-I\" \"source/config/win/ia32\" \"-I\" \"source/libvpx\" \"-DPREFIX\" \"-fwin32\" \"-m\" \"x86\" \"-o\" \"`cygpath -m \"${OUTDIR}\"`/obj/global_intermediate/third_party/libvpx/quantize_sse4.obj\" \"`cygpath -m \"${INPUTPATH}\"`\""
       _assemble:
         Compile assemly C:\cygwin\home\nsinha\original_ trunk\third_party\libvpx\source\libvpx\vp8\encoder\x86\variance_impl_ssse3.asm.
         cmd.exe /C "C:\Documents and Settings\nsinha\Local Settings\Temp\1a48221abf7a4b898de45aa3065c2e03.cmd"
         call "C:\cygwin\home\nsinha\original_ trunk\third_party\libvpx\..\..\third_party\cygwin\setup_env.bat" && set CYGWIN=nontsec&& set OUTDIR=../..\build\Debug\&& set INPUTPATH=C:\cygwin\home\nsinha\original_ trunk\third_party\libvpx\source\libvpx\vp8\encoder\x86\variance_impl_ssse3.asm && bash -c "\"`cygpath -m \"${OUTDIR}\"`/yasm\" \"-I\" \"source/config/win/ia32\" \"-I\" \"source/libvpx\" \"-DPREFIX\" \"-fwin32\" \"-m\" \"x86\" \"-o\" \"`cygpath -m \"${OUTDIR}\"`/obj/global_intermediate/third_party/libvpx/variance_impl_ssse3.obj\" \"`cygpath -m \"${INPUTPATH}\"`\""
       _assemble:
         Compile assemly C:\cygwin\home\nsinha\original_ trunk\third_party\libvpx\source\libvpx\vp8\encoder\x86\quantize_ssse3.asm.
         cmd.exe /C "C:\Documents and Settings\nsinha\Local Settings\Temp\e61980b14d3646f8b73687769cef5607.cmd"
         call "C:\cygwin\home\nsinha\original_ trunk\third_party\libvpx\..\..\third_party\cygwin\setup_env.bat" && set CYGWIN=nontsec&& set OUTDIR=../..\build\Debug\&& set INPUTPATH=C:\cygwin\home\nsinha\original_ trunk\third_party\libvpx\source\libvpx\vp8\encoder\x86\quantize_ssse3.asm && bash -c "\"`cygpath -m \"${OUTDIR}\"`/yasm\" \"-I\" \"source/config/win/ia32\" \"-I\" \"source/libvpx\" \"-DPREFIX\" \"-fwin32\" \"-m\" \"x86\" \"-o\" \"`cygpath -m \"${OUTDIR}\"`/obj/global_intermediate/third_party/libvpx/quantize_ssse3.obj\" \"`cygpath -m \"${INPUTPATH}\"`\""
       _assemble:
         Compile assemly C:\cygwin\home\nsinha\original_ trunk\third_party\libvpx\source\libvpx\vp8\encoder\x86\quantize_mmx.asm.
         cmd.exe /C "C:\Documents and Settings\nsinha\Local Settings\Temp\e3252d1dfa09436dae91e1bfbe252bd4.cmd"
         call "C:\cygwin\home\nsinha\original_ trunk\third_party\libvpx\..\..\third_party\cygwin\setup_env.bat" && set CYGWIN=nontsec&& set OUTDIR=../..\build\Debug\&& set INPUTPATH=C:\cygwin\home\nsinha\original_ trunk\third_party\libvpx\source\libvpx\vp8\encoder\x86\quantize_mmx.asm && bash -c "\"`cygpath -m \"${OUTDIR}\"`/yasm\" \"-I\" \"source/config/win/ia32\" \"-I\" \"source/libvpx\" \"-DPREFIX\" \"-fwin32\" \"-m\" \"x86\" \"-o\" \"`cygpath -m \"${OUTDIR}\"`/obj/global_intermediate/third_party/libvpx/quantize_mmx.obj\" \"`cygpath -m \"${INPUTPATH}\"`\""
       _assemble:
         Compile assemly C:\cygwin\home\nsinha\original_ trunk\third_party\libvpx\source\libvpx\vp8\encoder\x86\encodeopt.asm.
         cmd.exe /C "C:\Documents and Settings\nsinha\Local Settings\Temp\139c463702084289898f6d9079923004.cmd"
         call "C:\cygwin\home\nsinha\original_ trunk\third_party\libvpx\..\..\third_party\cygwin\setup_env.bat" && set CYGWIN=nontsec&& set OUTDIR=../..\build\Debug\&& set INPUTPATH=C:\cygwin\home\nsinha\original_ trunk\third_party\libvpx\source\libvpx\vp8\encoder\x86\encodeopt.asm && bash -c "\"`cygpath -m \"${OUTDIR}\"`/yasm\" \"-I\" \"source/config/win/ia32\" \"-I\" \"source/libvpx\" \"-DPREFIX\" \"-fwin32\" \"-m\" \"x86\" \"-o\" \"`cygpath -m \"${OUTDIR}\"`/obj/global_intermediate/third_party/libvpx/encodeopt.obj\" \"`cygpath -m \"${INPUTPATH}\"`\""
       _assemble:
         Compile assemly C:\cygwin\home\nsinha\original_ trunk\third_party\libvpx\source\libvpx\vp8\encoder\x86\dct_mmx.asm.
         cmd.exe /C "C:\Documents and Settings\nsinha\Local Settings\Temp\131e7ab5e10f4e4b80d80bdd46282fc6.cmd"
         call "C:\cygwin\home\nsinha\original_ trunk\third_party\libvpx\..\..\third_party\cygwin\setup_env.bat" && set CYGWIN=nontsec&& set OUTDIR=../..\build\Debug\&& set INPUTPATH=C:\cygwin\home\nsinha\original_ trunk\third_party\libvpx\source\libvpx\vp8\encoder\x86\dct_mmx.asm && bash -c "\"`cygpath -m \"${OUTDIR}\"`/yasm\" \"-I\" \"source/config/win/ia32\" \"-I\" \"source/libvpx\" \"-DPREFIX\" \"-fwin32\" \"-m\" \"x86\" \"-o\" \"`cygpath -m \"${OUTDIR}\"`/obj/global_intermediate/third_party/libvpx/dct_mmx.obj\" \"`cygpath -m \"${INPUTPATH}\"`\""
       _assemble:
         Compile assemly C:\cygwin\home\nsinha\original_ trunk\third_party\libvpx\source\libvpx\vp8\encoder\x86\fwalsh_sse2.asm.
         cmd.exe /C "C:\Documents and Settings\nsinha\Local Settings\Temp\255100aef8614affb37b0f7efe08467a.cmd"
         call "C:\cygwin\home\nsinha\original_ trunk\third_party\libvpx\..\..\third_party\cygwin\setup_env.bat" && set CYGWIN=nontsec&& set OUTDIR=../..\build\Debug\&& set INPUTPATH=C:\cygwin\home\nsinha\original_ trunk\third_party\libvpx\source\libvpx\vp8\encoder\x86\fwalsh_sse2.asm && bash -c "\"`cygpath -m \"${OUTDIR}\"`/yasm\" \"-I\" \"source/config/win/ia32\" \"-I\" \"source/libvpx\" \"-DPREFIX\" \"-fwin32\" \"-m\" \"x86\" \"-o\" \"`cygpath -m \"${OUTDIR}\"`/obj/global_intermediate/third_party/libvpx/fwalsh_sse2.obj\" \"`cygpath -m \"${INPUTPATH}\"`\""
       _assemble:
         Compile assemly C:\cygwin\home\nsinha\original_ trunk\third_party\libvpx\source\libvpx\vp8\encoder\x86\sad_mmx.asm.
         cmd.exe /C "C:\Documents and Settings\nsinha\Local Settings\Temp\4e098da09e38422c825ca05d77327d6b.cmd"
         call "C:\cygwin\home\nsinha\original_ trunk\third_party\libvpx\..\..\third_party\cygwin\setup_env.bat" && set CYGWIN=nontsec&& set OUTDIR=../..\build\Debug\&& set INPUTPATH=C:\cygwin\home\nsinha\original_ trunk\third_party\libvpx\source\libvpx\vp8\encoder\x86\sad_mmx.asm && bash -c "\"`cygpath -m \"${OUTDIR}\"`/yasm\" \"-I\" \"source/config/win/ia32\" \"-I\" \"source/libvpx\" \"-DPREFIX\" \"-fwin32\" \"-m\" \"x86\" \"-o\" \"`cygpath -m \"${OUTDIR}\"`/obj/global_intermediate/third_party/libvpx/sad_mmx.obj\" \"`cygpath -m \"${INPUTPATH}\"`\""
       _assemble:
         Compile assemly C:\cygwin\home\nsinha\original_ trunk\third_party\libvpx\source\libvpx\vp8\encoder\x86\quantize_sse2.asm.
         cmd.exe /C "C:\Documents and Settings\nsinha\Local Settings\Temp\d6d9c42d5971405294564a1a9364ab4a.cmd"
         call "C:\cygwin\home\nsinha\original_ trunk\third_party\libvpx\..\..\third_party\cygwin\setup_env.bat" && set CYGWIN=nontsec&& set OUTDIR=../..\build\Debug\&& set INPUTPATH=C:\cygwin\home\nsinha\original_ trunk\third_party\libvpx\source\libvpx\vp8\encoder\x86\quantize_sse2.asm && bash -c "\"`cygpath -m \"${OUTDIR}\"`/yasm\" \"-I\" \"source/config/win/ia32\" \"-I\" \"source/libvpx\" \"-DPREFIX\" \"-fwin32\" \"-m\" \"x86\" \"-o\" \"`cygpath -m \"${OUTDIR}\"`/obj/global_intermediate/third_party/libvpx/quantize_sse2.obj\" \"`cygpath -m \"${INPUTPATH}\"`\""
       _assemble:
         Compile assemly C:\cygwin\home\nsinha\original_ trunk\third_party\libvpx\source\libvpx\vp8\encoder\x86\variance_impl_mmx.asm.
         cmd.exe /C "C:\Documents and Settings\nsinha\Local Settings\Temp\bdf70bde1e7f4a039b66c693d4175a09.cmd"
         call "C:\cygwin\home\nsinha\original_ trunk\third_party\libvpx\..\..\third_party\cygwin\setup_env.bat" && set CYGWIN=nontsec&& set OUTDIR=../..\build\Debug\&& set INPUTPATH=C:\cygwin\home\nsinha\original_ trunk\third_party\libvpx\source\libvpx\vp8\encoder\x86\variance_impl_mmx.asm && bash -c "\"`cygpath -m \"${OUTDIR}\"`/yasm\" \"-I\" \"source/config/win/ia32\" \"-I\" \"source/libvpx\" \"-DPREFIX\" \"-fwin32\" \"-m\" \"x86\" \"-o\" \"`cygpath -m \"${OUTDIR}\"`/obj/global_intermediate/third_party/libvpx/variance_impl_mmx.obj\" \"`cygpath -m \"${INPUTPATH}\"`\""
       _assemble:
         Compile assemly C:\cygwin\home\nsinha\original_ trunk\third_party\libvpx\source\libvpx\vp8\encoder\x86\dct_sse2.asm.
         cmd.exe /C "C:\Documents and Settings\nsinha\Local Settings\Temp\01cf1b1d62f84d819ebaec0057041226.cmd"
         call "C:\cygwin\home\nsinha\original_ trunk\third_party\libvpx\..\..\third_party\cygwin\setup_env.bat" && set CYGWIN=nontsec&& set OUTDIR=../..\build\Debug\&& set INPUTPATH=C:\cygwin\home\nsinha\original_ trunk\third_party\libvpx\source\libvpx\vp8\encoder\x86\dct_sse2.asm && bash -c "\"`cygpath -m \"${OUTDIR}\"`/yasm\" \"-I\" \"source/config/win/ia32\" \"-I\" \"source/libvpx\" \"-DPREFIX\" \"-fwin32\" \"-m\" \"x86\" \"-o\" \"`cygpath -m \"${OUTDIR}\"`/obj/global_intermediate/third_party/libvpx/dct_sse2.obj\" \"`cygpath -m \"${INPUTPATH}\"`\""
       _assemble:
         Compile assemly C:\cygwin\home\nsinha\original_ trunk\third_party\libvpx\source\libvpx\vp8\encoder\x86\subtract_mmx.asm.
         cmd.exe /C "C:\Documents and Settings\nsinha\Local Settings\Temp\398f8403a57c49678c3cdafd36c70f65.cmd"
         call "C:\cygwin\home\nsinha\original_ trunk\third_party\libvpx\..\..\third_party\cygwin\setup_env.bat" && set CYGWIN=nontsec&& set OUTDIR=../..\build\Debug\&& set INPUTPATH=C:\cygwin\home\nsinha\original_ trunk\third_party\libvpx\source\libvpx\vp8\encoder\x86\subtract_mmx.asm && bash -c "\"`cygpath -m \"${OUTDIR}\"`/yasm\" \"-I\" \"source/config/win/ia32\" \"-I\" \"source/libvpx\" \"-DPREFIX\" \"-fwin32\" \"-m\" \"x86\" \"-o\" \"`cygpath -m \"${OUTDIR}\"`/obj/global_intermediate/third_party/libvpx/subtract_mmx.obj\" \"`cygpath -m \"${INPUTPATH}\"`\""
       _assemble:
         Compile assemly C:\cygwin\home\nsinha\original_ trunk\third_party\libvpx\source\libvpx\vp8\encoder\x86\subtract_sse2.asm.
         cmd.exe /C "C:\Documents and Settings\nsinha\Local Settings\Temp\ac39933152ff46f3939456289cb25fd4.cmd"
         call "C:\cygwin\home\nsinha\original_ trunk\third_party\libvpx\..\..\third_party\cygwin\setup_env.bat" && set CYGWIN=nontsec&& set OUTDIR=../..\build\Debug\&& set INPUTPATH=C:\cygwin\home\nsinha\original_ trunk\third_party\libvpx\source\libvpx\vp8\encoder\x86\subtract_sse2.asm && bash -c "\"`cygpath -m \"${OUTDIR}\"`/yasm\" \"-I\" \"source/config/win/ia32\" \"-I\" \"source/libvpx\" \"-DPREFIX\" \"-fwin32\" \"-m\" \"x86\" \"-o\" \"`cygpath -m \"${OUTDIR}\"`/obj/global_intermediate/third_party/libvpx/subtract_sse2.obj\" \"`cygpath -m \"${INPUTPATH}\"`\""
       _assemble:
         Compile assemly C:\cygwin\home\nsinha\original_ trunk\third_party\libvpx\source\libvpx\vp8\encoder\x86\sad_sse4.asm.
         cmd.exe /C "C:\Documents and Settings\nsinha\Local Settings\Temp\d32e8289ece342b387298a34538e65b6.cmd"
         call "C:\cygwin\home\nsinha\original_ trunk\third_party\libvpx\..\..\third_party\cygwin\setup_env.bat" && set CYGWIN=nontsec&& set OUTDIR=../..\build\Debug\&& set INPUTPATH=C:\cygwin\home\nsinha\original_ trunk\third_party\libvpx\source\libvpx\vp8\encoder\x86\sad_sse4.asm && bash -c "\"`cygpath -m \"${OUTDIR}\"`/yasm\" \"-I\" \"source/config/win/ia32\" \"-I\" \"source/libvpx\" \"-DPREFIX\" \"-fwin32\" \"-m\" \"x86\" \"-o\" \"`cygpath -m \"${OUTDIR}\"`/obj/global_intermediate/third_party/libvpx/sad_sse4.obj\" \"`cygpath -m \"${INPUTPATH}\"`\""
       _assemble:
         Compile assemly C:\cygwin\home\nsinha\original_ trunk\third_party\libvpx\source\libvpx\vp8\common\x86\loopfilter_sse2.asm.
         cmd.exe /C "C:\Documents and Settings\nsinha\Local Settings\Temp\6bda527139454cb4bc5ab3da134391f5.cmd"
         call "C:\cygwin\home\nsinha\original_ trunk\third_party\libvpx\..\..\third_party\cygwin\setup_env.bat" && set CYGWIN=nontsec&& set OUTDIR=../..\build\Debug\&& set INPUTPATH=C:\cygwin\home\nsinha\original_ trunk\third_party\libvpx\source\libvpx\vp8\common\x86\loopfilter_sse2.asm && bash -c "\"`cygpath -m \"${OUTDIR}\"`/yasm\" \"-I\" \"source/config/win/ia32\" \"-I\" \"source/libvpx\" \"-DPREFIX\" \"-fwin32\" \"-m\" \"x86\" \"-o\" \"`cygpath -m \"${OUTDIR}\"`/obj/global_intermediate/third_party/libvpx/loopfilter_sse2.obj\" \"`cygpath -m \"${INPUTPATH}\"`\""
       _assemble:
         Compile assemly C:\cygwin\home\nsinha\original_ trunk\third_party\libvpx\source\libvpx\vp8\common\x86\postproc_mmx.asm.
         cmd.exe /C "C:\Documents and Settings\nsinha\Local Settings\Temp\2723382bb8ee46e0b85919e5172c5248.cmd"
         call "C:\cygwin\home\nsinha\original_ trunk\third_party\libvpx\..\..\third_party\cygwin\setup_env.bat" && set CYGWIN=nontsec&& set OUTDIR=../..\build\Debug\&& set INPUTPATH=C:\cygwin\home\nsinha\original_ trunk\third_party\libvpx\source\libvpx\vp8\common\x86\postproc_mmx.asm && bash -c "\"`cygpath -m \"${OUTDIR}\"`/yasm\" \"-I\" \"source/config/win/ia32\" \"-I\" \"source/libvpx\" \"-DPREFIX\" \"-fwin32\" \"-m\" \"x86\" \"-o\" \"`cygpath -m \"${OUTDIR}\"`/obj/global_intermediate/third_party/libvpx/postproc_mmx.obj\" \"`cygpath -m \"${INPUTPATH}\"`\""
       _assemble:
         Compile assemly C:\cygwin\home\nsinha\original_ trunk\third_party\libvpx\source\libvpx\vp8\common\x86\subpixel_ssse3.asm.
         cmd.exe /C "C:\Documents and Settings\nsinha\Local Settings\Temp\f67f1db1ea084b379a836e8e7c870fcb.cmd"
         call "C:\cygwin\home\nsinha\original_ trunk\third_party\libvpx\..\..\third_party\cygwin\setup_env.bat" && set CYGWIN=nontsec&& set OUTDIR=../..\build\Debug\&& set INPUTPATH=C:\cygwin\home\nsinha\original_ trunk\third_party\libvpx\source\libvpx\vp8\common\x86\subpixel_ssse3.asm && bash -c "\"`cygpath -m \"${OUTDIR}\"`/yasm\" \"-I\" \"source/config/win/ia32\" \"-I\" \"source/libvpx\" \"-DPREFIX\" \"-fwin32\" \"-m\" \"x86\" \"-o\" \"`cygpath -m \"${OUTDIR}\"`/obj/global_intermediate/third_party/libvpx/subpixel_ssse3.obj\" \"`cygpath -m \"${INPUTPATH}\"`\""
       _assemble:
         Compile assemly C:\cygwin\home\nsinha\original_ trunk\third_party\libvpx\source\libvpx\vp8\common\x86\subpixel_mmx.asm.
         cmd.exe /C "C:\Documents and Settings\nsinha\Local Settings\Temp\fd8227e440df42e29bc8b52cf3f5b87b.cmd"
         call "C:\cygwin\home\nsinha\original_ trunk\third_party\libvpx\..\..\third_party\cygwin\setup_env.bat" && set CYGWIN=nontsec&& set OUTDIR=../..\build\Debug\&& set INPUTPATH=C:\cygwin\home\nsinha\original_ trunk\third_party\libvpx\source\libvpx\vp8\common\x86\subpixel_mmx.asm && bash -c "\"`cygpath -m \"${OUTDIR}\"`/yasm\" \"-I\" \"source/config/win/ia32\" \"-I\" \"source/libvpx\" \"-DPREFIX\" \"-fwin32\" \"-m\" \"x86\" \"-o\" \"`cygpath -m \"${OUTDIR}\"`/obj/global_intermediate/third_party/libvpx/subpixel_mmx.obj\" \"`cygpath -m \"${INPUTPATH}\"`\""
       _assemble:
         Compile assemly C:\cygwin\home\nsinha\original_ trunk\third_party\libvpx\source\libvpx\vp8\common\x86\loopfilter_mmx.asm.
         cmd.exe /C "C:\Documents and Settings\nsinha\Local Settings\Temp\679416197d2449139c74897d71df17ee.cmd"
         call "C:\cygwin\home\nsinha\original_ trunk\third_party\libvpx\..\..\third_party\cygwin\setup_env.bat" && set CYGWIN=nontsec&& set OUTDIR=../..\build\Debug\&& set INPUTPATH=C:\cygwin\home\nsinha\original_ trunk\third_party\libvpx\source\libvpx\vp8\common\x86\loopfilter_mmx.asm && bash -c "\"`cygpath -m \"${OUTDIR}\"`/yasm\" \"-I\" \"source/config/win/ia32\" \"-I\" \"source/libvpx\" \"-DPREFIX\" \"-fwin32\" \"-m\" \"x86\" \"-o\" \"`cygpath -m \"${OUTDIR}\"`/obj/global_intermediate/third_party/libvpx/loopfilter_mmx.obj\" \"`cygpath -m \"${INPUTPATH}\"`\""
       _assemble:
         Compile assemly C:\cygwin\home\nsinha\original_ trunk\third_party\libvpx\source\libvpx\vp8\common\x86\recon_sse2.asm.
         cmd.exe /C "C:\Documents and Settings\nsinha\Local Settings\Temp\21372955ebae438e9a81ed2d940704a1.cmd"
         call "C:\cygwin\home\nsinha\original_ trunk\third_party\libvpx\..\..\third_party\cygwin\setup_env.bat" && set CYGWIN=nontsec&& set OUTDIR=../..\build\Debug\&& set INPUTPATH=C:\cygwin\home\nsinha\original_ trunk\third_party\libvpx\source\libvpx\vp8\common\x86\recon_sse2.asm && bash -c "\"`cygpath -m \"${OUTDIR}\"`/yasm\" \"-I\" \"source/config/win/ia32\" \"-I\" \"source/libvpx\" \"-DPREFIX\" \"-fwin32\" \"-m\" \"x86\" \"-o\" \"`cygpath -m \"${OUTDIR}\"`/obj/global_intermediate/third_party/libvpx/recon_sse2.obj\" \"`cygpath -m \"${INPUTPATH}\"`\""
       _assemble:
         Compile assemly C:\cygwin\home\nsinha\original_ trunk\third_party\libvpx\source\libvpx\vp8\common\x86\iwalsh_sse2.asm.
         cmd.exe /C "C:\Documents and Settings\nsinha\Local Settings\Temp\ace977bb80ba4f5e90e813b58dc86a0b.cmd"
         call "C:\cygwin\home\nsinha\original_ trunk\third_party\libvpx\..\..\third_party\cygwin\setup_env.bat" && set CYGWIN=nontsec&& set OUTDIR=../..\build\Debug\&& set INPUTPATH=C:\cygwin\home\nsinha\original_ trunk\third_party\libvpx\source\libvpx\vp8\common\x86\iwalsh_sse2.asm && bash -c "\"`cygpath -m \"${OUTDIR}\"`/yasm\" \"-I\" \"source/config/win/ia32\" \"-I\" \"source/libvpx\" \"-DPREFIX\" \"-fwin32\" \"-m\" \"x86\" \"-o\" \"`cygpath -m \"${OUTDIR}\"`/obj/global_intermediate/third_party/libvpx/iwalsh_sse2.obj\" \"`cygpath -m \"${INPUTPATH}\"`\""
       _assemble:
         Compile assemly C:\cygwin\home\nsinha\original_ trunk\third_party\libvpx\source\libvpx\vp8\common\x86\iwalsh_mmx.asm.
         cmd.exe /C "C:\Documents and Settings\nsinha\Local Settings\Temp\2196a7bab42846e48ad80ba69826ff96.cmd"
         call "C:\cygwin\home\nsinha\original_ trunk\third_party\libvpx\..\..\third_party\cygwin\setup_env.bat" && set CYGWIN=nontsec&& set OUTDIR=../..\build\Debug\&& set INPUTPATH=C:\cygwin\home\nsinha\original_ trunk\third_party\libvpx\source\libvpx\vp8\common\x86\iwalsh_mmx.asm && bash -c "\"`cygpath -m \"${OUTDIR}\"`/yasm\" \"-I\" \"source/config/win/ia32\" \"-I\" \"source/libvpx\" \"-DPREFIX\" \"-fwin32\" \"-m\" \"x86\" \"-o\" \"`cygpath -m \"${OUTDIR}\"`/obj/global_intermediate/third_party/libvpx/iwalsh_mmx.obj\" \"`cygpath -m \"${INPUTPATH}\"`\""
       _assemble:
         Compile assemly C:\cygwin\home\nsinha\original_ trunk\third_party\libvpx\source\libvpx\vp8\common\x86\idctllm_sse2.asm.
         cmd.exe /C "C:\Documents and Settings\nsinha\Local Settings\Temp\2a7de53dad824910b466ef1747c180d8.cmd"
         call "C:\cygwin\home\nsinha\original_ trunk\third_party\libvpx\..\..\third_party\cygwin\setup_env.bat" && set CYGWIN=nontsec&& set OUTDIR=../..\build\Debug\&& set INPUTPATH=C:\cygwin\home\nsinha\original_ trunk\third_party\libvpx\source\libvpx\vp8\common\x86\idctllm_sse2.asm && bash -c "\"`cygpath -m \"${OUTDIR}\"`/yasm\" \"-I\" \"source/config/win/ia32\" \"-I\" \"source/libvpx\" \"-DPREFIX\" \"-fwin32\" \"-m\" \"x86\" \"-o\" \"`cygpath -m \"${OUTDIR}\"`/obj/global_intermediate/third_party/libvpx/idctllm_sse2.obj\" \"`cygpath -m \"${INPUTPATH}\"`\""
       _assemble:
         Compile assemly C:\cygwin\home\nsinha\original_ trunk\third_party\libvpx\source\libvpx\vp8\common\x86\recon_mmx.asm.
         cmd.exe /C "C:\Documents and Settings\nsinha\Local Settings\Temp\1548ac4e05854c9fad94d2563f01317e.cmd"
         call "C:\cygwin\home\nsinha\original_ trunk\third_party\libvpx\..\..\third_party\cygwin\setup_env.bat" && set CYGWIN=nontsec&& set OUTDIR=../..\build\Debug\&& set INPUTPATH=C:\cygwin\home\nsinha\original_ trunk\third_party\libvpx\source\libvpx\vp8\common\x86\recon_mmx.asm && bash -c "\"`cygpath -m \"${OUTDIR}\"`/yasm\" \"-I\" \"source/config/win/ia32\" \"-I\" \"source/libvpx\" \"-DPREFIX\" \"-fwin32\" \"-m\" \"x86\" \"-o\" \"`cygpath -m \"${OUTDIR}\"`/obj/global_intermediate/third_party/libvpx/recon_mmx.obj\" \"`cygpath -m \"${INPUTPATH}\"`\""
       _assemble:
         Compile assemly C:\cygwin\home\nsinha\original_ trunk\third_party\libvpx\source\libvpx\vp8\common\x86\idctllm_mmx.asm.
         cmd.exe /C "C:\Documents and Settings\nsinha\Local Settings\Temp\958b0c1043bc4898b4fd5809417659c3.cmd"
         call "C:\cygwin\home\nsinha\original_ trunk\third_party\libvpx\..\..\third_party\cygwin\setup_env.bat" && set CYGWIN=nontsec&& set OUTDIR=../..\build\Debug\&& set INPUTPATH=C:\cygwin\home\nsinha\original_ trunk\third_party\libvpx\source\libvpx\vp8\common\x86\idctllm_mmx.asm && bash -c "\"`cygpath -m \"${OUTDIR}\"`/yasm\" \"-I\" \"source/config/win/ia32\" \"-I\" \"source/libvpx\" \"-DPREFIX\" \"-fwin32\" \"-m\" \"x86\" \"-o\" \"`cygpath -m \"${OUTDIR}\"`/obj/global_intermediate/third_party/libvpx/idctllm_mmx.obj\" \"`cygpath -m \"${INPUTPATH}\"`\""
       _assemble:
         Compile assemly C:\cygwin\home\nsinha\original_ trunk\third_party\libvpx\source\libvpx\vp8\common\x86\postproc_sse2.asm.
         cmd.exe /C "C:\Documents and Settings\nsinha\Local Settings\Temp\87383d7a6aca45228def40b849b8c606.cmd"
         call "C:\cygwin\home\nsinha\original_ trunk\third_party\libvpx\..\..\third_party\cygwin\setup_env.bat" && set CYGWIN=nontsec&& set OUTDIR=../..\build\Debug\&& set INPUTPATH=C:\cygwin\home\nsinha\original_ trunk\third_party\libvpx\source\libvpx\vp8\common\x86\postproc_sse2.asm && bash -c "\"`cygpath -m \"${OUTDIR}\"`/yasm\" \"-I\" \"source/config/win/ia32\" \"-I\" \"source/libvpx\" \"-DPREFIX\" \"-fwin32\" \"-m\" \"x86\" \"-o\" \"`cygpath -m \"${OUTDIR}\"`/obj/global_intermediate/third_party/libvpx/postproc_sse2.obj\" \"`cygpath -m \"${INPUTPATH}\"`\""
       _assemble:
         Compile assemly C:\cygwin\home\nsinha\original_ trunk\third_party\libvpx\source\libvpx\vp8\common\x86\subpixel_sse2.asm.
         cmd.exe /C "C:\Documents and Settings\nsinha\Local Settings\Temp\2f10c0165be74929a6e2b3a684f4a77b.cmd"
         call "C:\cygwin\home\nsinha\original_ trunk\third_party\libvpx\..\..\third_party\cygwin\setup_env.bat" && set CYGWIN=nontsec&& set OUTDIR=../..\build\Debug\&& set INPUTPATH=C:\cygwin\home\nsinha\original_ trunk\third_party\libvpx\source\libvpx\vp8\common\x86\subpixel_sse2.asm && bash -c "\"`cygpath -m \"${OUTDIR}\"`/yasm\" \"-I\" \"source/config/win/ia32\" \"-I\" \"source/libvpx\" \"-DPREFIX\" \"-fwin32\" \"-m\" \"x86\" \"-o\" \"`cygpath -m \"${OUTDIR}\"`/obj/global_intermediate/third_party/libvpx/subpixel_sse2.obj\" \"`cygpath -m \"${INPUTPATH}\"`\""
       _assemble:
         Compile assemly C:\cygwin\home\nsinha\original_ trunk\third_party\libvpx\source\libvpx\vp8\decoder\x86\dequantize_mmx.asm.
         cmd.exe /C "C:\Documents and Settings\nsinha\Local Settings\Temp\4e7797015ade4689a9b4c056c6a7b7d4.cmd"
         call "C:\cygwin\home\nsinha\original_ trunk\third_party\libvpx\..\..\third_party\cygwin\setup_env.bat" && set CYGWIN=nontsec&& set OUTDIR=../..\build\Debug\&& set INPUTPATH=C:\cygwin\home\nsinha\original_ trunk\third_party\libvpx\source\libvpx\vp8\decoder\x86\dequantize_mmx.asm && bash -c "\"`cygpath -m \"${OUTDIR}\"`/yasm\" \"-I\" \"source/config/win/ia32\" \"-I\" \"source/libvpx\" \"-DPREFIX\" \"-fwin32\" \"-m\" \"x86\" \"-o\" \"`cygpath -m \"${OUTDIR}\"`/obj/global_intermediate/third_party/libvpx/dequantize_mmx.obj\" \"`cygpath -m \"${INPUTPATH}\"`\""
       ClCompile:
         C:\Program Files\Microsoft Visual Studio 10.0\VC\bin\CL.exe /c /I..\..\third_party\wtl\include /Isource\config\win\ia32 /Isource\libvpx /Isource\libvpx\vp8\common /Isource\libvpx\vp8\decoder /Isource\libvpx\vp8\encoder /I..\..\third_party\platformsdk_win7\files\Include /I..\..\third_party\directxsdk\files\Include /I"C:\Program Files\Microsoft Visual Studio 10.0\\VC\atlmfc\include" /Zi /nologo /W3 /WX- /Od /Oy- /D _DEBUG /D _WIN32_WINNT=0x0601 /D WINVER=0x0601 /D WIN32 /D _WINDOWS /D NOMINMAX /D PSAPI_VERSION=1 /D _CRT_RAND_S /D CERT_CHAIN_PARA_HAS_EXTRA_FIELDS /D WIN32_LEAN_AND_MEAN /D _ATL_NO_OPENGL /D _HAS_EXCEPTIONS=0 /D _SECURE_ATL /D CHROMIUM_BUILD /D TOOLKIT_VIEWS=1 /D ENABLE_REMOTING=1 /D ENABLE_P2P_APIS=1 /D ENABLE_CONFIGURATION_POLICY /D ENABLE_INPUT_SPEECH /D ENABLE_GPU=1 /D ENABLE_EGLIMAGE=1 /D USE_SKIA=1 /D __STD_C /D _CRT_SECURE_NO_DEPRECATE /D _SCL_SECURE_NO_DEPRECATE /D ENABLE_REGISTER_PROTOCOL_HANDLER=1 /D _CRT_NONSTDC_NO_WARNINGS /D _CRT_NONSTDC_NO_DEPRECATE /D DYNAMIC_ANNOTATIONS_ENABLED=1 /D WTF_USE_DYNAMIC_ANNOTATIONS=1 /D _UNICODE /D UNICODE /Gm- /RTC1 /MTd /GS /Gy /fp:precise /Zc:wchar_t /Zc:forScope /GR- /Fo"C:\cygwin\home\nsinha\original_ trunk\Debug\obj\libvpx\\" /Fd"C:\cygwin\home\nsinha\original_ trunk\Debug\obj\libvpx\vc100.pdb" /Gd /TC /wd4351 /wd4396 /wd4503 /wd4819 /wd4100 /wd4121 /wd4125 /wd4127 /wd4130 /wd4131 /wd4189 /wd4201 /wd4238 /wd4244 /wd4245 /wd4310 /wd4355 /wd4428 /wd4481 /wd4505 /wd4510 /wd4512 /wd4530 /wd4610 /wd4611 /wd4701 /wd4702 /wd4706 /wd4800 /analyze- /errorReport:prompt source\libvpx\vpx_ports\x86_cpuid.c source\libvpx\vpx_mem\vpx_mem.c source\libvpx\vpx_scale\generic\scalesystemdependent.c source\libvpx\vpx_scale\generic\gen_scalers.c source\libvpx\vpx_scale\generic\yv12extend.c source\libvpx\vpx_scale\generic\vpxscale.c source\libvpx\vpx_scale\generic\yv12config.c source\libvpx\vp8\vp8_dx_iface.c source\libvpx\vp8\vp8_cx_iface.c source\libvpx\vp8\encoder\quantize.c source\libvpx\vp8\encoder\mcomp.c source\libvpx\vp8\encoder\ratectrl.c source\libvpx\vp8\encoder\ethreading.c source\libvpx\vp8\encoder\variance_c.c source\libvpx\vp8\encoder\segmentation.c source\libvpx\vp8\encoder\encodemv.c source\libvpx\vp8\encoder\sad_c.c source\libvpx\vp8\encoder\treewriter.c source\libvpx\vp8\encoder\tokenize.c source\libvpx\vp8\encoder\encodeframe.c source\libvpx\vp8\encoder\encodemb.c source\libvpx\vp8\encoder\encodeintra.c source\libvpx\vp8\encoder\boolhuff.c source\libvpx\vp8\encoder\picklpf.c source\libvpx\vp8\encoder\dct.c source\libvpx\vp8\encoder\bitstream.c source\libvpx\vp8\encoder\lookahead.c source\libvpx\vp8\encoder\rdopt.c source\libvpx\vp8\encoder\pickinter.c source\libvpx\vp8\encoder\modecosts.c source\libvpx\vp8\encoder\psnr.c source\libvpx\vp8\encoder\onyx_if.c source\libvpx\vp8\encoder\generic\csystemdependent.c source\libvpx\vp8\encoder\x86\variance_ssse3.c source\libvpx\vp8\encoder\x86\variance_mmx.c source\libvpx\vp8\encoder\x86\x86_csystemdependent.c source\libvpx\vp8\encoder\x86\variance_sse2.c source\libvpx\vp8\common\setupintrarecon.c source\libvpx\vp8\common\treecoder.c source\libvpx\vp8\common\idctllm.c source\libvpx\vp8\common\blockd.c source\libvpx\vp8\common\extend.c source\libvpx\vp8\common\postproc.c source\libvpx\vp8\common\reconintra.c source\libvpx\vp8\common\modecontext.c source\libvpx\vp8\common\alloccommon.c source\libvpx\vp8\common\entropymode.c source\libvpx\vp8\common\invtrans.c source\libvpx\vp8\common\reconinter.c source\libvpx\vp8\common\findnearmv.c source\libvpx\vp8\common\entropy.c source\libvpx\vp8\common\swapyv12buffer.c source\libvpx\vp8\common\mbpitch.c source\libvpx\vp8\common\quant_common.c source\libvpx\vp8\common\modecont.c source\libvpx\vp8\common\reconintra4x4.c source\libvpx\vp8\common\loopfilter.c source\libvpx\vp8\common\debugmodes.c source\libvpx\vp8\common\filter.c source\libvpx\vp8\common\entropymv.c source\libvpx\vp8\common\loopfilter_filters.c source\libvpx\vp8\common\generic\systemdependent.c source\libvpx\vp8\common\x86\loopfilter_x86.c source\libvpx\vp8\common\x86\x86_systemdependent.c source\libvpx\vp8\common\x86\vp8_asm_stubs.c source\libvpx\vp8\common\x86\recon_wrapper_sse2.c source\libvpx\vp8\decoder\idct_blk.c source\libvpx\vp8\decoder\threading.c source\libvpx\vp8\decoder\error_concealment.c source\libvpx\vp8\decoder\decodemv.c source\libvpx\vp8\decoder\reconintra_mt.c source\libvpx\vp8\decoder\dboolhuff.c source\libvpx\vp8\decoder\dequantize.c source\libvpx\vp8\decoder\decodframe.c source\libvpx\vp8\decoder\detokenize.c source\libvpx\vp8\decoder\onyxd_if.c source\libvpx\vp8\decoder\generic\dsystemdependent.c source\libvpx\vp8\decoder\x86\idct_blk_mmx.c source\libvpx\vp8\decoder\x86\x86_dsystemdependent.c source\libvpx\vp8\decoder\x86\idct_blk_sse2.c source\libvpx\vpx\src\vpx_decoder_compat.c source\libvpx\vpx\src\vpx_codec.c source\libvpx\vpx\src\vpx_image.c source\libvpx\vpx\src\vpx_encoder.c source\libvpx\vpx\src\vpx_decoder.c /MP 
         x86_cpuid.c
         vpx_mem.c
         scalesystemdependent.c
         gen_scalers.c
         yv12extend.c
         vpxscale.c
         yv12config.c
         vp8_dx_iface.c
         vp8_cx_iface.c
     1>source\libvpx\vp8\vp8_cx_iface.c(228): warning C4018: '<' : signed/unsigned mismatch
         quantize.c
         mcomp.c
     1>source\libvpx\vp8\encoder\mcomp.c(1214): warning C4018: '<' : signed/unsigned mismatch
     1>source\libvpx\vp8\encoder\mcomp.c(1221): warning C4018: '<' : signed/unsigned mismatch
     1>source\libvpx\vp8\encoder\mcomp.c(1244): warning C4018: '<' : signed/unsigned mismatch
     1>source\libvpx\vp8\encoder\mcomp.c(1251): warning C4018: '<' : signed/unsigned mismatch
     1>source\libvpx\vp8\encoder\mcomp.c(1450): warning C4018: '<' : signed/unsigned mismatch
     1>source\libvpx\vp8\encoder\mcomp.c(1456): warning C4018: '<' : signed/unsigned mismatch
     1>source\libvpx\vp8\encoder\mcomp.c(1474): warning C4018: '<' : signed/unsigned mismatch
     1>source\libvpx\vp8\encoder\mcomp.c(1480): warning C4018: '<' : signed/unsigned mismatch
     1>source\libvpx\vp8\encoder\mcomp.c(1581): warning C4018: '<' : signed/unsigned mismatch
     1>source\libvpx\vp8\encoder\mcomp.c(1587): warning C4018: '<' : signed/unsigned mismatch
     1>source\libvpx\vp8\encoder\mcomp.c(1611): warning C4018: '<' : signed/unsigned mismatch
     1>source\libvpx\vp8\encoder\mcomp.c(1617): warning C4018: '<' : signed/unsigned mismatch
     1>source\libvpx\vp8\encoder\mcomp.c(1635): warning C4018: '<' : signed/unsigned mismatch
     1>source\libvpx\vp8\encoder\mcomp.c(1641): warning C4018: '<' : signed/unsigned mismatch
         ratectrl.c
         ethreading.c
     1>source\libvpx\vp8\encoder\ratectrl.c(411): warning C4018: '>' : signed/unsigned mismatch
         variance_c.c
         segmentation.c
         encodemv.c
         sad_c.c
         treewriter.c
         tokenize.c
         encodeframe.c
         encodemb.c
         encodeintra.c
         boolhuff.c
         picklpf.c
         dct.c
         bitstream.c
         lookahead.c
     1>source\libvpx\vp8\encoder\lookahead.c(53): warning C4018: '<' : signed/unsigned mismatch
     1>source\libvpx\vp8\encoder\lookahead.c(88): warning C4018: '<' : signed/unsigned mismatch
     1>source\libvpx\vp8\encoder\lookahead.c(195): warning C4018: '<' : signed/unsigned mismatch
     1>source\libvpx\vp8\encoder\lookahead.c(196): warning C4018: '<' : signed/unsigned mismatch
     1>source\libvpx\vp8\encoder\lookahead.c(199): warning C4018: '>=' : signed/unsigned mismatch
     1>source\libvpx\vp8\encoder\bitstream.c(1187): warning C4018: '<' : signed/unsigned mismatch
         rdopt.c
         pickinter.c
     1>source\libvpx\vp8\encoder\rdopt.c(2196): warning C4018: '<' : signed/unsigned mismatch
     1>source\libvpx\vp8\encoder\pickinter.c(801): warning C4018: '<' : signed/unsigned mismatch
         modecosts.c
         psnr.c
         onyx_if.c
         csystemdependent.c
     1>source\libvpx\vp8\encoder\onyx_if.c(1102): warning C4018: '<' : signed/unsigned mismatch
     1>source\libvpx\vp8\encoder\onyx_if.c(1568): warning C4018: '<' : signed/unsigned mismatch
     1>source\libvpx\vp8\encoder\onyx_if.c(3694): warning C4018: '<' : signed/unsigned mismatch
     1>source\libvpx\vp8\encoder\onyx_if.c(4458): warning C4018: '<' : signed/unsigned mismatch
     1>source\libvpx\vp8\encoder\onyx_if.c(4570): warning C4018: '<' : signed/unsigned mismatch
         variance_ssse3.c
         variance_mmx.c
         x86_csystemdependent.c
         variance_sse2.c
         setupintrarecon.c
         treecoder.c
         idctllm.c
         blockd.c
         extend.c
         postproc.c
         reconintra.c
         modecontext.c
         alloccommon.c
         entropymode.c
         invtrans.c
         reconinter.c
         findnearmv.c
         entropy.c
         swapyv12buffer.c
         mbpitch.c
         quant_common.c
         modecont.c
         reconintra4x4.c
         loopfilter.c
         debugmodes.c
         filter.c
         entropymv.c
         loopfilter_filters.c
         systemdependent.c
         loopfilter_x86.c
         x86_systemdependent.c
         vp8_asm_stubs.c
         recon_wrapper_sse2.c
         idct_blk.c
         threading.c
         error_concealment.c
     1>source\libvpx\vp8\decoder\threading.c(164): warning C4018: '>=' : signed/unsigned mismatch
         decodemv.c
         reconintra_mt.c
     1>source\libvpx\vp8\decoder\decodemv.c(648): warning C4018: '<' : signed/unsigned mismatch
         dboolhuff.c
         dequantize.c
         decodframe.c
         detokenize.c
     1>source\libvpx\vp8\decoder\decodframe.c(498): warning C4018: '<' : signed/unsigned mismatch
     1>source\libvpx\vp8\decoder\decodframe.c(548): warning C4018: '<' : signed/unsigned mismatch
         onyxd_if.c
         dsystemdependent.c
     1>source\libvpx\vp8\decoder\onyxd_if.c(326): warning C4090: 'function' : different 'const' qualifiers
         idct_blk_mmx.c
         x86_dsystemdependent.c
         idct_blk_sse2.c
         vpx_decoder_compat.c
         vpx_codec.c
         vpx_image.c
         vpx_encoder.c
         vpx_decoder.c
     1>C:\Program Files\MSBuild\Microsoft.Cpp\v4.0\Microsoft.CppBuild.targets(1151,5): warning MSB8012: TargetPath(C:\cygwin\home\nsinha\original_ trunk\third_party\libvpx\../..\build\Debug\libvpx.lib) does not match the Library's OutputFile property value (C:\cygwin\home\nsinha\original_ trunk\build\Debug\lib\libvpx.lib). This may cause your project to build incorrectly. To correct this, please make sure that $(OutDir), $(TargetName) and $(TargetExt) property values match the value specified in %(Lib.OutputFile).
       Lib:
         C:\Program Files\Microsoft Visual Studio 10.0\VC\bin\Lib.exe /OUT:"../..\build\Debug\lib\libvpx.lib" /LIBPATH:../../third_party/platformsdk_win7/files/Lib /LIBPATH:../../third_party/directxsdk/files/Lib/x86 /NOLOGO ../..\build\Debug\obj\global_intermediate\third_party\libvpx\emms.obj
         ../..\build\Debug\obj\global_intermediate\third_party\libvpx\x86_abi_support.obj
         ../..\build\Debug\obj\global_intermediate\third_party\libvpx\sad_sse3.obj
         ../..\build\Debug\obj\global_intermediate\third_party\libvpx\sad_ssse3.obj
         ../..\build\Debug\obj\global_intermediate\third_party\libvpx\variance_impl_sse2.obj
         ../..\build\Debug\obj\global_intermediate\third_party\libvpx\sad_sse2.obj
         ../..\build\Debug\obj\global_intermediate\third_party\libvpx\quantize_sse4.obj
         ../..\build\Debug\obj\global_intermediate\third_party\libvpx\variance_impl_ssse3.obj
         ../..\build\Debug\obj\global_intermediate\third_party\libvpx\quantize_ssse3.obj
         ../..\build\Debug\obj\global_intermediate\third_party\libvpx\quantize_mmx.obj
         ../..\build\Debug\obj\global_intermediate\third_party\libvpx\encodeopt.obj
         ../..\build\Debug\obj\global_intermediate\third_party\libvpx\dct_mmx.obj
         ../..\build\Debug\obj\global_intermediate\third_party\libvpx\fwalsh_sse2.obj
         ../..\build\Debug\obj\global_intermediate\third_party\libvpx\sad_mmx.obj
         ../..\build\Debug\obj\global_intermediate\third_party\libvpx\quantize_sse2.obj
         ../..\build\Debug\obj\global_intermediate\third_party\libvpx\variance_impl_mmx.obj
         ../..\build\Debug\obj\global_intermediate\third_party\libvpx\dct_sse2.obj
         ../..\build\Debug\obj\global_intermediate\third_party\libvpx\subtract_mmx.obj
         ../..\build\Debug\obj\global_intermediate\third_party\libvpx\subtract_sse2.obj
         ../..\build\Debug\obj\global_intermediate\third_party\libvpx\sad_sse4.obj
         ../..\build\Debug\obj\global_intermediate\third_party\libvpx\loopfilter_sse2.obj
         ../..\build\Debug\obj\global_intermediate\third_party\libvpx\postproc_mmx.obj
         ../..\build\Debug\obj\global_intermediate\third_party\libvpx\subpixel_ssse3.obj
         ../..\build\Debug\obj\global_intermediate\third_party\libvpx\subpixel_mmx.obj
         ../..\build\Debug\obj\global_intermediate\third_party\libvpx\loopfilter_mmx.obj
         ../..\build\Debug\obj\global_intermediate\third_party\libvpx\recon_sse2.obj
         ../..\build\Debug\obj\global_intermediate\third_party\libvpx\iwalsh_sse2.obj
         ../..\build\Debug\obj\global_intermediate\third_party\libvpx\iwalsh_mmx.obj
         ../..\build\Debug\obj\global_intermediate\third_party\libvpx\idctllm_sse2.obj
         ../..\build\Debug\obj\global_intermediate\third_party\libvpx\recon_mmx.obj
         ../..\build\Debug\obj\global_intermediate\third_party\libvpx\idctllm_mmx.obj
         ../..\build\Debug\obj\global_intermediate\third_party\libvpx\postproc_sse2.obj
         ../..\build\Debug\obj\global_intermediate\third_party\libvpx\subpixel_sse2.obj
         ../..\build\Debug\obj\global_intermediate\third_party\libvpx\dequantize_mmx.obj
         "C:\cygwin\home\nsinha\original_ trunk\Debug\obj\libvpx\x86_cpuid.obj"
         "C:\cygwin\home\nsinha\original_ trunk\Debug\obj\libvpx\vpx_mem.obj"
         "C:\cygwin\home\nsinha\original_ trunk\Debug\obj\libvpx\scalesystemdependent.obj"
         "C:\cygwin\home\nsinha\original_ trunk\Debug\obj\libvpx\gen_scalers.obj"
         "C:\cygwin\home\nsinha\original_ trunk\Debug\obj\libvpx\yv12extend.obj"
         "C:\cygwin\home\nsinha\original_ trunk\Debug\obj\libvpx\vpxscale.obj"
         "C:\cygwin\home\nsinha\original_ trunk\Debug\obj\libvpx\yv12config.obj"
         "C:\cygwin\home\nsinha\original_ trunk\Debug\obj\libvpx\vp8_dx_iface.obj"
         "C:\cygwin\home\nsinha\original_ trunk\Debug\obj\libvpx\vp8_cx_iface.obj"
         "C:\cygwin\home\nsinha\original_ trunk\Debug\obj\libvpx\quantize.obj"
         "C:\cygwin\home\nsinha\original_ trunk\Debug\obj\libvpx\mcomp.obj"
         "C:\cygwin\home\nsinha\original_ trunk\Debug\obj\libvpx\ratectrl.obj"
         "C:\cygwin\home\nsinha\original_ trunk\Debug\obj\libvpx\ethreading.obj"
         "C:\cygwin\home\nsinha\original_ trunk\Debug\obj\libvpx\variance_c.obj"
         "C:\cygwin\home\nsinha\original_ trunk\Debug\obj\libvpx\segmentation.obj"
         "C:\cygwin\home\nsinha\original_ trunk\Debug\obj\libvpx\encodemv.obj"
         "C:\cygwin\home\nsinha\original_ trunk\Debug\obj\libvpx\sad_c.obj"
         "C:\cygwin\home\nsinha\original_ trunk\Debug\obj\libvpx\treewriter.obj"
         "C:\cygwin\home\nsinha\original_ trunk\Debug\obj\libvpx\tokenize.obj"
         "C:\cygwin\home\nsinha\original_ trunk\Debug\obj\libvpx\encodeframe.obj"
         "C:\cygwin\home\nsinha\original_ trunk\Debug\obj\libvpx\encodemb.obj"
         "C:\cygwin\home\nsinha\original_ trunk\Debug\obj\libvpx\encodeintra.obj"
         "C:\cygwin\home\nsinha\original_ trunk\Debug\obj\libvpx\boolhuff.obj"
         "C:\cygwin\home\nsinha\original_ trunk\Debug\obj\libvpx\picklpf.obj"
         "C:\cygwin\home\nsinha\original_ trunk\Debug\obj\libvpx\dct.obj"
         "C:\cygwin\home\nsinha\original_ trunk\Debug\obj\libvpx\bitstream.obj"
         "C:\cygwin\home\nsinha\original_ trunk\Debug\obj\libvpx\lookahead.obj"
         "C:\cygwin\home\nsinha\original_ trunk\Debug\obj\libvpx\rdopt.obj"
         "C:\cygwin\home\nsinha\original_ trunk\Debug\obj\libvpx\pickinter.obj"
         "C:\cygwin\home\nsinha\original_ trunk\Debug\obj\libvpx\modecosts.obj"
         "C:\cygwin\home\nsinha\original_ trunk\Debug\obj\libvpx\psnr.obj"
         "C:\cygwin\home\nsinha\original_ trunk\Debug\obj\libvpx\onyx_if.obj"
         "C:\cygwin\home\nsinha\original_ trunk\Debug\obj\libvpx\csystemdependent.obj"
         "C:\cygwin\home\nsinha\original_ trunk\Debug\obj\libvpx\variance_ssse3.obj"
         "C:\cygwin\home\nsinha\original_ trunk\Debug\obj\libvpx\variance_mmx.obj"
         "C:\cygwin\home\nsinha\original_ trunk\Debug\obj\libvpx\x86_csystemdependent.obj"
         "C:\cygwin\home\nsinha\original_ trunk\Debug\obj\libvpx\variance_sse2.obj"
         "C:\cygwin\home\nsinha\original_ trunk\Debug\obj\libvpx\setupintrarecon.obj"
         "C:\cygwin\home\nsinha\original_ trunk\Debug\obj\libvpx\treecoder.obj"
         "C:\cygwin\home\nsinha\original_ trunk\Debug\obj\libvpx\idctllm.obj"
         "C:\cygwin\home\nsinha\original_ trunk\Debug\obj\libvpx\blockd.obj"
         "C:\cygwin\home\nsinha\original_ trunk\Debug\obj\libvpx\extend.obj"
         "C:\cygwin\home\nsinha\original_ trunk\Debug\obj\libvpx\postproc.obj"
         "C:\cygwin\home\nsinha\original_ trunk\Debug\obj\libvpx\reconintra.obj"
         "C:\cygwin\home\nsinha\original_ trunk\Debug\obj\libvpx\modecontext.obj"
         "C:\cygwin\home\nsinha\original_ trunk\Debug\obj\libvpx\alloccommon.obj"
         "C:\cygwin\home\nsinha\original_ trunk\Debug\obj\libvpx\entropymode.obj"
         "C:\cygwin\home\nsinha\original_ trunk\Debug\obj\libvpx\invtrans.obj"
         "C:\cygwin\home\nsinha\original_ trunk\Debug\obj\libvpx\reconinter.obj"
         "C:\cygwin\home\nsinha\original_ trunk\Debug\obj\libvpx\findnearmv.obj"
         "C:\cygwin\home\nsinha\original_ trunk\Debug\obj\libvpx\entropy.obj"
         "C:\cygwin\home\nsinha\original_ trunk\Debug\obj\libvpx\swapyv12buffer.obj"
         "C:\cygwin\home\nsinha\original_ trunk\Debug\obj\libvpx\mbpitch.obj"
         "C:\cygwin\home\nsinha\original_ trunk\Debug\obj\libvpx\quant_common.obj"
         "C:\cygwin\home\nsinha\original_ trunk\Debug\obj\libvpx\modecont.obj"
         "C:\cygwin\home\nsinha\original_ trunk\Debug\obj\libvpx\reconintra4x4.obj"
         "C:\cygwin\home\nsinha\original_ trunk\Debug\obj\libvpx\loopfilter.obj"
         "C:\cygwin\home\nsinha\original_ trunk\Debug\obj\libvpx\debugmodes.obj"
         "C:\cygwin\home\nsinha\original_ trunk\Debug\obj\libvpx\filter.obj"
         "C:\cygwin\home\nsinha\original_ trunk\Debug\obj\libvpx\entropymv.obj"
         "C:\cygwin\home\nsinha\original_ trunk\Debug\obj\libvpx\loopfilter_filters.obj"
         "C:\cygwin\home\nsinha\original_ trunk\Debug\obj\libvpx\systemdependent.obj"
         "C:\cygwin\home\nsinha\original_ trunk\Debug\obj\libvpx\loopfilter_x86.obj"
         "C:\cygwin\home\nsinha\original_ trunk\Debug\obj\libvpx\x86_systemdependent.obj"
         "C:\cygwin\home\nsinha\original_ trunk\Debug\obj\libvpx\vp8_asm_stubs.obj"
         "C:\cygwin\home\nsinha\original_ trunk\Debug\obj\libvpx\recon_wrapper_sse2.obj"
         "C:\cygwin\home\nsinha\original_ trunk\Debug\obj\libvpx\idct_blk.obj"
         "C:\cygwin\home\nsinha\original_ trunk\Debug\obj\libvpx\threading.obj"
         "C:\cygwin\home\nsinha\original_ trunk\Debug\obj\libvpx\error_concealment.obj"
         "C:\cygwin\home\nsinha\original_ trunk\Debug\obj\libvpx\decodemv.obj"
         "C:\cygwin\home\nsinha\original_ trunk\Debug\obj\libvpx\reconintra_mt.obj"
         "C:\cygwin\home\nsinha\original_ trunk\Debug\obj\libvpx\dboolhuff.obj"
         "C:\cygwin\home\nsinha\original_ trunk\Debug\obj\libvpx\dequantize.obj"
         "C:\cygwin\home\nsinha\original_ trunk\Debug\obj\libvpx\decodframe.obj"
         "C:\cygwin\home\nsinha\original_ trunk\Debug\obj\libvpx\detokenize.obj"
         "C:\cygwin\home\nsinha\original_ trunk\Debug\obj\libvpx\onyxd_if.obj"
         "C:\cygwin\home\nsinha\original_ trunk\Debug\obj\libvpx\dsystemdependent.obj"
         "C:\cygwin\home\nsinha\original_ trunk\Debug\obj\libvpx\idct_blk_mmx.obj"
         "C:\cygwin\home\nsinha\original_ trunk\Debug\obj\libvpx\x86_dsystemdependent.obj"
         "C:\cygwin\home\nsinha\original_ trunk\Debug\obj\libvpx\idct_blk_sse2.obj"
         "C:\cygwin\home\nsinha\original_ trunk\Debug\obj\libvpx\vpx_decoder_compat.obj"
         "C:\cygwin\home\nsinha\original_ trunk\Debug\obj\libvpx\vpx_codec.obj"
         "C:\cygwin\home\nsinha\original_ trunk\Debug\obj\libvpx\vpx_image.obj"
         "C:\cygwin\home\nsinha\original_ trunk\Debug\obj\libvpx\vpx_encoder.obj"
         "C:\cygwin\home\nsinha\original_ trunk\Debug\obj\libvpx\vpx_decoder.obj" /ignore:4221 
         libvpx.vcxproj -> C:\cygwin\home\nsinha\original_ trunk\third_party\libvpx\../..\build\Debug\libvpx.lib
       FinalizeBuildStatus:
         Deleting file "C:\cygwin\home\nsinha\original_ trunk\Debug\obj\libvpx\libvpx.unsuccessfulbuild".
         Touching "C:\cygwin\home\nsinha\original_ trunk\Debug\obj\libvpx\libvpx.lastbuildstate".
     1>Done Building Project "C:\cygwin\home\nsinha\original_ trunk\third_party\libvpx\libvpx.vcxproj" (build target(s)).

Build succeeded.

Time Elapsed 00:00:14.40
