Build started 1/12/2012 9:01:30 PM.
     1>Project "C:\cygwin\home\nsinha\original_ trunk\third_party_mods\libjingle\libjingle_app.vcxproj" on node 2 (rebuild target(s)).
     1>InitializeBuildStatus:
         Creating "C:\cygwin\home\nsinha\original_ trunk\Debug\obj\libjingle_app\libjingle_app.unsuccessfulbuild" because "AlwaysCreate" was specified.
       ClCompile:
         C:\Program Files\Microsoft Visual Studio 10.0\VC\bin\CL.exe /c /I..\..\third_party\libyuv\include /I..\..\src /I..\..\third_party\libjingle\source /I..\..\third_party\expat\files /I..\third_party\platformsdk_win7\files\Include /I..\..\third_party\wtl\include /I..\..\third_party\expat\files\lib /I..\..\third_party\jsoncpp\include /I..\..\src\modules\video_capture\main\interface /I..\..\src\modules\interface /I..\..\src\common_video\libyuv\include /I..\..\src\modules\video_render\main\interface /I..\..\src\video_engine\main\interface /I..\..\src\voice_engine\main\interface /I..\..\src\system_wrappers\interface /I..\..\third_party\platformsdk_win7\files\Include /I..\..\third_party\directxsdk\files\Include /I"C:\Program Files\Microsoft Visual Studio 10.0\\VC\atlmfc\include" /Zi /nologo /W3 /WX- /Od /Oy- /D _DEBUG /D FEATURE_ENABLE_SSL /D FEATURE_ENABLE_VOICEMAIL /D _USE_32BIT_TIME_T /D SAFE_TO_DEFINE_TALK_BASE_LOGGING_MACROS /D EXPAT_RELATIVE_PATH /D JSONCPP_RELATIVE_PATH /D WEBRTC_RELATIVE_PATH /D HAVE_WEBRTC /D HAVE_WEBRTC_VIDEO /D HAVE_WEBRTC_VOICE /D _WIN32_WINNT=0x0601 /D WINVER=0x0601 /D WIN32 /D _WINDOWS /D NOMINMAX /D PSAPI_VERSION=1 /D _CRT_RAND_S /D CERT_CHAIN_PARA_HAS_EXTRA_FIELDS /D WIN32_LEAN_AND_MEAN /D _ATL_NO_OPENGL /D _HAS_EXCEPTIONS=0 /D _SECURE_ATL /D CHROMIUM_BUILD /D TOOLKIT_VIEWS=1 /D ENABLE_REMOTING=1 /D ENABLE_P2P_APIS=1 /D ENABLE_CONFIGURATION_POLICY /D ENABLE_INPUT_SPEECH /D ENABLE_GPU=1 /D ENABLE_EGLIMAGE=1 /D USE_SKIA=1 /D __STD_C /D _CRT_SECURE_NO_DEPRECATE /D _SCL_SECURE_NO_DEPRECATE /D ENABLE_REGISTER_PROTOCOL_HANDLER=1 /D XML_STATIC /D _CRT_SECURE_NO_WARNINGS /D _CRT_NONSTDC_NO_WARNINGS /D _CRT_NONSTDC_NO_DEPRECATE /D DYNAMIC_ANNOTATIONS_ENABLED=1 /D WTF_USE_DYNAMIC_ANNOTATIONS=1 /D _DEBUG /D _UNICODE /D UNICODE /Gm- /RTC1 /MTd /GS /Gy /fp:precise /Zc:wchar_t /Zc:forScope /GR- /Fo"C:\cygwin\home\nsinha\original_ trunk\Debug\obj\libjingle_app\\" /Fd"C:\cygwin\home\nsinha\original_ trunk\Debug\obj\libjingle_app\vc100.pdb" /Gd /TP /wd4351 /wd4396 /wd4503 /wd4819 /wd4100 /wd4121 /wd4125 /wd4127 /wd4130 /wd4131 /wd4189 /wd4201 /wd4238 /wd4244 /wd4245 /wd4310 /wd4355 /wd4428 /wd4481 /wd4505 /wd4510 /wd4512 /wd4530 /wd4610 /wd4611 /wd4701 /wd4702 /wd4706 /wd4800 /analyze- /errorReport:prompt ..\..\third_party\libjingle\source\talk\app\webrtc\peerconnectionfactory.cc ..\..\third_party\libjingle\source\talk\app\webrtc\webrtcjson.cc ..\..\third_party\libjingle\source\talk\app\webrtc\peerconnectionimpl.cc ..\..\third_party\libjingle\source\talk\app\webrtc\peerconnectionproxy.cc ..\..\third_party\libjingle\source\talk\app\webrtc\webrtcsession.cc /MP 
         peerconnectionfactory.cc
         webrtcjson.cc
         peerconnectionimpl.cc
         peerconnectionproxy.cc
         webrtcsession.cc
     1>C:\Program Files\MSBuild\Microsoft.Cpp\v4.0\Microsoft.CppBuild.targets(1151,5): warning MSB8012: TargetPath(C:\cygwin\home\nsinha\original_ trunk\third_party_mods\libjingle\../..\build\Debug\libjingle_app.lib) does not match the Library's OutputFile property value (C:\cygwin\home\nsinha\original_ trunk\build\Debug\lib\libjingle_app.lib). This may cause your project to build incorrectly. To correct this, please make sure that $(OutDir), $(TargetName) and $(TargetExt) property values match the value specified in %(Lib.OutputFile).
       Lib:
         C:\Program Files\Microsoft Visual Studio 10.0\VC\bin\Lib.exe /OUT:"../..\build\Debug\lib\libjingle_app.lib" /LIBPATH:../../third_party/platformsdk_win7/files/Lib /LIBPATH:../../third_party/directxsdk/files/Lib/x86 /NOLOGO "C:\cygwin\home\nsinha\original_ trunk\Debug\obj\libjingle_app\peerconnectionfactory.obj"
         "C:\cygwin\home\nsinha\original_ trunk\Debug\obj\libjingle_app\webrtcjson.obj"
         "C:\cygwin\home\nsinha\original_ trunk\Debug\obj\libjingle_app\peerconnectionimpl.obj"
         "C:\cygwin\home\nsinha\original_ trunk\Debug\obj\libjingle_app\peerconnectionproxy.obj"
         "C:\cygwin\home\nsinha\original_ trunk\Debug\obj\libjingle_app\webrtcsession.obj" /ignore:4221 
         libjingle_app.vcxproj -> C:\cygwin\home\nsinha\original_ trunk\third_party_mods\libjingle\../..\build\Debug\libjingle_app.lib
       FinalizeBuildStatus:
         Deleting file "C:\cygwin\home\nsinha\original_ trunk\Debug\obj\libjingle_app\libjingle_app.unsuccessfulbuild".
         Touching "C:\cygwin\home\nsinha\original_ trunk\Debug\obj\libjingle_app\libjingle_app.lastbuildstate".
     1>Done Building Project "C:\cygwin\home\nsinha\original_ trunk\third_party_mods\libjingle\libjingle_app.vcxproj" (rebuild target(s)).

Build succeeded.

Time Elapsed 00:00:23.14
