Build started 1/12/2012 9:03:13 PM.
     1>Project "C:\cygwin\home\nsinha\original_ trunk\peerconnection\peerconnection_server.vcxproj" on node 2 (rebuild target(s)).
     1>_PrepareForClean:
         Deleting file "C:\cygwin\home\nsinha\original_ trunk\Debug\obj\peerconnection_server\peerconnection_server.lastbuildstate".
     1>C:\Program Files\MSBuild\Microsoft.Cpp\v4.0\Microsoft.CppClean.targets(74,5): warning : Access to the path 'C:\CYGWIN\HOME\NSINHA\TRUNK\BUILD\DEBUG\PEERCONNECTION_SERVER.EXE' is denied.
       InitializeBuildStatus:
         Creating "C:\cygwin\home\nsinha\original_ trunk\Debug\obj\peerconnection_server\peerconnection_server.unsuccessfulbuild" because "AlwaysCreate" was specified.
       ClCompile:
         C:\Program Files\Microsoft Visual Studio 10.0\VC\bin\CL.exe /c /I..\src /I.. /I..\third_party\wtl\include /I..\third_party\platformsdk_win7\files\Include /I..\third_party\directxsdk\files\Include /I"C:\Program Files\Microsoft Visual Studio 10.0\\VC\atlmfc\include" /Zi /nologo /W4 /WX- /Od /Oy- /D _DEBUG /D _WIN32_WINNT=0x0601 /D WINVER=0x0601 /D WIN32 /D _WINDOWS /D NOMINMAX /D PSAPI_VERSION=1 /D _CRT_RAND_S /D CERT_CHAIN_PARA_HAS_EXTRA_FIELDS /D WIN32_LEAN_AND_MEAN /D _ATL_NO_OPENGL /D _HAS_EXCEPTIONS=0 /D _SECURE_ATL /D CHROMIUM_BUILD /D TOOLKIT_VIEWS=1 /D ENABLE_REMOTING=1 /D ENABLE_P2P_APIS=1 /D ENABLE_CONFIGURATION_POLICY /D ENABLE_INPUT_SPEECH /D ENABLE_GPU=1 /D ENABLE_EGLIMAGE=1 /D USE_SKIA=1 /D __STD_C /D _CRT_SECURE_NO_DEPRECATE /D _SCL_SECURE_NO_DEPRECATE /D ENABLE_REGISTER_PROTOCOL_HANDLER=1 /D WEBRTC_TARGET_PC /D __STDC_FORMAT_MACROS /D DYNAMIC_ANNOTATIONS_ENABLED=1 /D WTF_USE_DYNAMIC_ANNOTATIONS=1 /D _UNICODE /D UNICODE /Gm- /RTC1 /MTd /GS /Gy /fp:precise /Zc:wchar_t /Zc:forScope /GR- /Fo"C:\cygwin\home\nsinha\original_ trunk\Debug\obj\peerconnection_server\\" /Fd"C:\cygwin\home\nsinha\original_ trunk\Debug\obj\peerconnection_server\vc100.pdb" /Gd /TP /wd4351 /wd4396 /wd4503 /wd4819 /wd4100 /wd4121 /wd4125 /wd4127 /wd4130 /wd4131 /wd4189 /wd4201 /wd4238 /wd4244 /wd4245 /wd4310 /wd4355 /wd4428 /wd4481 /wd4505 /wd4510 /wd4512 /wd4530 /wd4610 /wd4611 /wd4701 /wd4702 /wd4706 /wd4389 /analyze- /errorReport:prompt samples\server\main.cc samples\server\data_socket.cc samples\server\utils.cc samples\server\peer_channel.cc /MP /we4389 
         main.cc
         data_socket.cc
         utils.cc
         peer_channel.cc
       ManifestResourceCompile:
         C:\Program Files\Microsoft SDKs\Windows\v7.0A\bin\rc.exe /nologo /fo"C:\cygwin\home\nsinha\original_ trunk\Debug\obj\peerconnection_server\peerconnection_server.exe.embed.manifest.res" "C:\cygwin\home\nsinha\original_ trunk\Debug\obj\peerconnection_server\peerconnection_server_manifest.rc" 
       Link:
         C:\Program Files\Microsoft Visual Studio 10.0\VC\bin\link.exe /ERRORREPORT:PROMPT /OUT:"..\build\Debug\peerconnection_server.exe" /INCREMENTAL /NOLOGO /LIBPATH:../third_party/platformsdk_win7/files/Lib /LIBPATH:../third_party/directxsdk/files/Lib/x86 wininet.lib dnsapi.lib version.lib msimg32.lib ws2_32.lib usp10.lib psapi.lib dbghelp.lib winmm.lib shlwapi.lib kernel32.lib user32.lib gdi32.lib winspool.lib comdlg32.lib advapi32.lib shell32.lib ole32.lib oleaut32.lib uuid.lib odbc32.lib odbccp32.lib Delayimp.lib /DELAYLOAD:dbghelp.dll /DELAYLOAD:dwmapi.dll /DELAYLOAD:uxtheme.dll /MANIFEST /ManifestFile:"C:\cygwin\home\nsinha\original_ trunk\Debug\obj\peerconnection_server\peerconnection_server.exe.intermediate.manifest" /MANIFESTUAC:"level='asInvoker' uiAccess='false'" /DEBUG /PDB:"C:\cygwin\home\nsinha\original_ trunk\build\Debug\peerconnection_server.pdb" /SUBSYSTEM:CONSOLE /TLBID:1 /DYNAMICBASE:NO /FIXED:NO /NXCOMPAT /IMPLIB:"..\build\Debug\lib\peerconnection_server.lib" /MACHINE:X86 "C:\cygwin\home\nsinha\original_ trunk\Debug\obj\peerconnection_server\peerconnection_server.exe.embed.manifest.res"
         "C:\cygwin\home\nsinha\original_ trunk\Debug\obj\peerconnection_server\main.obj"
         "C:\cygwin\home\nsinha\original_ trunk\Debug\obj\peerconnection_server\data_socket.obj"
         "C:\cygwin\home\nsinha\original_ trunk\Debug\obj\peerconnection_server\utils.obj"
         "C:\cygwin\home\nsinha\original_ trunk\Debug\obj\peerconnection_server\peer_channel.obj" /safeseh /dynamicbase /ignore:4199 /ignore:4221 /nxcompat 
       Manifest:
         Deleting file "C:\cygwin\home\nsinha\original_ trunk\Debug\obj\peerconnection_server\peerconnection_server.exe.embed.manifest".
         C:\Program Files\Microsoft SDKs\Windows\v7.0A\bin\mt.exe /nologo /verbose /out:"C:\cygwin\home\nsinha\original_ trunk\Debug\obj\peerconnection_server\peerconnection_server.exe.embed.manifest" /manifest "C:\cygwin\home\nsinha\original_ trunk\Debug\obj\peerconnection_server\peerconnection_server.exe.intermediate.manifest"
         C:\Program Files\Microsoft SDKs\Windows\v7.0A\bin\rc.exe /nologo /fo"C:\cygwin\home\nsinha\original_ trunk\Debug\obj\peerconnection_server\peerconnection_server.exe.embed.manifest.res" "C:\cygwin\home\nsinha\original_ trunk\Debug\obj\peerconnection_server\peerconnection_server_manifest.rc" 
       LinkEmbedManifest:
         C:\Program Files\Microsoft Visual Studio 10.0\VC\bin\link.exe /ERRORREPORT:PROMPT /OUT:"..\build\Debug\peerconnection_server.exe" /INCREMENTAL /NOLOGO /LIBPATH:../third_party/platformsdk_win7/files/Lib /LIBPATH:../third_party/directxsdk/files/Lib/x86 wininet.lib dnsapi.lib version.lib msimg32.lib ws2_32.lib usp10.lib psapi.lib dbghelp.lib winmm.lib shlwapi.lib kernel32.lib user32.lib gdi32.lib winspool.lib comdlg32.lib advapi32.lib shell32.lib ole32.lib oleaut32.lib uuid.lib odbc32.lib odbccp32.lib Delayimp.lib /DELAYLOAD:dbghelp.dll /DELAYLOAD:dwmapi.dll /DELAYLOAD:uxtheme.dll /MANIFEST /ManifestFile:"C:\cygwin\home\nsinha\original_ trunk\Debug\obj\peerconnection_server\peerconnection_server.exe.intermediate.manifest" /MANIFESTUAC:"level='asInvoker' uiAccess='false'" /DEBUG /PDB:"C:\cygwin\home\nsinha\original_ trunk\build\Debug\peerconnection_server.pdb" /SUBSYSTEM:CONSOLE /TLBID:1 /DYNAMICBASE:NO /FIXED:NO /NXCOMPAT /IMPLIB:"..\build\Debug\lib\peerconnection_server.lib" /MACHINE:X86 "C:\cygwin\home\nsinha\original_ trunk\Debug\obj\peerconnection_server\peerconnection_server.exe.embed.manifest.res"
         "C:\cygwin\home\nsinha\original_ trunk\Debug\obj\peerconnection_server\main.obj"
         "C:\cygwin\home\nsinha\original_ trunk\Debug\obj\peerconnection_server\data_socket.obj"
         "C:\cygwin\home\nsinha\original_ trunk\Debug\obj\peerconnection_server\utils.obj"
         "C:\cygwin\home\nsinha\original_ trunk\Debug\obj\peerconnection_server\peer_channel.obj" /safeseh /dynamicbase /ignore:4199 /ignore:4221 /nxcompat 
         peerconnection_server.vcxproj -> C:\cygwin\home\nsinha\original_ trunk\peerconnection\..\build\Debug\peerconnection_server.exe
       FinalizeBuildStatus:
         Deleting file "C:\cygwin\home\nsinha\original_ trunk\Debug\obj\peerconnection_server\peerconnection_server.unsuccessfulbuild".
         Touching "C:\cygwin\home\nsinha\original_ trunk\Debug\obj\peerconnection_server\peerconnection_server.lastbuildstate".
     1>Done Building Project "C:\cygwin\home\nsinha\original_ trunk\peerconnection\peerconnection_server.vcxproj" (rebuild target(s)).

Build succeeded.

Time Elapsed 00:00:07.40
