..\build\Debug\peerconnection_server.ilk
..\build\Debug\peerconnection_server.pdb
C:\cygwin\home\nsinha\original_ trunk\Debug\obj\peerconnection_server\CL.3824.read.1.tlog
C:\cygwin\home\nsinha\original_ trunk\Debug\obj\peerconnection_server\CL.3824.write.1.tlog
C:\cygwin\home\nsinha\original_ trunk\Debug\obj\peerconnection_server\CL.4748.read.1.tlog
C:\cygwin\home\nsinha\original_ trunk\Debug\obj\peerconnection_server\CL.4748.write.1.tlog
C:\cygwin\home\nsinha\original_ trunk\Debug\obj\peerconnection_server\CL.4804.read.1.tlog
C:\cygwin\home\nsinha\original_ trunk\Debug\obj\peerconnection_server\CL.4804.write.1.tlog
C:\cygwin\home\nsinha\original_ trunk\Debug\obj\peerconnection_server\CL.5192.read.1.tlog
C:\cygwin\home\nsinha\original_ trunk\Debug\obj\peerconnection_server\CL.5192.write.1.tlog
C:\cygwin\home\nsinha\original_ trunk\Debug\obj\peerconnection_server\cl.command.1.tlog
C:\cygwin\home\nsinha\original_ trunk\Debug\obj\peerconnection_server\CL.read.1.tlog
C:\cygwin\home\nsinha\original_ trunk\Debug\obj\peerconnection_server\cl.write.1.tlog
C:\cygwin\home\nsinha\original_ trunk\Debug\obj\peerconnection_server\data_socket.obj
C:\cygwin\home\nsinha\original_ trunk\Debug\obj\peerconnection_server\link.3884.read.1.tlog
C:\cygwin\home\nsinha\original_ trunk\Debug\obj\peerconnection_server\link.3884.write.1.tlog
C:\cygwin\home\nsinha\original_ trunk\Debug\obj\peerconnection_server\link.3884-cvtres.read.1.tlog
C:\cygwin\home\nsinha\original_ trunk\Debug\obj\peerconnection_server\link.3884-cvtres.write.1.tlog
C:\cygwin\home\nsinha\original_ trunk\Debug\obj\peerconnection_server\link.command.1.tlog
C:\cygwin\home\nsinha\original_ trunk\Debug\obj\peerconnection_server\link.read.1.tlog
C:\cygwin\home\nsinha\original_ trunk\Debug\obj\peerconnection_server\link.write.1.tlog
C:\cygwin\home\nsinha\original_ trunk\Debug\obj\peerconnection_server\link-cvtres.read.1.tlog
C:\cygwin\home\nsinha\original_ trunk\Debug\obj\peerconnection_server\link-cvtres.write.1.tlog
C:\cygwin\home\nsinha\original_ trunk\Debug\obj\peerconnection_server\main.obj
C:\cygwin\home\nsinha\original_ trunk\Debug\obj\peerconnection_server\mt.command.1.tlog
C:\cygwin\home\nsinha\original_ trunk\Debug\obj\peerconnection_server\mt.read.1.tlog
C:\cygwin\home\nsinha\original_ trunk\Debug\obj\peerconnection_server\mt.write.1.tlog
C:\cygwin\home\nsinha\original_ trunk\Debug\obj\peerconnection_server\peer_channel.obj
C:\cygwin\home\nsinha\original_ trunk\Debug\obj\peerconnection_server\peerconnection_server.exe.embed.manifest
C:\cygwin\home\nsinha\original_ trunk\Debug\obj\peerconnection_server\peerconnection_server.exe.embed.manifest.res
C:\cygwin\home\nsinha\original_ trunk\Debug\obj\peerconnection_server\peerconnection_server.exe.intermediate.manifest
C:\cygwin\home\nsinha\original_ trunk\Debug\obj\peerconnection_server\peerconnection_server_manifest.rc
C:\cygwin\home\nsinha\original_ trunk\Debug\obj\peerconnection_server\rc.command.1.tlog
C:\cygwin\home\nsinha\original_ trunk\Debug\obj\peerconnection_server\rc.read.1.tlog
C:\cygwin\home\nsinha\original_ trunk\Debug\obj\peerconnection_server\rc.write.1.tlog
C:\cygwin\home\nsinha\original_ trunk\Debug\obj\peerconnection_server\utils.obj
C:\cygwin\home\nsinha\original_ trunk\Debug\obj\peerconnection_server\vc100.pdb
C:\cygwin\home\nsinha\original_ trunk\peerconnection\..\build\Debug\peerconnection_server.exe
C:\CYGWIN\HOME\NSINHA\TRUNK\BUILD\DEBUG\PEERCONNECTION_SERVER.EXE
C:\CYGWIN\HOME\NSINHA\TRUNK\BUILD\DEBUG\PEERCONNECTION_SERVER.ILK
C:\CYGWIN\HOME\NSINHA\TRUNK\BUILD\DEBUG\PEERCONNECTION_SERVER.PDB
C:\CYGWIN\HOME\NSINHA\TRUNK\DEBUG\OBJ\PEERCONNECTION_SERVER\DATA_SOCKET.OBJ
C:\CYGWIN\HOME\NSINHA\TRUNK\DEBUG\OBJ\PEERCONNECTION_SERVER\MAIN.OBJ
C:\CYGWIN\HOME\NSINHA\TRUNK\DEBUG\OBJ\PEERCONNECTION_SERVER\PEER_CHANNEL.OBJ
C:\CYGWIN\HOME\NSINHA\TRUNK\DEBUG\OBJ\PEERCONNECTION_SERVER\PEERCONNECTION_SERVER.EXE.EMBED.MANIFEST
C:\CYGWIN\HOME\NSINHA\TRUNK\DEBUG\OBJ\PEERCONNECTION_SERVER\PEERCONNECTION_SERVER.EXE.EMBED.MANIFEST.RES
C:\CYGWIN\HOME\NSINHA\TRUNK\DEBUG\OBJ\PEERCONNECTION_SERVER\PEERCONNECTION_SERVER.EXE.INTERMEDIATE.MANIFEST
C:\CYGWIN\HOME\NSINHA\TRUNK\DEBUG\OBJ\PEERCONNECTION_SERVER\UTILS.OBJ
C:\CYGWIN\HOME\NSINHA\TRUNK\DEBUG\OBJ\PEERCONNECTION_SERVER\VC100.PDB
